<?xml version="1.0" encoding="UTF-8"?>
<testsuite name="(empty)"
	tests="85"
	failures="9"
	disabled="0"
	skipped="0"
	hostname=""
	time="133"
	timestamp="2026-05-28T15:37:34"
	>
	<testcase name="coverage-vxworks-binsem" classname="coverage-vxworks-binsem" time="0.000996042" status="run">
		<properties/>
		<system-out>
[BEGIN] UNIT TEST

[BEGIN] 01 SETUP
[  END] No test cases

[BEGIN] 01 OS_VxWorks_BinSemAPI_Impl_Init
[ PASS] 01.001 coveragetest-binsem.c:42 - UT_Call_OS_VxWorks_BinSemAPI_Impl_Init() (0) == OS_SUCCESS (0)
[ INFO]                        ABORT::0     WARN::0     FLOW::0     DEBUG::0     N/A::0   
[  END] 01 OS_VxWorks_BinSemAPI_Impl_Init TOTAL::1     PASS::1     FAIL::0     MIR::0     TSF::0     TTF::0   

[BEGIN] 02 OS_BinSemCreate_Impl
[ PASS] 02.001 coveragetest-binsem.c:53 - OS_BinSemCreate_Impl(&amp;token, 0, 0) (0) == OS_SUCCESS (0)
[ PASS] 02.002 coveragetest-binsem.c:56 - OS_BinSemCreate_Impl(&amp;token, 0, 0) (-6) == OS_SEM_FAILURE (-6)
[ INFO]                        ABORT::0     WARN::0     FLOW::0     DEBUG::0     N/A::0   
[  END] 02 OS_BinSemCreate_Impl TOTAL::2     PASS::2     FAIL::0     MIR::0     TSF::0     TTF::0   

[BEGIN] 03 OS_BinSemDelete_Impl
[ PASS] 03.001 coveragetest-binsem.c:67 - OS_BinSemDelete_Impl(&amp;token) (0) == OS_SUCCESS (0)
[ INFO]                        ABORT::0     WARN::0     FLOW...
[This part of the test output was removed since it exceeds the threshold of 1024 bytes.]
</system-out>
	</testcase>
	<testcase name="coverage-vxworks-common" classname="coverage-vxworks-common" time="0.00100379" status="run">
		<properties/>
		<system-out>
[BEGIN] UNIT TEST

[BEGIN] 01 SETUP
[  END] No test cases

[BEGIN] 01 OS_API_Impl_Init
[ PASS] 01.001 coveragetest-common.c:42 - OS_API_Impl_Init(0) (0) == OS_SUCCESS (0)
[ PASS] 01.002 coveragetest-common.c:44 - OS_API_Impl_Init(OS_OBJECT_TYPE_OS_TASK) (-1) == OS_ERROR (-1)
[ PASS] 01.003 coveragetest-common.c:46 - OS_API_Impl_Init(OS_OBJECT_TYPE_OS_TASK) (0) == OS_SUCCESS (0)
[ PASS] 01.004 coveragetest-common.c:47 - OS_API_Impl_Init(OS_OBJECT_TYPE_OS_QUEUE) (0) == OS_SUCCESS (0)
[ PASS] 01.005 coveragetest-common.c:48 - OS_API_Impl_Init(OS_OBJECT_TYPE_OS_BINSEM) (0) == OS_SUCCESS (0)
[ PASS] 01.006 coveragetest-common.c:49 - OS_API_Impl_Init(OS_OBJECT_TYPE_OS_COUNTSEM) (0) == OS_SUCCESS (0)
[ PASS] 01.007 coveragetest-common.c:50 - OS_API_Impl_Init(OS_OBJECT_TYPE_OS_MUTEX) (0) == OS_SUCCESS (0)
[ PASS] 01.008 coveragetest-common.c:51 - OS_API_Impl_Init(OS_OBJECT_TYPE_OS_MODULE) (0) == OS_SUCCESS (0)
[ PASS] 01.009 coveragetest-common.c:52 - OS_API_Impl_Init(OS_OBJECT_TYPE_OS_TIMEBASE) (0) == OS_SUCCESS (0...
[This part of the test output was removed since it exceeds the threshold of 1024 bytes.]
</system-out>
	</testcase>
	<testcase name="coverage-vxworks-console" classname="coverage-vxworks-console" time="0.000879875" status="run">
		<properties/>
		<system-out>
[BEGIN] UNIT TEST

[BEGIN] 01 SETUP
[  END] No test cases

[BEGIN] 01 OS_ConsoleCreate_Impl
[ PASS] 01.001 coveragetest-console.c:62 - OS_ConsoleCreate_Impl(&amp;token) (0) == OS_SUCCESS (0)
[ PASS] 01.002 coveragetest-console.c:63 - CallCount: OCS_taskSpawn() (0) == 0 (0)
[ PASS] 01.003 coveragetest-console.c:67 - OS_ConsoleCreate_Impl(&amp;token) (0) == OS_SUCCESS (0)
[ PASS] 01.004 coveragetest-console.c:68 - CallCount: OCS_taskSpawn() (1) == 1 (1)
[ PASS] 01.005 coveragetest-console.c:71 - OS_ConsoleCreate_Impl(&amp;token) (-6) == OS_SEM_FAILURE (-6)
[ PASS] 01.006 coveragetest-console.c:75 - OS_ConsoleCreate_Impl(&amp;token) (-1) == OS_ERROR (-1)
[ PASS] 01.007 coveragetest-console.c:79 - OS_ConsoleCreate_Impl(&amp;token) (-28) == OS_ERR_NOT_IMPLEMENTED (-28)
[ INFO]                        ABORT::0     WARN::0     FLOW::0     DEBUG::0     N/A::0   
[  END] 01 OS_ConsoleCreate_Impl TOTAL::7     PASS::7     FAIL::0     MIR::0     TSF::0     TTF::0   

[BEGIN] 02 OS_ConsoleWakeup_Impl
[ PASS] 02.001 coveragetest-console.c:47 ...
[This part of the test output was removed since it exceeds the threshold of 1024 bytes.]
</system-out>
	</testcase>
	<testcase name="coverage-vxworks-countsem" classname="coverage-vxworks-countsem" time="0.00101546" status="run">
		<properties/>
		<system-out>
[BEGIN] UNIT TEST

[BEGIN] 01 SETUP
[  END] No test cases

[BEGIN] 01 OS_VxWorks_CountSemAPI_Impl_Init
[ PASS] 01.001 coveragetest-countsem.c:38 - UT_Call_OS_VxWorks_CountSemAPI_Impl_Init() (0) == OS_SUCCESS (0)
[ INFO]                        ABORT::0     WARN::0     FLOW::0     DEBUG::0     N/A::0   
[  END] 01 OS_VxWorks_CountSemAPI_Impl_Init TOTAL::1     PASS::1     FAIL::0     MIR::0     TSF::0     TTF::0   

[BEGIN] 02 OS_CountSemCreate_Impl
[ PASS] 02.001 coveragetest-countsem.c:49 - OS_CountSemCreate_Impl(&amp;token, 0, 0) (0) == OS_SUCCESS (0)
[ PASS] 02.002 coveragetest-countsem.c:52 - OS_CountSemCreate_Impl(&amp;token, 0, 0) (-6) == OS_SEM_FAILURE (-6)
[ INFO]                        ABORT::0     WARN::0     FLOW::0     DEBUG::0     N/A::0   
[  END] 02 OS_CountSemCreate_Impl TOTAL::2     PASS::2     FAIL::0     MIR::0     TSF::0     TTF::0   

[BEGIN] 03 OS_CountSemDelete_Impl
[ PASS] 03.001 coveragetest-countsem.c:63 - OS_CountSemDelete_Impl(&amp;token) (0) == OS_SUCCESS (0)
[ INFO]                        ABO...
[This part of the test output was removed since it exceeds the threshold of 1024 bytes.]
</system-out>
	</testcase>
	<testcase name="coverage-vxworks-dirs-globals" classname="coverage-vxworks-dirs-globals" time="0.00104237" status="run">
		<properties/>
		<system-out>
[BEGIN] UNIT TEST

[BEGIN] 01 SETUP
[  END] No test cases

[BEGIN] 01 OS_VxWorks_DirAPI_Impl_Init
[ PASS] 01.001 coveragetest-dirs-globals.c:43 - UT_Call_OS_VxWorks_DirAPI_Impl_Init() (0) == OS_SUCCESS (0)
[ INFO]                        ABORT::0     WARN::0     FLOW::0     DEBUG::0     N/A::0   
[  END] 01 OS_VxWorks_DirAPI_Impl_Init TOTAL::1     PASS::1     FAIL::0     MIR::0     TSF::0     TTF::0   
COMPLETE: 1 tests Segment(s) executed

</system-out>
	</testcase>
	<testcase name="coverage-vxworks-files" classname="coverage-vxworks-files" time="0.00132079" status="run">
		<properties/>
		<system-out>
[BEGIN] UNIT TEST

[BEGIN] 01 SETUP
[  END] No test cases

[BEGIN] 01 OS_VxWorks_StreamAPI_Impl_Init
[ PASS] 01.001 coveragetest-files.c:42 - UT_Call_OS_VxWorks_StreamAPI_Impl_Init() (0) == OS_SUCCESS (0)
[ INFO]                        ABORT::0     WARN::0     FLOW::0     DEBUG::0     N/A::0   
[  END] 01 OS_VxWorks_StreamAPI_Impl_Init TOTAL::1     PASS::1     FAIL::0     MIR::0     TSF::0     TTF::0   
COMPLETE: 1 tests Segment(s) executed

</system-out>
	</testcase>
	<testcase name="coverage-vxworks-filesys" classname="coverage-vxworks-filesys" time="0.000976458" status="run">
		<properties/>
		<system-out>
[BEGIN] UNIT TEST

[BEGIN] 01 SETUP
[  END] No test cases

[BEGIN] 01 OS_FileSysStartVolume_Impl
[ PASS] 01.001 coveragetest-filesys.c:53 - OS_FileSysStartVolume_Impl(&amp;token) (-28) == OS_ERR_NOT_IMPLEMENTED (-28)
[ PASS] 01.002 coveragetest-filesys.c:57 - OS_FileSysStartVolume_Impl(&amp;token) (0) == OS_SUCCESS (0)
[ PASS] 01.003 coveragetest-filesys.c:63 - OS_FileSysStartVolume_Impl(&amp;token) (-106) == OS_FS_ERR_DRIVE_NOT_CREATED (-106)
[ PASS] 01.004 coveragetest-filesys.c:67 - OS_FileSysStartVolume_Impl(&amp;token) (0) == OS_SUCCESS (0)
[ PASS] 01.005 coveragetest-filesys.c:78 - OS_FileSysStartVolume_Impl(&amp;token) (-28) == expected (-28)
[ PASS] 01.006 coveragetest-filesys.c:83 - OS_FileSysStartVolume_Impl(&amp;token) (-106) == OS_FS_ERR_DRIVE_NOT_CREATED (-106)
[ PASS] 01.007 coveragetest-filesys.c:87 - OS_FileSysStartVolume_Impl(&amp;token) (-106) == OS_FS_ERR_DRIVE_NOT_CREATED (-106)
[ INFO]                        ABORT::0     WARN::0     FLOW::0     DEBUG::0     N/A::0   
[  END] 01 OS_FileSysStartVolume_Impl TOTAL::7  ...
[This part of the test output was removed since it exceeds the threshold of 1024 bytes.]
</system-out>
	</testcase>
	<testcase name="coverage-vxworks-idmap" classname="coverage-vxworks-idmap" time="0.00240612" status="run">
		<properties/>
		<system-out>
[BEGIN] UNIT TEST

[BEGIN] 01 SETUP
[  END] No test cases

[BEGIN] 01 OS_Lock_Global_Impl
[ PASS] 01.001 coveragetest-idmap.c:45 - CallCount: OCS_semTake() (1) == 1 (1)
[ PASS] 01.002 coveragetest-idmap.c:49 - CallCount: OCS_semTake() (1) == 1 (1)
[ INFO]                        ABORT::0     WARN::0     FLOW::0     DEBUG::0     N/A::0   
[  END] 01 OS_Lock_Global_Impl  TOTAL::2     PASS::2     FAIL::0     MIR::0     TSF::0     TTF::0   

[BEGIN] 02 OS_Unlock_Global_Impl
[ PASS] 02.001 coveragetest-idmap.c:64 - CallCount: OCS_semGive() (1) == 1 (1)
[ PASS] 02.002 coveragetest-idmap.c:68 - CallCount: OCS_semGive() (1) == 1 (1)
[ INFO]                        ABORT::0     WARN::0     FLOW::0     DEBUG::0     N/A::0   
[  END] 02 OS_Unlock_Global_Impl TOTAL::2     PASS::2     FAIL::0     MIR::0     TSF::0     TTF::0   

[BEGIN] 03 OS_API_Impl_Init
[ PASS] 03.001 coveragetest-idmap.c:80 - UT_Call_OS_VxWorks_TableMutex_Init(0) (0) == OS_SUCCESS (0)
[ PASS] 03.002 coveragetest-idmap.c:82 - UT_Call_OS_VxWorks_TableMut...
[This part of the test output was removed since it exceeds the threshold of 1024 bytes.]
</system-out>
	</testcase>
	<testcase name="coverage-vxworks-heap" classname="coverage-vxworks-heap" time="0.000854583" status="run">
		<properties/>
		<system-out>
[BEGIN] UNIT TEST

[BEGIN] 01 SETUP
[  END] No test cases

[BEGIN] 01 OS_HeapGetInfo_Impl
[ PASS] 01.001 coveragetest-heap.c:39 - OS_HeapGetInfo_Impl(&amp;heap_prop) (0) == OS_SUCCESS (0)
[ PASS] 01.002 coveragetest-heap.c:42 - OS_HeapGetInfo_Impl(&amp;heap_prop) (-1) == OS_ERROR (-1)
[ INFO]                        ABORT::0     WARN::0     FLOW::0     DEBUG::0     N/A::0   
[  END] 01 OS_HeapGetInfo_Impl  TOTAL::2     PASS::2     FAIL::0     MIR::0     TSF::0     TTF::0   
COMPLETE: 1 tests Segment(s) executed

</system-out>
	</testcase>
	<testcase name="coverage-vxworks-loader" classname="coverage-vxworks-loader" time="0.00194017" status="run">
		<properties/>
		<system-out>
[BEGIN] UNIT TEST

[BEGIN] 01 SETUP
[  END] No test cases

[BEGIN] 01 OS_VxWorks_ModuleAPI_Impl_Init
[ PASS] 01.001 coveragetest-loader.c:43 - UT_Call_OS_VxWorks_ModuleAPI_Impl_Init() (0) == OS_SUCCESS (0)
[ INFO]                        ABORT::0     WARN::0     FLOW::0     DEBUG::0     N/A::0   
[  END] 01 OS_VxWorks_ModuleAPI_Impl_Init TOTAL::1     PASS::1     FAIL::0     MIR::0     TSF::0     TTF::0   

[BEGIN] 02 OS_ModuleLoad_Impl
[ PASS] 02.001 coveragetest-loader.c:53 - OS_ModuleLoad_Impl(&amp;token, "local") (0) == OS_SUCCESS (0)
[ PASS] 02.002 coveragetest-loader.c:55 - OS_ModuleLoad_Impl(&amp;token, "local") (-1) == OS_ERROR (-1)
[ PASS] 02.003 coveragetest-loader.c:58 - OS_ModuleLoad_Impl(&amp;token, "local") (-1) == OS_ERROR (-1)
[ INFO]                        ABORT::0     WARN::0     FLOW::0     DEBUG::0     N/A::0   
[  END] 02 OS_ModuleLoad_Impl   TOTAL::3     PASS::3     FAIL::0     MIR::0     TSF::0     TTF::0   

[BEGIN] 03 OS_ModuleUnload_Impl
[ PASS] 03.001 coveragetest-loader.c:69 - OS_ModuleUnload_I...
[This part of the test output was removed since it exceeds the threshold of 1024 bytes.]
</system-out>
	</testcase>
	<testcase name="coverage-vxworks-mutex" classname="coverage-vxworks-mutex" time="0.000871292" status="run">
		<properties/>
		<system-out>
[BEGIN] UNIT TEST

[BEGIN] 01 SETUP
[  END] No test cases

[BEGIN] 01 OS_VxWorks_MutexAPI_Impl_Init
[ PASS] 01.001 coveragetest-mutex.c:35 - UT_Call_OS_VxWorks_MutexAPI_Impl_Init() (0) == OS_SUCCESS (0)
[ INFO]                        ABORT::0     WARN::0     FLOW::0     DEBUG::0     N/A::0   
[  END] 01 OS_VxWorks_MutexAPI_Impl_Init TOTAL::1     PASS::1     FAIL::0     MIR::0     TSF::0     TTF::0   

[BEGIN] 02 OS_MutSemCreate_Impl
[ PASS] 02.001 coveragetest-mutex.c:46 - OS_MutSemCreate_Impl(&amp;token, 0) (0) == OS_SUCCESS (0)
[ PASS] 02.002 coveragetest-mutex.c:49 - OS_MutSemCreate_Impl(&amp;token, 0) (-6) == OS_SEM_FAILURE (-6)
[ INFO]                        ABORT::0     WARN::0     FLOW::0     DEBUG::0     N/A::0   
[  END] 02 OS_MutSemCreate_Impl TOTAL::2     PASS::2     FAIL::0     MIR::0     TSF::0     TTF::0   

[BEGIN] 03 OS_MutSemDelete_Impl
[ PASS] 03.001 coveragetest-mutex.c:60 - OS_MutSemDelete_Impl(&amp;token) (0) == OS_SUCCESS (0)
[ INFO]                        ABORT::0     WARN::0     FLOW::0     DEBUG...
[This part of the test output was removed since it exceeds the threshold of 1024 bytes.]
</system-out>
	</testcase>
	<testcase name="coverage-vxworks-network" classname="coverage-vxworks-network" time="0.00142508" status="run">
		<properties/>
		<system-out>
[BEGIN] UNIT TEST

[BEGIN] 01 SETUP
[  END] No test cases

[BEGIN] 01 OS_NetworkGetID_Impl
[ PASS] 01.001 coveragetest-network.c:62 - OS_NetworkGetID_Impl(&amp;IdBuf) (0) == OS_SUCCESS (0)
[ PASS] 01.002 coveragetest-network.c:63 - IdBuf (1234) == 1234
[ PASS] 01.003 coveragetest-network.c:66 - OS_NetworkGetID_Impl(&amp;IdBuf) (-1) == OS_ERROR (-1)
[ PASS] 01.004 coveragetest-network.c:69 - OS_NetworkGetID_Impl(&amp;IdBuf) (-1) == OS_ERROR (-1)
[ INFO]                        ABORT::0     WARN::0     FLOW::0     DEBUG::0     N/A::0   
[  END] 01 OS_NetworkGetID_Impl TOTAL::4     PASS::4     FAIL::0     MIR::0     TSF::0     TTF::0   

[BEGIN] 02 OS_NetworkGetHostName_Impl
[ PASS] 02.001 coveragetest-network.c:47 - OS_NetworkGetHostName_Impl(buffer, sizeof(buffer)) (0) == OS_SUCCESS (0)
[ PASS] 02.002 coveragetest-network.c:49 - OS_NetworkGetHostName_Impl(buffer, sizeof(buffer)) (-1) == OS_ERROR (-1)
[ INFO]                        ABORT::0     WARN::0     FLOW::0     DEBUG::0     N/A::0   
[  END] 02 OS_NetworkGetHostName...
[This part of the test output was removed since it exceeds the threshold of 1024 bytes.]
</system-out>
	</testcase>
	<testcase name="coverage-vxworks-queues" classname="coverage-vxworks-queues" time="0.00135458" status="run">
		<properties/>
		<system-out>
[BEGIN] UNIT TEST

[BEGIN] 01 SETUP
[  END] No test cases

[BEGIN] 01 OS_VxWorks_QueueAPI_Impl_Init
[ PASS] 01.001 coveragetest-queues.c:39 - UT_Call_OS_VxWorks_QueueAPI_Impl_Init() (0) == OS_SUCCESS (0)
[ INFO]                        ABORT::0     WARN::0     FLOW::0     DEBUG::0     N/A::0   
[  END] 01 OS_VxWorks_QueueAPI_Impl_Init TOTAL::1     PASS::1     FAIL::0     MIR::0     TSF::0     TTF::0   

[BEGIN] 02 OS_QueueCreate_Impl
[ PASS] 02.001 coveragetest-queues.c:50 - OS_QueueCreate_Impl(&amp;token, 0) (0) == OS_SUCCESS (0)
[ PASS] 02.002 coveragetest-queues.c:53 - OS_QueueCreate_Impl(&amp;token, 0) (-1) == OS_ERROR (-1)
[ INFO]                        ABORT::0     WARN::0     FLOW::0     DEBUG::0     N/A::0   
[  END] 02 OS_QueueCreate_Impl  TOTAL::2     PASS::2     FAIL::0     MIR::0     TSF::0     TTF::0   

[BEGIN] 03 OS_QueueDelete_Impl
[ PASS] 03.001 coveragetest-queues.c:64 - OS_QueueDelete_Impl(&amp;token) (0) == OS_SUCCESS (0)
[ PASS] 03.002 coveragetest-queues.c:67 - OS_QueueDelete_Impl(&amp;token) (-1) == OS...
[This part of the test output was removed since it exceeds the threshold of 1024 bytes.]
</system-out>
	</testcase>
	<testcase name="coverage-vxworks-shell" classname="coverage-vxworks-shell" time="0.00112908" status="run">
		<properties/>
		<system-out>
[BEGIN] UNIT TEST

[BEGIN] 01 SETUP
[  END] No test cases

[BEGIN] 01 OS_ShellOutputToFile_Impl
[ PASS] 01.001 coveragetest-shell.c:46 - OS_ShellOutputToFile_Impl(&amp;token, "TestCmd") (0) == OS_SUCCESS (0)
[ PASS] 01.002 coveragetest-shell.c:47 - shellGenericInit() called
[ PASS] 01.003 coveragetest-shell.c:51 - OS_ShellOutputToFile_Impl(&amp;token, "TestCmd") (-1) == OS_ERROR (-1)
[ PASS] 01.004 coveragetest-shell.c:55 - OS_ShellOutputToFile_Impl(&amp;token, "TestCmd") (-1) == OS_ERROR (-1)
[ PASS] 01.005 coveragetest-shell.c:60 - OS_ShellOutputToFile_Impl(&amp;token, "TestCmd") (0) == OS_SUCCESS (0)
[ INFO]                        ABORT::0     WARN::0     FLOW::0     DEBUG::0     N/A::0   
[  END] 01 OS_ShellOutputToFile_Impl TOTAL::5     PASS::5     FAIL::0     MIR::0     TSF::0     TTF::0   
COMPLETE: 1 tests Segment(s) executed

</system-out>
	</testcase>
	<testcase name="coverage-vxworks-sockets" classname="coverage-vxworks-sockets" time="0.000974041" status="run">
		<properties/>
		<system-out>
[BEGIN] UNIT TEST

[BEGIN] 01 SETUP
[  END] No test cases

[BEGIN] 01 OS_VxWorks_SetSocketFlags_Impl
[ PASS] 01.001 coveragetest-sockets.c:32 - UT_SocketTest_CallVxWorksSetFlags_Impl(0)
[ PASS] 01.002 coveragetest-sockets.c:35 - UT_SocketTest_CallVxWorksSetFlags_Impl(0)
[ INFO]                        ABORT::0     WARN::0     FLOW::0     DEBUG::0     N/A::0   
[  END] 01 OS_VxWorks_SetSocketFlags_Impl TOTAL::2     PASS::2     FAIL::0     MIR::0     TSF::0     TTF::0   
COMPLETE: 1 tests Segment(s) executed

</system-out>
	</testcase>
	<testcase name="coverage-vxworks-symtab" classname="coverage-vxworks-symtab" time="0.000911625" status="run">
		<properties/>
		<system-out>
[BEGIN] UNIT TEST

[BEGIN] 01 SETUP
[  END] No test cases

[BEGIN] 01 OS_SymTableIterator_Impl
[ PASS] 01.001 coveragetest-symtab.c:71 - UT_SymTabTest_CallIteratorFunc("ut", &amp;Data, 100, 1000) (1) == true (1)
[ PASS] 01.002 coveragetest-symtab.c:72 - UT_SymTabTest_GetIteratorStatus() (0) == OS_SUCCESS (0)
[ PASS] 01.003 coveragetest-symtab.c:76 - UT_SymTabTest_CallIteratorFunc("ut", &amp;Data, 100, 1000) (1) == true (1)
[ PASS] 01.004 coveragetest-symtab.c:77 - UT_SymTabTest_GetIteratorStatus() (0) == OS_SUCCESS (0)
[ PASS] 01.005 coveragetest-symtab.c:81 - UT_SymTabTest_CallIteratorFunc("ut", &amp;Data, 100, 101) (0) == false (0)
[ PASS] 01.006 coveragetest-symtab.c:82 - UT_SymTabTest_GetIteratorStatus() (-41) == OS_ERR_OUTPUT_TOO_LARGE (-41)
[ PASS] 01.007 coveragetest-symtab.c:86 - UT_SymTabTest_CallIteratorFunc("ut", &amp;Data, 100, 1000) (0) == false (0)
[ PASS] 01.008 coveragetest-symtab.c:87 - UT_SymTabTest_GetIteratorStatus() (-1) == OS_ERROR (-1)
[ INFO]                        ABORT::0     WARN::0     FLOW::0   ...
[This part of the test output was removed since it exceeds the threshold of 1024 bytes.]
</system-out>
	</testcase>
	<testcase name="coverage-vxworks-tasks" classname="coverage-vxworks-tasks" time="0.00104396" status="run">
		<properties/>
		<system-out>
[BEGIN] UNIT TEST

[BEGIN] 01 SETUP
[  END] No test cases

[BEGIN] 01 OS_VxWorks_TaskAPI_Impl_Init
[ PASS] 01.001 coveragetest-tasks.c:46 - UT_Call_OS_VxWorks_TaskAPI_Impl_Init() (0) == OS_SUCCESS (0)
[ INFO]                        ABORT::0     WARN::0     FLOW::0     DEBUG::0     N/A::0   
[  END] 01 OS_VxWorks_TaskAPI_Impl_Init TOTAL::1     PASS::1     FAIL::0     MIR::0     TSF::0     TTF::0   

[BEGIN] 02 OS_TaskCreate_Impl
[ PASS] 02.001 coveragetest-tasks.c:75 - OS_TaskCreate_Impl(&amp;token, 0) (-1) == OS_ERROR (-1)
[ PASS] 02.002 coveragetest-tasks.c:78 - OS_TaskCreate_Impl(&amp;token, OS_FP_ENABLED) (0) == OS_SUCCESS (0)
[ PASS] 02.003 coveragetest-tasks.c:79 - malloc() called
[ PASS] 02.004 coveragetest-tasks.c:80 - free() not called
[ PASS] 02.005 coveragetest-tasks.c:81 - taskInit() called
[ PASS] 02.006 coveragetest-tasks.c:82 - taskActivate() called
[ PASS] 02.007 coveragetest-tasks.c:86 - OS_TaskCreate_Impl(&amp;token, OS_FP_ENABLED) (0) == OS_SUCCESS (0)
[ PASS] 02.008 coveragetest-tasks.c:87 - malloc() ...
[This part of the test output was removed since it exceeds the threshold of 1024 bytes.]
</system-out>
	</testcase>
	<testcase name="coverage-vxworks-timebase" classname="coverage-vxworks-timebase" time="0.00128188" status="run">
		<properties/>
		<system-out>
[BEGIN] UNIT TEST

[BEGIN] 01 SETUP
[  END] No test cases

[BEGIN] 01 OS_VxWorks_TimeBaseAPI_Impl_Init
[ PASS] 01.001 coveragetest-timebase.c:41 - UT_Call_OS_VxWorks_TimeBaseAPI_Impl_Init() (0) == OS_SUCCESS (0)
[ PASS] 01.002 coveragetest-timebase.c:43 - UT_Call_OS_VxWorks_TimeBaseAPI_Impl_Init() (-1) == OS_ERROR (-1)
[ INFO]                        ABORT::0     WARN::0     FLOW::0     DEBUG::0     N/A::0   
[  END] 01 OS_VxWorks_TimeBaseAPI_Impl_Init TOTAL::2     PASS::2     FAIL::0     MIR::0     TSF::0     TTF::0   

[BEGIN] 02 OS_TimeBaseLock_Impl
[  END] No test cases

[BEGIN] 02 OS_TimeBaseUnlock_Impl
[  END] No test cases

[BEGIN] 02 OS_TimeBaseCreate_Impl
[ PASS] 02.001 coveragetest-timebase.c:121 - OS_TimeBaseCreate_Impl(&amp;token) (-31) == OS_TIMER_ERR_UNAVAILABLE (-31)
[ PASS] 02.002 coveragetest-timebase.c:126 - OS_TimeBaseCreate_Impl(&amp;token) (-32) == OS_TIMER_ERR_INTERNAL (-32)
[ PASS] 02.003 coveragetest-timebase.c:131 - OS_TimeBaseCreate_Impl(&amp;token) (-32) == OS_TIMER_ERR_INTERNAL (-32)
[ PASS] 0...
[This part of the test output was removed since it exceeds the threshold of 1024 bytes.]
</system-out>
	</testcase>
	<testcase name="coverage-vxworks-posix-gettime" classname="coverage-vxworks-posix-gettime" time="0.00092475" status="run">
		<properties/>
		<system-out>
[BEGIN] UNIT TEST

[BEGIN] 01 SETUP
[  END] No test cases

[BEGIN] 01 OS_GetLocalTime_Impl
[ PASS] 01.001 coveragetest-posix-gettime.c:38 - OS_GetLocalTime_Impl(&amp;timeval) (0) == OS_SUCCESS (0)
[ PASS] 01.002 coveragetest-posix-gettime.c:41 - OS_GetLocalTime_Impl(&amp;timeval) (-1) == OS_ERROR (-1)
[ INFO]                        ABORT::0     WARN::0     FLOW::0     DEBUG::0     N/A::0   
[  END] 01 OS_GetLocalTime_Impl TOTAL::2     PASS::2     FAIL::0     MIR::0     TSF::0     TTF::0   

[BEGIN] 02 OS_SetLocalTime_Impl
[ PASS] 02.001 coveragetest-posix-gettime.c:52 - OS_SetLocalTime_Impl(&amp;timeval) (0) == OS_SUCCESS (0)
[ PASS] 02.002 coveragetest-posix-gettime.c:55 - OS_SetLocalTime_Impl(&amp;timeval) (-1) == OS_ERROR (-1)
[ INFO]                        ABORT::0     WARN::0     FLOW::0     DEBUG::0     N/A::0   
[  END] 02 OS_SetLocalTime_Impl TOTAL::2     PASS::2     FAIL::0     MIR::0     TSF::0     TTF::0   
[ INFO]                        ABORT::0     WARN::0     FLOW::0     DEBUG::0     N/A::0   
[  END] 02 SUMMA...
[This part of the test output was removed since it exceeds the threshold of 1024 bytes.]
</system-out>
	</testcase>
	<testcase name="coverage-vxworks-posix-io" classname="coverage-vxworks-posix-io" time="0.00103" status="run">
		<properties/>
		<system-out>
[BEGIN] UNIT TEST

[BEGIN] 01 SETUP
[  END] No test cases

[BEGIN] 01 OS_GenericClose_Impl
[ PASS] 01.001 coveragetest-posix-io.c:64 - OS_GenericClose_Impl(&amp;token) (0) == OS_SUCCESS (0)
[ PASS] 01.002 coveragetest-posix-io.c:71 - OS_GenericClose_Impl(&amp;token) (0) == OS_SUCCESS (0)
[ INFO]                        ABORT::0     WARN::0     FLOW::0     DEBUG::0     N/A::0   
[  END] 01 OS_GenericClose_Impl TOTAL::2     PASS::2     FAIL::0     MIR::0     TSF::0     TTF::0   

[BEGIN] 02 OS_GenericSeek_Impl
[ PASS] 02.001 coveragetest-posix-io.c:86 - OS_GenericSeek_Impl(&amp;token, 0, OS_SEEK_CUR) (111) == 111 (111)
[ PASS] 02.002 coveragetest-posix-io.c:88 - OS_GenericSeek_Impl(&amp;token, 0, OS_SEEK_SET) (222) == 222 (222)
[ PASS] 02.003 coveragetest-posix-io.c:90 - OS_GenericSeek_Impl(&amp;token, 0, OS_SEEK_END) (333) == 333 (333)
[ PASS] 02.004 coveragetest-posix-io.c:93 - OS_GenericSeek_Impl(&amp;token, 0, 1234) (-1) == OS_ERROR (-1)
[ PASS] 02.005 coveragetest-posix-io.c:97 - OS_GenericSeek_Impl(&amp;token, 0, OS_SEEK_END) (-1) =...
[This part of the test output was removed since it exceeds the threshold of 1024 bytes.]
</system-out>
	</testcase>
	<testcase name="coverage-vxworks-posix-files" classname="coverage-vxworks-posix-files" time="0.000924583" status="run">
		<properties/>
		<system-out>
[BEGIN] UNIT TEST

[BEGIN] 01 SETUP
[  END] No test cases

[BEGIN] 01 OS_FileOpen_Impl
[ PASS] 01.001 coveragetest-posix-files.c:48 - OS_FileOpen_Impl(&amp;token, "local", OS_FILE_FLAG_TRUNCATE, OS_WRITE_ONLY) (0) == OS_SUCCESS (0)
[ PASS] 01.002 coveragetest-posix-files.c:49 - OS_FileOpen_Impl(&amp;token, "local", 0, OS_READ_ONLY) (0) == OS_SUCCESS (0)
[ PASS] 01.003 coveragetest-posix-files.c:50 - OS_FileOpen_Impl(&amp;token, "local", OS_FILE_FLAG_CREATE, OS_READ_WRITE) (0) == OS_SUCCESS (0)
[ PASS] 01.004 coveragetest-posix-files.c:51 - OS_FileOpen_Impl(&amp;token, "local", 0, -1234) (-1) == OS_ERROR (-1)
[ PASS] 01.005 coveragetest-posix-files.c:55 - OS_FileOpen_Impl(&amp;token, "local", 0, OS_READ_ONLY) (-1) == OS_ERROR (-1)
[ INFO]                        ABORT::0     WARN::0     FLOW::0     DEBUG::0     N/A::0   
[  END] 01 OS_FileOpen_Impl     TOTAL::5     PASS::5     FAIL::0     MIR::0     TSF::0     TTF::0   

[BEGIN] 02 OS_FileStat_Impl
[ PASS] 02.001 coveragetest-posix-files.c:69 - OS_FileStat_Impl("local", &amp;FileStat...
[This part of the test output was removed since it exceeds the threshold of 1024 bytes.]
</system-out>
	</testcase>
	<testcase name="coverage-vxworks-posix-file-allocate" classname="coverage-vxworks-posix-file-allocate" time="0.00256796" status="run">
		<properties/>
		<system-out>
[BEGIN] UNIT TEST

[BEGIN] 01 SETUP
[  END] No test cases

[BEGIN] 01 OS_FileAllocate_Impl
[ PASS] 01.001 coveragetest-posix-file-allocate.c:43 - OS_FileAllocate_Impl(&amp;token, 0, 0) (0) == OS_SUCCESS (0)
[ PASS] 01.002 coveragetest-posix-file-allocate.c:48 - OS_FileAllocate_Impl(&amp;token, 0, 0) (-38) == OS_ERR_OPERATION_NOT_SUPPORTED (-38)
[ PASS] 01.003 coveragetest-posix-file-allocate.c:50 - OS_FileAllocate_Impl(&amp;token, 0, 0) (-41) == OS_ERR_OUTPUT_TOO_LARGE (-41)
[ PASS] 01.004 coveragetest-posix-file-allocate.c:52 - OS_FileAllocate_Impl(&amp;token, 0, 0) (-41) == OS_ERR_OUTPUT_TOO_LARGE (-41)
[ PASS] 01.005 coveragetest-posix-file-allocate.c:54 - OS_FileAllocate_Impl(&amp;token, 0, 0) (-36) == OS_ERR_INCORRECT_OBJ_TYPE (-36)
[ PASS] 01.006 coveragetest-posix-file-allocate.c:56 - OS_FileAllocate_Impl(&amp;token, 0, 0) (-36) == OS_ERR_INCORRECT_OBJ_TYPE (-36)
[ PASS] 01.007 coveragetest-posix-file-allocate.c:58 - OS_FileAllocate_Impl(&amp;token, 0, 0) (-1) == OS_ERROR (-1)
[ INFO]                        ABORT::0     WARN::0 ...
[This part of the test output was removed since it exceeds the threshold of 1024 bytes.]
</system-out>
	</testcase>
	<testcase name="coverage-vxworks-posix-dirs" classname="coverage-vxworks-posix-dirs" time="0.00101938" status="run">
		<properties/>
		<system-out>
[BEGIN] UNIT TEST

[BEGIN] 01 SETUP
[  END] No test cases

[BEGIN] 01 OS_DirCreate_Impl
[ PASS] 01.001 coveragetest-posix-dirs.c:45 - OS_DirCreate_Impl("dir", 0) (0) == OS_SUCCESS (0)
[ PASS] 01.002 coveragetest-posix-dirs.c:50 - OS_DirCreate_Impl("dir", 0) (-1) == OS_ERROR (-1)
[ PASS] 01.003 coveragetest-posix-dirs.c:58 - OS_DirCreate_Impl("dir", 0) (0) == OS_SUCCESS (0)
[ PASS] 01.004 coveragetest-posix-dirs.c:63 - OS_DirCreate_Impl("dir", 0) (-1) == OS_ERROR (-1)
[ PASS] 01.005 coveragetest-posix-dirs.c:67 - OS_DirCreate_Impl("dir", 0) (-1) == OS_ERROR (-1)
[ INFO]                        ABORT::0     WARN::0     FLOW::0     DEBUG::0     N/A::0   
[  END] 01 OS_DirCreate_Impl    TOTAL::5     PASS::5     FAIL::0     MIR::0     TSF::0     TTF::0   

[BEGIN] 02 OS_DirOpen_Impl
[ PASS] 02.001 coveragetest-posix-dirs.c:80 - OS_DirOpen_Impl(&amp;token, "dir") (0) == OS_SUCCESS (0)
[ PASS] 02.002 coveragetest-posix-dirs.c:82 - OS_DirOpen_Impl(&amp;token, "dir") (-1) == OS_ERROR (-1)
[ INFO]                        ABORT:...
[This part of the test output was removed since it exceeds the threshold of 1024 bytes.]
</system-out>
	</testcase>
	<testcase name="coverage-vxworks-console-bsp" classname="coverage-vxworks-console-bsp" time="0.00100379" status="run">
		<properties/>
		<system-out>
[BEGIN] UNIT TEST

[BEGIN] 01 SETUP
[  END] No test cases

[BEGIN] 01 OS_ConsoleOutput_Impl
[ PASS] 01.001 coveragetest-console-bsp.c:55 - TestOutputBuffer (abcd) == abcd
[ PASS] 01.002 coveragetest-console-bsp.c:59 - TestOutputBuffer (abcdefghijklmnopab) == abcdefghijklmnopab
[ INFO]                        ABORT::0     WARN::0     FLOW::0     DEBUG::0     N/A::0   
[  END] 01 OS_ConsoleOutput_Impl TOTAL::2     PASS::2     FAIL::0     MIR::0     TSF::0     TTF::0   
COMPLETE: 1 tests Segment(s) executed

</system-out>
	</testcase>
	<testcase name="coverage-vxworks-bsd-select" classname="coverage-vxworks-bsd-select" time="0.000970208" status="run">
		<properties/>
		<system-out>
[BEGIN] UNIT TEST

[BEGIN] 01 SETUP
[  END] No test cases

[BEGIN] 01 OS_SelectSingle_Impl
[ PASS] 01.001 coveragetest-bsd-select.c:48 - OS_SelectSingle_Impl(&amp;token, &amp;SelectFlags, OS_TIME_MIN) (-38) == OS_ERR_OPERATION_NOT_SUPPORTED (-38)
[ PASS] 01.002 coveragetest-bsd-select.c:50 - OS_SelectSingle_Impl(&amp;token, &amp;SelectFlags, OS_TIME_MIN) (0) == OS_SUCCESS (0)
[ PASS] 01.003 coveragetest-bsd-select.c:56 - OS_SelectSingle_Impl(&amp;token, &amp;SelectFlags, OS_TIME_MAX) (0) == OS_SUCCESS (0)
[ PASS] 01.004 coveragetest-bsd-select.c:60 - OS_SelectSingle_Impl(&amp;token, &amp;SelectFlags, OS_TIME_MIN) (0) == OS_SUCCESS (0)
[ PASS] 01.005 coveragetest-bsd-select.c:62 - OS_SelectSingle_Impl(&amp;token, &amp;SelectFlags, OS_TIME_MIN) (0) == OS_SUCCESS (0)
[ PASS] 01.006 coveragetest-bsd-select.c:75 - OS_SelectSingle_Impl(&amp;token, &amp;SelectFlags, timeout) (-4) == OS_ERROR_TIMEOUT (-4)
[ PASS] 01.007 coveragetest-bsd-select.c:76 - CallCount: OS_GetLocalTime_Impl() (2) == 2 (2)
[ PASS] 01.008 coveragetest-bsd-select.c:77 - CallCount: OCS_select...
[This part of the test output was removed since it exceeds the threshold of 1024 bytes.]
</system-out>
	</testcase>
	<testcase name="coverage-vxworks-bsd-sockets" classname="coverage-vxworks-bsd-sockets" time="0.00112575" status="run">
		<properties/>
		<system-out>
[BEGIN] UNIT TEST

[BEGIN] 01 SETUP
[  END] No test cases

[BEGIN] 01 OS_SocketOpen_Impl
[ PASS] 01.001 coveragetest-bsd-sockets.c:85 - OS_SocketOpen_Impl(&amp;token) (-28) == OS_ERR_NOT_IMPLEMENTED (-28)
[ PASS] 01.002 coveragetest-bsd-sockets.c:90 - OS_SocketOpen_Impl(&amp;token) (-28) == OS_ERR_NOT_IMPLEMENTED (-28)
[ PASS] 01.003 coveragetest-bsd-sockets.c:95 - OS_SocketOpen_Impl(&amp;token) (-1) == OS_ERROR (-1)
[ PASS] 01.004 coveragetest-bsd-sockets.c:100 - OS_SocketOpen_Impl(&amp;token) (0) == OS_SUCCESS (0)
[ INFO]                        ABORT::0     WARN::0     FLOW::0     DEBUG::0     N/A::0   
[  END] 01 OS_SocketOpen_Impl   TOTAL::4     PASS::4     FAIL::0     MIR::0     TSF::0     TTF::0   

[BEGIN] 02 OS_SetSocketDefaultFlags_Impl
[ PASS] 02.001 coveragetest-bsd-sockets.c:111 - OS_SetSocketDefaultFlags_Impl(&amp;token)
[ PASS] 02.002 coveragetest-bsd-sockets.c:112 - CallCount: OCS_fcntl() (1) == 1 (1)
[ PASS] 02.003 coveragetest-bsd-sockets.c:113 - Socket is selectable
[ PASS] 02.004 coveragetest-bsd-sockets.c:11...
[This part of the test output was removed since it exceeds the threshold of 1024 bytes.]
</system-out>
	</testcase>
	<testcase name="coverage-vxworks-bsd-sockets-dns" classname="coverage-vxworks-bsd-sockets-dns" time="0.00205496" status="run">
		<properties/>
		<system-out>
[BEGIN] UNIT TEST

[BEGIN] 01 SETUP
[  END] No test cases

[BEGIN] 01 OS_SocketAddrToString_Impl
[ PASS] 01.001 coveragetest-bsd-sockets-dns.c:53 - OS_SocketAddrToString_Impl(buffer, sizeof(buffer), &amp;addr) (-34) == OS_ERR_BAD_ADDRESS (-34)
[ PASS] 01.002 coveragetest-bsd-sockets-dns.c:57 - OS_SocketAddrToString_Impl(buffer, sizeof(buffer), &amp;addr) (-44) == OS_ERR_EMPTY_SET (-44)
[ PASS] 01.003 coveragetest-bsd-sockets-dns.c:61 - OS_SocketAddrToString_Impl(buffer, sizeof(buffer), &amp;addr) (-43) == OS_ERR_TRY_AGAIN (-43)
[ PASS] 01.004 coveragetest-bsd-sockets-dns.c:65 - OS_SocketAddrToString_Impl(buffer, sizeof(buffer), &amp;addr) (-1) == OS_ERROR (-1)
[ PASS] 01.005 coveragetest-bsd-sockets-dns.c:69 - OS_SocketAddrToString_Impl(buffer, sizeof(buffer), &amp;addr) (0) == OS_SUCCESS (0)
[ PASS] 01.006 coveragetest-bsd-sockets-dns.c:73 - OS_SocketAddrToString_Impl(buffer, sizeof(buffer), &amp;addr) (0) == OS_SUCCESS (0)
[ INFO]                        ABORT::0     WARN::0     FLOW::0     DEBUG::0     N/A::0   
[  END] 01 OS_Soc...
[This part of the test output was removed since it exceeds the threshold of 1024 bytes.]
</system-out>
	</testcase>
	<testcase name="coverage-vxworks-bsd-sockets-no-dns" classname="coverage-vxworks-bsd-sockets-no-dns" time="0.000968417" status="run">
		<properties/>
		<system-out>
[BEGIN] UNIT TEST

[BEGIN] 01 SETUP
[  END] No test cases

[BEGIN] 01 OS_SocketAddrToString_Impl
[ PASS] 01.001 coveragetest-bsd-sockets-no-dns.c:51 - OS_SocketAddrToString_Impl(buffer, sizeof(buffer), &amp;addr) (-34) == OS_ERR_BAD_ADDRESS (-34)
[ PASS] 01.002 coveragetest-bsd-sockets-no-dns.c:55 - OS_SocketAddrToString_Impl(buffer, sizeof(buffer), &amp;addr) (0) == OS_SUCCESS (0)
[ PASS] 01.003 coveragetest-bsd-sockets-no-dns.c:59 - OS_SocketAddrToString_Impl(buffer, sizeof(buffer), &amp;addr) (0) == OS_SUCCESS (0)
[ PASS] 01.004 coveragetest-bsd-sockets-no-dns.c:63 - OS_SocketAddrToString_Impl(buffer, sizeof(buffer), &amp;addr) (-1) == OS_ERROR (-1)
[ INFO]                        ABORT::0     WARN::0     FLOW::0     DEBUG::0     N/A::0   
[  END] 01 OS_SocketAddrToString_Impl TOTAL::4     PASS::4     FAIL::0     MIR::0     TSF::0     TTF::0   

[BEGIN] 02 OS_SocketAddrFromString_Impl
[ PASS] 02.001 coveragetest-bsd-sockets-no-dns.c:74 - OS_SocketAddrFromString_Impl(&amp;addr, buffer) (-34) == OS_ERR_BAD_ADDRESS (-34)
[ PASS]...
[This part of the test output was removed since it exceeds the threshold of 1024 bytes.]
</system-out>
	</testcase>
	<testcase name="coverage-vxworks-no-loader" classname="coverage-vxworks-no-loader" time="0.00118467" status="run">
		<properties/>
		<system-out>
[BEGIN] UNIT TEST

[BEGIN] 01 SETUP
[  END] No test cases

[BEGIN] 01 OS_ModuleLoad_Impl
[ PASS] 01.001 coveragetest-no-loader.c:33 - OS_ModuleLoad_Impl(UT_INDEX_0, "local") (-28) == OS_ERR_NOT_IMPLEMENTED (-28)
[ INFO]                        ABORT::0     WARN::0     FLOW::0     DEBUG::0     N/A::0   
[  END] 01 OS_ModuleLoad_Impl   TOTAL::1     PASS::1     FAIL::0     MIR::0     TSF::0     TTF::0   

[BEGIN] 02 OS_ModuleUnload_Impl
[ PASS] 02.001 coveragetest-no-loader.c:41 - OS_ModuleUnload_Impl(UT_INDEX_0) (-28) == OS_ERR_NOT_IMPLEMENTED (-28)
[ INFO]                        ABORT::0     WARN::0     FLOW::0     DEBUG::0     N/A::0   
[  END] 02 OS_ModuleUnload_Impl TOTAL::1     PASS::1     FAIL::0     MIR::0     TSF::0     TTF::0   

[BEGIN] 03 OS_ModuleGetInfo_Impl
[ PASS] 03.001 coveragetest-no-loader.c:52 - OS_ModuleGetInfo_Impl(UT_INDEX_0, &amp;module_prop) (-28) == OS_ERR_NOT_IMPLEMENTED (-28)
[ INFO]                        ABORT::0     WARN::0     FLOW::0     DEBUG::0     N/A::0   
[  END] 03 OS_ModuleGe...
[This part of the test output was removed since it exceeds the threshold of 1024 bytes.]
</system-out>
	</testcase>
	<testcase name="coverage-vxworks-no-shell" classname="coverage-vxworks-no-shell" time="0.00145992" status="run">
		<properties/>
		<system-out>
[BEGIN] UNIT TEST

[BEGIN] 01 SETUP
[  END] No test cases

[BEGIN] 01 OS_ShellOutputToFile_Impl
[ PASS] 01.001 coveragetest-no-shell.c:34 - OS_ShellOutputToFile_Impl(UT_INDEX_0, "ut") (-28) == OS_ERR_NOT_IMPLEMENTED (-28)
[ INFO]                        ABORT::0     WARN::0     FLOW::0     DEBUG::0     N/A::0   
[  END] 01 OS_ShellOutputToFile_Impl TOTAL::1     PASS::1     FAIL::0     MIR::0     TSF::0     TTF::0   
COMPLETE: 1 tests Segment(s) executed

</system-out>
	</testcase>
	<testcase name="coverage-vxworks-no-symtab" classname="coverage-vxworks-no-symtab" time="0.00154521" status="run">
		<properties/>
		<system-out>
[BEGIN] UNIT TEST

[BEGIN] 01 SETUP
[  END] No test cases

[BEGIN] 01 No_Symtab
[ PASS] 01.001 coveragetest-no-symtab.c:29 - OS_SymbolLookup_Impl(NULL, NULL) (-28) == OS_ERR_NOT_IMPLEMENTED (-28)
[ PASS] 01.002 coveragetest-no-symtab.c:30 - OS_ModuleSymbolLookup_Impl(NULL, NULL, NULL) (-28) == OS_ERR_NOT_IMPLEMENTED (-28)
[ PASS] 01.003 coveragetest-no-symtab.c:31 - OS_SymbolTableDump_Impl(NULL, 0) (-28) == OS_ERR_NOT_IMPLEMENTED (-28)
[ INFO]                        ABORT::0     WARN::0     FLOW::0     DEBUG::0     N/A::0   
[  END] 01 No_Symtab            TOTAL::3     PASS::3     FAIL::0     MIR::0     TSF::0     TTF::0   
COMPLETE: 1 tests Segment(s) executed

</system-out>
	</testcase>
	<testcase name="coverage-vxworks-no-network-gethostname" classname="coverage-vxworks-no-network-gethostname" time="0.00109733" status="run">
		<properties/>
		<system-out>
[BEGIN] UNIT TEST

[BEGIN] 01 SETUP
[  END] No test cases

[BEGIN] 01 No_Network_GetHostName
[ PASS] 01.001 coveragetest-no-network-gethostname.c:29 - OS_NetworkGetHostName_Impl(NULL, 0) (-28) == OS_ERR_NOT_IMPLEMENTED (-28)
[ INFO]                        ABORT::0     WARN::0     FLOW::0     DEBUG::0     N/A::0   
[  END] 01 No_Network_GetHostName TOTAL::1     PASS::1     FAIL::0     MIR::0     TSF::0     TTF::0   
COMPLETE: 1 tests Segment(s) executed

</system-out>
	</testcase>
	<testcase name="coverage-vxworks-no-network-gethostid" classname="coverage-vxworks-no-network-gethostid" time="0.00122967" status="run">
		<properties/>
		<system-out>
[BEGIN] UNIT TEST

[BEGIN] 01 SETUP
[  END] No test cases

[BEGIN] 01 No_Network_GetHostID
[ PASS] 01.001 coveragetest-no-network-gethostid.c:29 - OS_NetworkGetID_Impl(NULL) (-28) == OS_ERR_NOT_IMPLEMENTED (-28)
[ INFO]                        ABORT::0     WARN::0     FLOW::0     DEBUG::0     N/A::0   
[  END] 01 No_Network_GetHostID TOTAL::1     PASS::1     FAIL::0     MIR::0     TSF::0     TTF::0   
COMPLETE: 1 tests Segment(s) executed

</system-out>
	</testcase>
	<testcase name="coverage-vxworks-no-sockets" classname="coverage-vxworks-no-sockets" time="0.00140808" status="run">
		<properties/>
		<system-out>
[BEGIN] UNIT TEST

[BEGIN] 01 SETUP
[  END] No test cases

[BEGIN] 01 No_Sockets
[ PASS] 01.001 coveragetest-no-sockets.c:29 - OS_SocketOpen_Impl(NULL) (-28) == OS_ERR_NOT_IMPLEMENTED (-28)
[ PASS] 01.002 coveragetest-no-sockets.c:30 - OS_SocketBindAddress_Impl(NULL, NULL) (-28) == OS_ERR_NOT_IMPLEMENTED (-28)
[ PASS] 01.003 coveragetest-no-sockets.c:31 - OS_SocketListen_Impl(NULL) (-28) == OS_ERR_NOT_IMPLEMENTED (-28)
[ PASS] 01.004 coveragetest-no-sockets.c:32 - OS_SocketConnect_Impl(NULL, NULL, OS_TIME_MIN) (-28) == OS_ERR_NOT_IMPLEMENTED (-28)
[ PASS] 01.005 coveragetest-no-sockets.c:33 - OS_SocketAccept_Impl(NULL, NULL, NULL, OS_TIME_MIN) (-28) == OS_ERR_NOT_IMPLEMENTED (-28)
[ PASS] 01.006 coveragetest-no-sockets.c:34 - OS_SocketShutdown_Impl(NULL, 0) (-28) == OS_ERR_NOT_IMPLEMENTED (-28)
[ PASS] 01.007 coveragetest-no-sockets.c:35 - OS_SocketRecvFrom_Impl(NULL, NULL, 0, NULL, OS_TIME_MIN) (-28) == OS_ERR_NOT_IMPLEMENTED (-28)
[ PASS] 01.008 coveragetest-no-sockets.c:36 - OS_SocketSendTo_Impl(NULL, NUL...
[This part of the test output was removed since it exceeds the threshold of 1024 bytes.]
</system-out>
	</testcase>
	<testcase name="coverage-vxworks-no-condvar" classname="coverage-vxworks-no-condvar" time="0.000928792" status="run">
		<properties/>
		<system-out>
[BEGIN] UNIT TEST

[BEGIN] 01 SETUP
[  END] No test cases

[BEGIN] 01 OS_CondVarCreate_Impl
[ PASS] 01.001 coveragetest-no-condvar.c:35 - OS_CondVarCreate_Impl(UT_INDEX_0, 0) (-28) == OS_ERR_NOT_IMPLEMENTED (-28)
[ INFO]                        ABORT::0     WARN::0     FLOW::0     DEBUG::0     N/A::0   
[  END] 01 OS_CondVarCreate_Impl TOTAL::1     PASS::1     FAIL::0     MIR::0     TSF::0     TTF::0   

[BEGIN] 02 OS_CondVarLock_Impl
[ PASS] 02.001 coveragetest-no-condvar.c:43 - OS_CondVarLock_Impl(UT_INDEX_0) (-28) == OS_ERR_NOT_IMPLEMENTED (-28)
[ INFO]                        ABORT::0     WARN::0     FLOW::0     DEBUG::0     N/A::0   
[  END] 02 OS_CondVarLock_Impl  TOTAL::1     PASS::1     FAIL::0     MIR::0     TSF::0     TTF::0   

[BEGIN] 03 OS_CondVarUnlock_Impl
[ PASS] 03.001 coveragetest-no-condvar.c:51 - OS_CondVarUnlock_Impl(UT_INDEX_0) (-28) == OS_ERR_NOT_IMPLEMENTED (-28)
[ INFO]                        ABORT::0     WARN::0     FLOW::0     DEBUG::0     N/A::0   
[  END] 03 OS_CondVarUnlock_Impl T...
[This part of the test output was removed since it exceeds the threshold of 1024 bytes.]
</system-out>
	</testcase>
	<testcase name="coverage-vxworks-no-file-allocate" classname="coverage-vxworks-no-file-allocate" time="0.00138104" status="run">
		<properties/>
		<system-out>
[BEGIN] UNIT TEST

[BEGIN] 01 SETUP
[  END] No test cases

[BEGIN] 01 OS_FileAllocate_Impl
[ PASS] 01.001 coveragetest-no-file-allocate.c:34 - OS_FileAllocate_Impl(NULL, 0, 0) (-28) == OS_ERR_NOT_IMPLEMENTED (-28)
[ INFO]                        ABORT::0     WARN::0     FLOW::0     DEBUG::0     N/A::0   
[  END] 01 OS_FileAllocate_Impl TOTAL::1     PASS::1     FAIL::0     MIR::0     TSF::0     TTF::0   
COMPLETE: 1 tests Segment(s) executed

</system-out>
	</testcase>
	<testcase name="coverage-shared-binsem" classname="coverage-shared-binsem" time="0.0008775" status="run">
		<properties/>
		<system-out>
[BEGIN] UNIT TEST

[BEGIN] 01 SETUP
[  END] No test cases

[BEGIN] 01 OS_BinSemAPI_Init
[ PASS] 01.001 coveragetest-binsem.c:42 - OS_BinSemAPI_Init() (0) == OS_SUCCESS (0)
[ INFO]                        ABORT::0     WARN::0     FLOW::0     DEBUG::0     N/A::0   
[  END] 01 OS_BinSemAPI_Init    TOTAL::1     PASS::1     FAIL::0     MIR::0     TSF::0     TTF::0   

[BEGIN] 02 OS_BinSemCreate
[ PASS] 02.001 coveragetest-binsem.c:54 - OS_BinSemCreate(&amp;objid, "UT", 0, 0) (0) == OS_SUCCESS (0)
[ PASS] 02.002 coveragetest-binsem.c:55 - objid (1074003969) != OS_OBJECT_ID_UNDEFINED (0)
[ PASS] 02.003 coveragetest-binsem.c:57 - OS_BinSemCreate(NULL, "UT", 0, 0) (-2) == OS_INVALID_POINTER (-2)
[ PASS] 02.004 coveragetest-binsem.c:58 - OS_BinSemCreate(&amp;objid, NULL, 0, 0) (-2) == OS_INVALID_POINTER (-2)
[ PASS] 02.005 coveragetest-binsem.c:60 - OS_BinSemCreate(&amp;objid, "UT", 0, 0) (-13) == OS_ERR_NAME_TOO_LONG (-13)
[ PASS] 02.006 coveragetest-binsem.c:63 - OS_BinSemCreate(&amp;objid, "UT", 0, 0) (-14) == OS_ERR_NO_FREE_IDS (-...
[This part of the test output was removed since it exceeds the threshold of 1024 bytes.]
</system-out>
	</testcase>
	<testcase name="coverage-shared-clock" classname="coverage-shared-clock" time="0.000918583" status="run">
		<properties/>
		<system-out>
[BEGIN] UNIT TEST

[BEGIN] 01 SETUP
[  END] No test cases

[BEGIN] 01 OS_GetLocalTime
[ PASS] 01.001 coveragetest-clock.c:78 - OS_GetLocalTime() (0) == OS_SUCCESS
[ PASS] 01.002 coveragetest-clock.c:82 - OS_GetLocalTime() (-2) == OS_INVALID_POINTER
[ INFO]                        ABORT::0     WARN::0     FLOW::0     DEBUG::0     N/A::0   
[  END] 01 OS_GetLocalTime      TOTAL::2     PASS::2     FAIL::0     MIR::0     TSF::0     TTF::0   

[BEGIN] 02 OS_GetMonotonicTime
[ PASS] 02.001 coveragetest-clock.c:63 - OS_GetMonotonicTime(&amp;time_struct) (0) == OS_SUCCESS (0)
[ PASS] 02.002 coveragetest-clock.c:64 - int64: OS_TimeGetTotalMilliseconds(time_struct) (12345) == 12345 (12345)
[ PASS] 02.003 coveragetest-clock.c:65 - OS_GetMonotonicTime(NULL) (-2) == OS_INVALID_POINTER (-2)
[ INFO]                        ABORT::0     WARN::0     FLOW::0     DEBUG::0     N/A::0   
[  END] 02 OS_GetMonotonicTime  TOTAL::3     PASS::3     FAIL::0     MIR::0     TSF::0     TTF::0   

[BEGIN] 03 OS_SetLocalTime
[ PASS] 03.001 cover...
[This part of the test output was removed since it exceeds the threshold of 1024 bytes.]
</system-out>
	</testcase>
	<testcase name="coverage-shared-common" classname="coverage-shared-common" time="0.000958" status="run">
		<properties/>
		<system-out>
[BEGIN] UNIT TEST

[BEGIN] 01 SETUP
[  END] No test cases

[BEGIN] 01 OS_API_Init
[ PASS] 01.001 coveragetest-common.c:107 - OS_API_Init() (-1) == OS_ERROR (-1)
[ PASS] 01.002 coveragetest-common.c:108 - OS_SharedGlobalVars.GlobalState (2880291038) == OS_SHUTDOWN_MAGIC_NUMBER (2880291038)
[ PASS] 01.003 coveragetest-common.c:114 - OS_API_Init() (-1) == OS_ERROR (-1)
[ PASS] 01.004 coveragetest-common.c:115 - OS_SharedGlobalVars.GlobalState (2880291038) == OS_SHUTDOWN_MAGIC_NUMBER (2880291038)
[ PASS] 01.005 coveragetest-common.c:120 - OS_API_Init() (0) == OS_SUCCESS (0)
[ PASS] 01.006 coveragetest-common.c:125 - OS_API_Init() (0) == OS_SUCCESS (0)
[ PASS] 01.007 coveragetest-common.c:126 - OS_SharedGlobalVars.GlobalState (3193422046) == OS_INIT_MAGIC_NUMBER (3193422046)
[ PASS] 01.008 coveragetest-common.c:129 - OS_API_Init() (0) == OS_SUCCESS (0)
[ PASS] 01.009 coveragetest-common.c:130 - OS_SharedGlobalVars.GlobalState (3193422046) == OS_INIT_MAGIC_NUMBER (3193422046)
[ PASS] 01.010 coveragetest-common.c:1...
[This part of the test output was removed since it exceeds the threshold of 1024 bytes.]
</system-out>
	</testcase>
	<testcase name="coverage-shared-condvar" classname="coverage-shared-condvar" time="0.00101238" status="run">
		<properties/>
		<system-out>
[BEGIN] UNIT TEST

[BEGIN] 01 SETUP
[  END] No test cases

[BEGIN] 01 OS_CondVarAPI_Init
[ PASS] 01.001 coveragetest-condvar.c:40 - OS_CondVarAPI_Init() (0) == OS_SUCCESS (0)
[ INFO]                        ABORT::0     WARN::0     FLOW::0     DEBUG::0     N/A::0   
[  END] 01 OS_CondVarAPI_Init   TOTAL::1     PASS::1     FAIL::0     MIR::0     TSF::0     TTF::0   

[BEGIN] 02 OS_CondVarCreate
[ PASS] 02.001 coveragetest-condvar.c:51 - OS_CondVarCreate(&amp;objid, "UT", 0) (0) == OS_SUCCESS (0)
[ PASS] 02.002 coveragetest-condvar.c:52 - objid (1074593793) != OS_OBJECT_ID_UNDEFINED (0)
[ PASS] 02.003 coveragetest-condvar.c:54 - OS_CondVarCreate(NULL, "UT", 0) (-2) == OS_INVALID_POINTER (-2)
[ PASS] 02.004 coveragetest-condvar.c:55 - OS_CondVarCreate(&amp;objid, NULL, 0) (-2) == OS_INVALID_POINTER (-2)
[ PASS] 02.005 coveragetest-condvar.c:58 - OS_CondVarCreate(&amp;objid, "UT", 0) (-1) == OS_ERROR (-1)
[ PASS] 02.006 coveragetest-condvar.c:61 - OS_CondVarCreate(&amp;objid, "UT", 0) (-13) == OS_ERR_NAME_TOO_LONG (-13)
[ INFO] ...
[This part of the test output was removed since it exceeds the threshold of 1024 bytes.]
</system-out>
	</testcase>
	<testcase name="coverage-shared-countsem" classname="coverage-shared-countsem" time="0.000888625" status="run">
		<properties/>
		<system-out>
[BEGIN] UNIT TEST

[BEGIN] 01 SETUP
[  END] No test cases

[BEGIN] 01 OS_CountSemAPI_Init
[ PASS] 01.001 coveragetest-countsem.c:42 - OS_CountSemAPI_Init() (0) == OS_SUCCESS (0)
[ INFO]                        ABORT::0     WARN::0     FLOW::0     DEBUG::0     N/A::0   
[  END] 01 OS_CountSemAPI_Init  TOTAL::1     PASS::1     FAIL::0     MIR::0     TSF::0     TTF::0   

[BEGIN] 02 OS_CountSemCreate
[ PASS] 02.001 coveragetest-countsem.c:54 - OS_CountSemCreate(&amp;objid, "UT", 0, 0) (0) == OS_SUCCESS (0)
[ PASS] 02.002 coveragetest-countsem.c:55 - objid (1073938433) != OS_OBJECT_ID_UNDEFINED (0)
[ PASS] 02.003 coveragetest-countsem.c:57 - OS_CountSemCreate(NULL, "UT", 0, 0) (-2) == OS_INVALID_POINTER (-2)
[ PASS] 02.004 coveragetest-countsem.c:58 - OS_CountSemCreate(&amp;objid, NULL, 0, 0) (-2) == OS_INVALID_POINTER (-2)
[ PASS] 02.005 coveragetest-countsem.c:60 - OS_CountSemCreate(&amp;objid, "UT", 0, 0) (-13) == OS_ERR_NAME_TOO_LONG (-13)
[ PASS] 02.006 coveragetest-countsem.c:63 - OS_CountSemCreate(&amp;objid, "UT", 0, 0) ...
[This part of the test output was removed since it exceeds the threshold of 1024 bytes.]
</system-out>
	</testcase>
	<testcase name="coverage-shared-dir" classname="coverage-shared-dir" time="0.00116892" status="run">
		<properties/>
		<system-out>
[BEGIN] UNIT TEST

[BEGIN] 01 SETUP
[  END] No test cases

[BEGIN] 01 OS_DirAPI_Init
[ PASS] 01.001 coveragetest-dir.c:40 - OS_DirAPI_Init() (0) == OS_SUCCESS (0)
[ INFO]                        ABORT::0     WARN::0     FLOW::0     DEBUG::0     N/A::0   
[  END] 01 OS_DirAPI_Init       TOTAL::1     PASS::1     FAIL::0     MIR::0     TSF::0     TTF::0   

[BEGIN] 02 OS_mkdir
[ PASS] 02.001 coveragetest-dir.c:49 - OS_mkdir("Dir", OS_READ_WRITE) (0) == OS_SUCCESS (0)
[ PASS] 02.002 coveragetest-dir.c:52 - OS_mkdir("Dir", OS_READ_WRITE) (-1) == OS_ERROR (-1)
[ INFO]                        ABORT::0     WARN::0     FLOW::0     DEBUG::0     N/A::0   
[  END] 02 OS_mkdir             TOTAL::2     PASS::2     FAIL::0     MIR::0     TSF::0     TTF::0   

[BEGIN] 03 OS_DirectoryOpen
[ PASS] 03.001 coveragetest-dir.c:63 - OS_DirectoryOpen(&amp;objid, "Dir") (0) == OS_SUCCESS (0)
[ PASS] 03.002 coveragetest-dir.c:64 - objid (1074200577) != OS_OBJECT_ID_UNDEFINED (0)
[ PASS] 03.003 coveragetest-dir.c:68 - OS_DirectoryOpen(&amp;obji...
[This part of the test output was removed since it exceeds the threshold of 1024 bytes.]
</system-out>
	</testcase>
	<testcase name="coverage-shared-errors" classname="coverage-shared-errors" time="0.0013325" status="run">
		<properties/>
		<system-out>
[BEGIN] UNIT TEST

[BEGIN] 01 SETUP
[  END] No test cases

[BEGIN] 01 OS_GetErrorName
[ PASS] 01.001 coveragetest-errors.c:38 - OS_GetErrorName(OS_ERROR, &amp;err_name) (0) == OS_SUCCESS (0)
[ PASS] 01.002 coveragetest-errors.c:39 - string(OS_ERROR) == OS_ERROR
[ PASS] 01.003 coveragetest-errors.c:41 - OS_GetErrorName(-4444, &amp;err_name) (0) == OS_SUCCESS (0)
[ PASS] 01.004 coveragetest-errors.c:42 - string(UT_ERROR) == UT_ERROR
[ PASS] 01.005 coveragetest-errors.c:44 - OS_GetErrorName(-4445, &amp;err_name) (-1) == OS_ERROR (-1)
[ PASS] 01.006 coveragetest-errors.c:45 - string(OS_UNKNOWN(-4445)) == OS_UNKNOWN(-4445)
[ PASS] 01.007 coveragetest-errors.c:46 - OS_GetErrorName(-555555, &amp;err_name) (-1) == OS_ERROR (-1)
[ PASS] 01.008 coveragetest-errors.c:47 - OS_GetErrorName(-555555, NULL) (-2) == OS_INVALID_POINTER (-2)
[ INFO]                        ABORT::0     WARN::0     FLOW::0     DEBUG::0     N/A::0   
[  END] 01 OS_GetErrorName      TOTAL::8     PASS::8     FAIL::0     MIR::0     TSF::0     TTF::0   

[BEGIN] 02 ...
[This part of the test output was removed since it exceeds the threshold of 1024 bytes.]
</system-out>
	</testcase>
	<testcase name="coverage-shared-file" classname="coverage-shared-file" time="0.00150771" status="run">
		<properties/>
		<system-out>
[BEGIN] UNIT TEST

[BEGIN] 01 SETUP
[  END] No test cases

[BEGIN] 01 OS_FileAPI_Init
[ PASS] 01.001 coveragetest-file.c:43 - OS_FileAPI_Init() (0) == OS_SUCCESS (0)
[ INFO]                        ABORT::0     WARN::0     FLOW::0     DEBUG::0     N/A::0   
[  END] 01 OS_FileAPI_Init      TOTAL::1     PASS::1     FAIL::0     MIR::0     TSF::0     TTF::0   

[BEGIN] 02 OS_OpenCreate
[ PASS] 02.001 coveragetest-file.c:59 - OS_OpenCreate() (0) == OS_SUCCESS (create mode)
[ PASS] 02.002 coveragetest-file.c:63 - OS_OpenCreate() (0) == OS_SUCCESS (open mode)
[ PASS] 02.003 coveragetest-file.c:68 - OS_OpenCreate() (-2) == OS_INVALID_POINTER (bad buffer)
[ PASS] 02.004 coveragetest-file.c:73 - OS_OpenCreate() (-1) == OS_ERROR (bad flags)
[ PASS] 02.005 coveragetest-file.c:76 - OS_OpenCreate(&amp;filedes, "/cf/file", OS_FILE_FLAG_NONE, OS_READ_WRITE) (-14) == OS_ERR_NO_FREE_IDS (-14)
[ PASS] 02.006 coveragetest-file.c:82 - OS_OpenCreate() (-1) == OS_ERROR (bad path)
[ INFO]                        ABORT::0     WARN::0     ...
[This part of the test output was removed since it exceeds the threshold of 1024 bytes.]
</system-out>
	</testcase>
	<testcase name="coverage-shared-filesys" classname="coverage-shared-filesys" time="0.00119075" status="run">
		<properties/>
		<system-out>
[BEGIN] UNIT TEST

[BEGIN] 01 SETUP
[  END] No test cases

[BEGIN] 01 OS_FileSysAPI_Init
[ PASS] 01.001 coveragetest-filesys.c:45 - OS_FileSysAPI_Init() (0) == OS_SUCCESS
[ INFO]                        ABORT::0     WARN::0     FLOW::0     DEBUG::0     N/A::0   
[  END] 01 OS_FileSysAPI_Init   TOTAL::1     PASS::1     FAIL::0     MIR::0     TSF::0     TTF::0   

[BEGIN] 02 OS_FileSysAddFixedMap
[ PASS] 02.001 coveragetest-filesys.c:56 - OS_FileSysAddFixedMap(&amp;id, "/phys", "/virt") (0) == OS_SUCCESS (0)
[ PASS] 02.002 coveragetest-filesys.c:57 - OS_FileSysAddFixedMap(&amp;id, "/phys", NULL) (-2) == OS_INVALID_POINTER (-2)
[ PASS] 02.003 coveragetest-filesys.c:58 - OS_FileSysAddFixedMap(&amp;id, NULL, "/virt") (-2) == OS_INVALID_POINTER (-2)
[ PASS] 02.004 coveragetest-filesys.c:59 - OS_FileSysAddFixedMap(NULL, "/phys", "/virt") (-2) == OS_INVALID_POINTER (-2)
[ PASS] 02.005 coveragetest-filesys.c:62 - OS_FileSysAddFixedMap(&amp;id, "/phys", "/virt") (-103) == OS_FS_ERR_PATH_TOO_LONG (-103)
[ PASS] 02.006 coveragetest-file...
[This part of the test output was removed since it exceeds the threshold of 1024 bytes.]
</system-out>
	</testcase>
	<testcase name="coverage-shared-heap" classname="coverage-shared-heap" time="0.00129721" status="run">
		<properties/>
		<system-out>
[BEGIN] UNIT TEST

[BEGIN] 01 SETUP
[  END] No test cases

[BEGIN] 01 OS_HeapGetInfo
[ PASS] 01.001 coveragetest-heap.c:38 - OS_HeapGetInfo() (0) == OS_SUCCESS
[ PASS] 01.002 coveragetest-heap.c:43 - OS_HeapGetInfo() (-2) == OS_INVALID_POINTER
[ INFO]                        ABORT::0     WARN::0     FLOW::0     DEBUG::0     N/A::0   
[  END] 01 OS_HeapGetInfo       TOTAL::2     PASS::2     FAIL::0     MIR::0     TSF::0     TTF::0   
COMPLETE: 1 tests Segment(s) executed

</system-out>
	</testcase>
	<testcase name="coverage-shared-idmap" classname="coverage-shared-idmap" time="0.0490262" status="run">
		<properties/>
		<system-out>
[BEGIN] UNIT TEST

[BEGIN] 01 SETUP
[  END] No test cases

[BEGIN] 01 OS_ObjectIdInit
[ PASS] 01.001 coveragetest-idmap.c:89 - OS_ObjectIdInit() (0) == OS_SUCCESS (0)
[ INFO]                        ABORT::0     WARN::0     FLOW::0     DEBUG::0     N/A::0   
[  END] 01 OS_ObjectIdInit      TOTAL::1     PASS::1     FAIL::0     MIR::0     TSF::0     TTF::0   

[BEGIN] 02 OS_LockUnlockGlobal
[  END] No test cases

[BEGIN] 02 OS_ObjectIdFindNextFree
[ PASS] 02.001 coveragetest-idmap.c:630 - OS_ObjectIdFindNextFree() (0) == OS_SUCCESS
[ PASS] 02.002 coveragetest-idmap.c:635 - id1 (65537) == token1.obj_id (65537)
[ PASS] 02.003 coveragetest-idmap.c:639 - OS_ObjectIdFinalizeNew() (0) == OS_SUCCESS
[ PASS] 02.004 coveragetest-idmap.c:640 - token1.obj_id (65537) == rec1-&gt;active_id (65537)
[ PASS] 02.005 coveragetest-idmap.c:647 - OS_ObjectIdFindNextFree() (0) == OS_SUCCESS
[ PASS] 02.006 coveragetest-idmap.c:649 - token2.obj_id (65538) != token1.obj_id (65537)
[ PASS] 02.007 coveragetest-idmap.c:659 - OS_ObjectIdFinal...
[This part of the test output was removed since it exceeds the threshold of 1024 bytes.]
</system-out>
	</testcase>
	<testcase name="coverage-shared-module" classname="coverage-shared-module" time="0.001015" status="run">
		<properties/>
		<system-out>
[BEGIN] UNIT TEST

[BEGIN] 01 SETUP
[  END] No test cases

[BEGIN] 01 OS_ModuleAPI_Init
[ PASS] 01.001 coveragetest-module.c:64 - OS_ModuleAPI_Init() (0) == OS_SUCCESS
[ INFO]                        ABORT::0     WARN::0     FLOW::0     DEBUG::0     N/A::0   
[  END] 01 OS_ModuleAPI_Init    TOTAL::1     PASS::1     FAIL::0     MIR::0     TSF::0     TTF::0   

[BEGIN] 02 OS_ModuleLoad
[ PASS] 02.001 coveragetest-module.c:75 - OS_ModuleLoad(&amp;objid, "UT", "File", OS_MODULE_FLAG_GLOBAL_SYMBOLS) (0) == OS_SUCCESS (0)
[ PASS] 02.002 coveragetest-module.c:76 - CallCount: OS_ModuleLoad_Impl() (1) == 1 (1)
[ PASS] 02.003 coveragetest-module.c:78 - objid (1074397185) != OS_OBJECT_ID_UNDEFINED (0)
[ PASS] 02.004 coveragetest-module.c:81 - OS_ModuleLoad(&amp;objid, "UTS", "File2", OS_MODULE_FLAG_GLOBAL_SYMBOLS) (0) == OS_SUCCESS (0)
[ PASS] 02.005 coveragetest-module.c:82 - CallCount: OS_ModuleLoad_Impl() (0) == 0 (0)
[ PASS] 02.006 coveragetest-module.c:83 - objid (1074397186) != OS_OBJECT_ID_UNDEFINED (0)
[ PASS] 02.007 co...
[This part of the test output was removed since it exceeds the threshold of 1024 bytes.]
</system-out>
	</testcase>
	<testcase name="coverage-shared-mutex" classname="coverage-shared-mutex" time="0.000901375" status="run">
		<properties/>
		<system-out>
[BEGIN] UNIT TEST

[BEGIN] 01 SETUP
[  END] No test cases

[BEGIN] 01 OS_MutexAPI_Init
[ PASS] 01.001 coveragetest-mutex.c:42 - OS_MutexAPI_Init() (0) == OS_SUCCESS (0)
[ INFO]                        ABORT::0     WARN::0     FLOW::0     DEBUG::0     N/A::0   
[  END] 01 OS_MutexAPI_Init     TOTAL::1     PASS::1     FAIL::0     MIR::0     TSF::0     TTF::0   

[BEGIN] 02 OS_MutSemCreate
[ PASS] 02.001 coveragetest-mutex.c:53 - OS_MutSemCreate(&amp;objid, "UT", 0) (0) == OS_SUCCESS (0)
[ PASS] 02.002 coveragetest-mutex.c:54 - objid (1074069505) != OS_OBJECT_ID_UNDEFINED (0)
[ PASS] 02.003 coveragetest-mutex.c:56 - OS_MutSemCreate(NULL, "UT", 0) (-2) == OS_INVALID_POINTER (-2)
[ PASS] 02.004 coveragetest-mutex.c:57 - OS_MutSemCreate(&amp;objid, NULL, 0) (-2) == OS_INVALID_POINTER (-2)
[ PASS] 02.005 coveragetest-mutex.c:60 - OS_MutSemCreate(&amp;objid, "UT", 0) (-1) == OS_ERROR (-1)
[ PASS] 02.006 coveragetest-mutex.c:63 - OS_MutSemCreate(&amp;objid, "UT", 0) (-13) == OS_ERR_NAME_TOO_LONG (-13)
[ INFO]                        A...
[This part of the test output was removed since it exceeds the threshold of 1024 bytes.]
</system-out>
	</testcase>
	<testcase name="coverage-shared-network" classname="coverage-shared-network" time="0.001495" status="run">
		<properties/>
		<system-out>
[BEGIN] UNIT TEST

[BEGIN] 01 SETUP
[  END] No test cases

[BEGIN] 01 OS_NetworkAPI_Init
[ PASS] 01.001 coveragetest-network.c:34 - OS_NetworkAPI_Init() (0) == OS_SUCCESS (0)
[ INFO]                        ABORT::0     WARN::0     FLOW::0     DEBUG::0     N/A::0   
[  END] 01 OS_NetworkAPI_Init   TOTAL::1     PASS::1     FAIL::0     MIR::0     TSF::0     TTF::0   

[BEGIN] 02 OS_NetworkGetID
[ PASS] 02.001 coveragetest-network.c:62 - OS_NetworkGetID() (42) == 42 (42)
[ PASS] 02.002 coveragetest-network.c:65 - OS_NetworkGetID() (-1) == -1 (-1)
[ INFO]                        ABORT::0     WARN::0     FLOW::0     DEBUG::0     N/A::0   
[  END] 02 OS_NetworkGetID      TOTAL::2     PASS::2     FAIL::0     MIR::0     TSF::0     TTF::0   

[BEGIN] 03 OS_NetworkGetHostName
[ PASS] 03.001 coveragetest-network.c:45 - OS_NetworkGetHostName(Buffer, sizeof(Buffer)) (0) == OS_SUCCESS (0)
[ PASS] 03.002 coveragetest-network.c:48 - OS_NetworkGetHostName(Buffer, sizeof(Buffer)) (-4444) == -4444 (-4444)
[ PASS] 03.003 coverage...
[This part of the test output was removed since it exceeds the threshold of 1024 bytes.]
</system-out>
	</testcase>
	<testcase name="coverage-shared-printf" classname="coverage-shared-printf" time="0.00230771" status="run">
		<properties/>
		<system-out>
[BEGIN] UNIT TEST

[BEGIN] 01 SETUP
[  END] No test cases

[BEGIN] 01 OS_ConsoleAPI_Init
[ PASS] 01.001 coveragetest-printf.c:51 - CallCount: OS_ConsoleCreate_Impl() (1) == 1 (1)
[ PASS] 01.002 coveragetest-printf.c:57 - CallCount: OS_ConsoleCreate_Impl() (0) == 0 (0)
[ INFO]                        ABORT::0     WARN::0     FLOW::0     DEBUG::0     N/A::0   
[  END] 01 OS_ConsoleAPI_Init   TOTAL::2     PASS::2     FAIL::0     MIR::0     TSF::0     TTF::0   

[BEGIN] 02 OS_printf
[ PASS] 02.001 coveragetest-printf.c:73 - WritePos (0) &gt;= 0
[ PASS] 02.002 coveragetest-printf.c:81 - WritePos (0) &gt;= 0
[ PASS] 02.003 coveragetest-printf.c:89 - CallCount: OS_ConsoleWakeup_Impl() (0) == 0 (0)
[ PASS] 02.004 coveragetest-printf.c:90 - CallCount: OS_ConsoleOutput_Impl() (1) == 1 (1)
[ PASS] 02.005 coveragetest-printf.c:91 - WritePos (10) &gt;= 10
[ PASS] 02.006 coveragetest-printf.c:99 - CallCount: OS_ConsoleWakeup_Impl() (1) == 1 (1)
[ PASS] 02.007 coveragetest-printf.c:100 - CallCount: OS_ConsoleOutput_Impl() (1) == 1 (...
[This part of the test output was removed since it exceeds the threshold of 1024 bytes.]
</system-out>
	</testcase>
	<testcase name="coverage-shared-queue" classname="coverage-shared-queue" time="0.000922333" status="run">
		<properties/>
		<system-out>
[BEGIN] UNIT TEST

[BEGIN] 01 SETUP
[  END] No test cases

[BEGIN] 01 OS_QueueAPI_Init
[ PASS] 01.001 coveragetest-queue.c:42 - OS_QueueAPI_Init() (0) == OS_SUCCESS (0)
[ INFO]                        ABORT::0     WARN::0     FLOW::0     DEBUG::0     N/A::0   
[  END] 01 OS_QueueAPI_Init     TOTAL::1     PASS::1     FAIL::0     MIR::0     TSF::0     TTF::0   

[BEGIN] 02 OS_QueueCreate
[ PASS] 02.001 coveragetest-queue.c:54 - OS_QueueCreate(&amp;objid, "UT", OSAL_BLOCKCOUNT_C(4), OSAL_SIZE_C(4), 0) (0) == OS_SUCCESS (0)
[ PASS] 02.002 coveragetest-queue.c:57 - OS_QueueCreate(NULL, "UT", OSAL_BLOCKCOUNT_C(4), OSAL_SIZE_C(4), 0) (-2) == OS_INVALID_POINTER (-2)
[ PASS] 02.003 coveragetest-queue.c:58 - OS_QueueCreate(&amp;objid, NULL, OSAL_BLOCKCOUNT_C(4), OSAL_SIZE_C(4), 0) (-2) == OS_INVALID_POINTER (-2)
[ PASS] 02.004 coveragetest-queue.c:60 - OS_QueueCreate(&amp;objid, "UT", OSAL_BLOCKCOUNT_C(4), OSAL_SIZE_C(0), 0) (-40) == OS_ERR_INVALID_SIZE (-40)
[ PASS] 02.005 coveragetest-queue.c:61 - OS_QueueCreate(&amp;objid, "UT", OS...
[This part of the test output was removed since it exceeds the threshold of 1024 bytes.]
</system-out>
	</testcase>
	<testcase name="coverage-shared-rwlock" classname="coverage-shared-rwlock" time="0.00117842" status="run">
		<properties/>
		<system-out>
[BEGIN] UNIT TEST

[BEGIN] 01 SETUP
[  END] No test cases

[BEGIN] 01 OS_RwLockAPI_Init
[ PASS] 01.001 coveragetest-rwlock.c:42 - OS_RwLockAPI_Init() (0) == OS_SUCCESS (0)
[ INFO]                        ABORT::0     WARN::0     FLOW::0     DEBUG::0     N/A::0   
[  END] 01 OS_RwLockAPI_Init    TOTAL::1     PASS::1     FAIL::0     MIR::0     TSF::0     TTF::0   

[BEGIN] 02 OS_RwLockCreate
[ PASS] 02.001 coveragetest-rwlock.c:53 - OS_RwLockCreate(&amp;objid, "UT", 0) (0) == OS_SUCCESS (0)
[ PASS] 02.002 coveragetest-rwlock.c:54 - objid (1074659329) != OS_OBJECT_ID_UNDEFINED (0)
[ PASS] 02.003 coveragetest-rwlock.c:56 - OS_RwLockCreate(NULL, "UT", 0) (-2) == OS_INVALID_POINTER (-2)
[ PASS] 02.004 coveragetest-rwlock.c:57 - OS_RwLockCreate(&amp;objid, NULL, 0) (-2) == OS_INVALID_POINTER (-2)
[ PASS] 02.005 coveragetest-rwlock.c:60 - OS_RwLockCreate(&amp;objid, "UT", 0) (-1) == OS_ERROR (-1)
[ PASS] 02.006 coveragetest-rwlock.c:63 - OS_RwLockCreate(&amp;objid, "UT", 0) (-13) == OS_ERR_NAME_TOO_LONG (-13)
[ INFO]                ...
[This part of the test output was removed since it exceeds the threshold of 1024 bytes.]
</system-out>
	</testcase>
	<testcase name="coverage-shared-select" classname="coverage-shared-select" time="0.000927166" status="run">
		<properties/>
		<system-out>
[BEGIN] UNIT TEST

[BEGIN] 01 SETUP
[  END] No test cases

[BEGIN] 01 OS_SelectFdAddClearOps
[ PASS] 01.001 coveragetest-select.c:78 - OS_SelectFdZero(NULL) (-2) == OS_INVALID_POINTER (-2)
[ PASS] 01.002 coveragetest-select.c:79 - OS_SelectFdAdd(NULL, UT_OBJID_1) (-2) == OS_INVALID_POINTER (-2)
[ PASS] 01.003 coveragetest-select.c:80 - OS_SelectFdClear(NULL, UT_OBJID_1) (-2) == OS_INVALID_POINTER (-2)
[ PASS] 01.004 coveragetest-select.c:81 - !OS_SelectFdIsSet(NULL, UT_OBJID_1)
[ PASS] 01.005 coveragetest-select.c:83 - OS_SelectFdZero(&amp;UtSet) (0) == OS_SUCCESS (0)
[ PASS] 01.006 coveragetest-select.c:86 - CallCount: OCS_memset() (1) == 1 (1)
[ PASS] 01.007 coveragetest-select.c:87 - OS_SelectFdIsSet(1) == false
[ PASS] 01.008 coveragetest-select.c:88 - OS_SelectFdIsSet(2) == false
[ PASS] 01.009 coveragetest-select.c:90 - OS_SelectFdAdd(&amp;UtSet, UT_OBJID_1) (0) == OS_SUCCESS (0)
[ PASS] 01.010 coveragetest-select.c:92 - OS_SelectFdIsSet(1) == true
[ PASS] 01.011 coveragetest-select.c:93 - OS_SelectFdIsSet(2) ...
[This part of the test output was removed since it exceeds the threshold of 1024 bytes.]
</system-out>
	</testcase>
	<testcase name="coverage-shared-sockets" classname="coverage-shared-sockets" time="0.00130642" status="run">
		<properties/>
		<system-out>
[BEGIN] UNIT TEST

[BEGIN] 01 SETUP
[  END] No test cases

[BEGIN] 01 OS_SocketAPI_Init
[ PASS] 01.001 coveragetest-sockets.c:41 - OS_SocketAPI_Init() (0) == OS_SUCCESS
[ INFO]                        ABORT::0     WARN::0     FLOW::0     DEBUG::0     N/A::0   
[  END] 01 OS_SocketAPI_Init    TOTAL::1     PASS::1     FAIL::0     MIR::0     TSF::0     TTF::0   

[BEGIN] 02 OS_SocketAddr
[ PASS] 02.001 coveragetest-sockets.c:619 - OS_SocketAddrInit(&amp;Addr, OS_SocketDomain_INVALID) (0) == OS_SUCCESS (0)
[ PASS] 02.002 coveragetest-sockets.c:620 - OS_SocketAddrToString(Buffer, sizeof(Buffer), &amp;Addr) (0) == OS_SUCCESS (0)
[ PASS] 02.003 coveragetest-sockets.c:621 - OS_SocketAddrFromString(&amp;Addr, Buffer) (0) == OS_SUCCESS (0)
[ PASS] 02.004 coveragetest-sockets.c:622 - OS_SocketAddrSetPort(&amp;Addr, 1234) (0) == OS_SUCCESS (0)
[ PASS] 02.005 coveragetest-sockets.c:623 - OS_SocketAddrGetPort(&amp;PortNum, &amp;Addr) (0) == OS_SUCCESS (0)
[ PASS] 02.006 coveragetest-sockets.c:626 - OS_SocketAddrInit(NULL, OS_SocketDomain_INVALID)...
[This part of the test output was removed since it exceeds the threshold of 1024 bytes.]
</system-out>
	</testcase>
	<testcase name="coverage-shared-task" classname="coverage-shared-task" time="0.00103525" status="run">
		<properties/>
		<system-out>
[BEGIN] UNIT TEST

[BEGIN] 01 SETUP
[  END] No test cases

[BEGIN] 01 OS_TaskAPI_Init
[ PASS] 01.001 coveragetest-task.c:83 - OS_TaskAPI_Init() (0) == OS_SUCCESS (0)
[ INFO]                        ABORT::0     WARN::0     FLOW::0     DEBUG::0     N/A::0   
[  END] 01 OS_TaskAPI_Init      TOTAL::1     PASS::1     FAIL::0     MIR::0     TSF::0     TTF::0   

[BEGIN] 02 OS_TaskEntryPoint
[ PASS] 02.001 coveragetest-task.c:57 - UT_TestHook_Count (0) == 0
[ PASS] 02.002 coveragetest-task.c:58 - CallCount: OS_TaskMatch_Impl() (0) == 0 (0)
[ PASS] 02.003 coveragetest-task.c:59 - CallCount: OS_TaskRegister_Impl() (0) == 0 (0)
[ PASS] 02.004 coveragetest-task.c:65 - UT_TestHook_Count (1) == 1
[ PASS] 02.005 coveragetest-task.c:66 - CallCount: OS_TaskMatch_Impl() (1) == 1 (1)
[ PASS] 02.006 coveragetest-task.c:67 - CallCount: OS_TaskRegister_Impl() (1) == 1 (1)
[ PASS] 02.007 coveragetest-task.c:72 - UT_TestHook_Count (0) == 0
[ INFO]                        ABORT::0     WARN::0     FLOW::0     DEBUG::0     N/A::0   
[...
[This part of the test output was removed since it exceeds the threshold of 1024 bytes.]
</system-out>
	</testcase>
	<testcase name="coverage-shared-timebase" classname="coverage-shared-timebase" time="0.00121446" status="run">
		<properties/>
		<system-out>
[BEGIN] UNIT TEST

[BEGIN] 01 SETUP
[  END] No test cases

[BEGIN] 01 OS_TimeBaseAPI_Init
[ PASS] 01.001 coveragetest-timebase.c:73 - OS_TimeBaseAPI_Init() (0) == OS_SUCCESS (0)
[ INFO]                        ABORT::0     WARN::0     FLOW::0     DEBUG::0     N/A::0   
[  END] 01 OS_TimeBaseAPI_Init  TOTAL::1     PASS::1     FAIL::0     MIR::0     TSF::0     TTF::0   

[BEGIN] 02 OS_TimeBaseCreate
[ PASS] 02.001 coveragetest-timebase.c:84 - OS_TimeBaseCreate(&amp;objid, "UT1", UT_TimerSync) (0) == OS_SUCCESS (0)
[ PASS] 02.002 coveragetest-timebase.c:86 - OS_TimeBaseCreate(&amp;objid, "UT2", NULL) (0) == OS_SUCCESS (0)
[ PASS] 02.003 coveragetest-timebase.c:89 - OS_TimeBaseCreate(NULL, "UT1", UT_TimerSync) (-2) == OS_INVALID_POINTER (-2)
[ PASS] 02.004 coveragetest-timebase.c:90 - OS_TimeBaseCreate(&amp;objid, NULL, UT_TimerSync) (-2) == OS_INVALID_POINTER (-2)
[ PASS] 02.005 coveragetest-timebase.c:93 - OS_TimeBaseCreate(&amp;objid, "UT", UT_TimerSync) (-13) == OS_ERR_NAME_TOO_LONG (-13)
[ PASS] 02.006 coveragetest-timebase...
[This part of the test output was removed since it exceeds the threshold of 1024 bytes.]
</system-out>
	</testcase>
	<testcase name="coverage-shared-time" classname="coverage-shared-time" time="0.00115217" status="run">
		<properties/>
		<system-out>
[BEGIN] UNIT TEST

[BEGIN] 01 SETUP
[  END] No test cases

[BEGIN] 01 OS_TimerCbAPI_Init
[ PASS] 01.001 coveragetest-time.c:57 - OS_TimerCbAPI_Init() (0) == OS_SUCCESS (0)
[ INFO]                        ABORT::0     WARN::0     FLOW::0     DEBUG::0     N/A::0   
[  END] 01 OS_TimerCbAPI_Init   TOTAL::1     PASS::1     FAIL::0     MIR::0     TSF::0     TTF::0   

[BEGIN] 02 OS_TimerAdd
[ PASS] 02.001 coveragetest-time.c:70 - OS_TimerAdd(&amp;objid, "UT", UT_OBJID_1, UT_TimerArgCallback, &amp;arg) (0) == OS_SUCCESS (0)
[ PASS] 02.002 coveragetest-time.c:73 - OS_TimerAdd(NULL, "UT", UT_OBJID_1, UT_TimerArgCallback, &amp;arg) (-2) == OS_INVALID_POINTER (-2)
[ PASS] 02.003 coveragetest-time.c:74 - OS_TimerAdd(&amp;objid, NULL, UT_OBJID_1, UT_TimerArgCallback, &amp;arg) (-2) == OS_INVALID_POINTER (-2)
[ PASS] 02.004 coveragetest-time.c:77 - OS_TimerAdd(&amp;objid, "UT", UT_OBJID_1, UT_TimerArgCallback, &amp;arg) (-13) == OS_ERR_NAME_TOO_LONG (-13)
[ PASS] 02.005 coveragetest-time.c:79 - OS_TimerAdd(&amp;objid, "UT", UT_OBJID_1, NULL, &amp;arg) (-2) ...
[This part of the test output was removed since it exceeds the threshold of 1024 bytes.]
</system-out>
	</testcase>
	<testcase name="coverage-shared-version" classname="coverage-shared-version" time="0.00102892" status="run">
		<properties/>
		<system-out>
[BEGIN] UNIT TEST

[BEGIN] 01 SETUP
[  END] No test cases

[BEGIN] 01 OS_GetVersionString
[ PASS] 01.001 coveragetest-version.c:50 - Result (0xaaaab21a6c98) != NULL (0x0)
[ INFO] coveragetest-version.c:55:OS_GetVersionString() Returned: v7.0.1+dev0
[ INFO]                        ABORT::0     WARN::0     FLOW::0     DEBUG::0     N/A::0   
[  END] 01 OS_GetVersionString  TOTAL::1     PASS::1     FAIL::0     MIR::0     TSF::0     TTF::0   

[BEGIN] 02 OS_GetVersionCodeName
[ PASS] 02.001 coveragetest-version.c:67 - Result (0xaaaab21a6ca8) != NULL (0x0)
[ INFO] coveragetest-version.c:72:OS_GetVersionCodeName() Returned: Draco
[ INFO]                        ABORT::0     WARN::0     FLOW::0     DEBUG::0     N/A::0   
[  END] 02 OS_GetVersionCodeName TOTAL::1     PASS::1     FAIL::0     MIR::0     TSF::0     TTF::0   

[BEGIN] 03 OS_GetVersionNumber
[ PASS] 03.001 coveragetest-version.c:88 - VersionNum[0] (7) == OS_MAJOR_VERSION (7)
[ PASS] 03.002 coveragetest-version.c:89 - VersionNum[1] (0) == OS_MINOR_VERSION (0...
[This part of the test output was removed since it exceeds the threshold of 1024 bytes.]
</system-out>
	</testcase>
	<testcase name="bin-sem-test" classname="bin-sem-test" time="1.08407" status="run">
		<properties/>
		<system-out>
[BEGIN] UNIT TEST

[BEGIN] 01 SETUP
[  END] No test cases

[BEGIN] 01 Test_BinSem
[ PASS] 01.001 bin-sem-test.c:86 - OS_BinSemGetInfo(OS_OBJECT_ID_UNDEFINED, &amp;sem_prop) (-16) == OS_ERR_INVALID_ID (-16)
[ PASS] 01.002 bin-sem-test.c:87 - OS_BinSemFlush(OS_OBJECT_ID_UNDEFINED) (-16) == OS_ERR_INVALID_ID (-16)
[ PASS] 01.003 bin-sem-test.c:88 - OS_BinSemGive(OS_OBJECT_ID_UNDEFINED) (-16) == OS_ERR_INVALID_ID (-16)
[ PASS] 01.004 bin-sem-test.c:89 - OS_BinSemTake(OS_OBJECT_ID_UNDEFINED) (-16) == OS_ERR_INVALID_ID (-16)
[ PASS] 01.005 bin-sem-test.c:90 - OS_BinSemTimedWait(OS_OBJECT_ID_UNDEFINED, 0) (-16) == OS_ERR_INVALID_ID (-16)
[ PASS] 01.006 bin-sem-test.c:91 - OS_BinSemDelete(OS_OBJECT_ID_UNDEFINED) (-16) == OS_ERR_INVALID_ID (-16)
[ PASS] 01.007 bin-sem-test.c:94 - OS_BinSemCreate(NULL, "Test_Sem", 0, 0) (-2) == OS_INVALID_POINTER (-2)
[ PASS] 01.008 bin-sem-test.c:95 - OS_BinSemCreate(&amp;sem_id[0], NULL, 0, 0) (-2) == OS_INVALID_POINTER (-2)
[ PASS] 01.009 bin-sem-test.c:96 - OS_BinSemGetInfo(sem_id[0], NUL...
[This part of the test output was removed since it exceeds the threshold of 1024 bytes.]
</system-out>
	</testcase>
	<testcase name="bin-sem-timeout-test" classname="bin-sem-timeout-test" time="60.0153" status="fail">
		<failure message="Timeout"/>
		<properties/>
		<system-out>
[BEGIN] UNIT TEST

[BEGIN] 01 SETUP
[  END] No test cases

[BEGIN] 01 BinSemTimeoutTest
[ PASS] 01.001 bin-sem-timeout-test.c:200 - BinSem1 create Id=40001 Rc=0
[ PASS] 01.002 bin-sem-timeout-test.c:206 - BinSem1 take Rc=0
[  TSF] 01.003 bin-sem-timeout-test.c:218 - Task 1 create Id=0 Rc=-1
[ PASS] 01.004 bin-sem-timeout-test.c:224 - Timer 1 create Id=90001 Rc=0
[ INFO] bin-sem-timeout-test.c:225:Timer Accuracy = 10000 microseconds 
[ PASS] 01.005 bin-sem-timeout-test.c:231 - Timer 1 set Rc=0
</system-out>
	</testcase>
	<testcase name="condvar-test" classname="condvar-test" time="60.0124" status="fail">
		<failure message="Timeout"/>
		<properties/>
		<system-out>
[BEGIN] UNIT TEST

[BEGIN] 01 SETUP
[  END] No test cases

[BEGIN] 01 CondVarOps
[ PASS] 01.001 condvar-test.c:350 - OS_CondVarCreate(NULL, "cvex", 0) (-2) == OS_INVALID_POINTER (-2)

**BUG** OS_CondVarCreate():87:check '(var_id) != NULL' FAILED --&gt; OS_INVALID_POINTER


**BUG** OS_CondVarCreate():88:check '(var_name) != NULL' FAILED --&gt; OS_INVALID_POINTER

[ PASS] 01.002 condvar-test.c:351 - OS_CondVarCreate(&amp;cv_extra, NULL, 0) (-2) == OS_INVALID_POINTER (-2)
[ PASS] 01.003 condvar-test.c:356 - OS_CondVarCreate(&amp;cv_id[i], cv_name, 0) (0) == OS_SUCCESS (0)
[ PASS] 01.004 condvar-test.c:356 - OS_CondVarCreate(&amp;cv_id[i], cv_name, 0) (0) == OS_SUCCESS (0)
[ PASS] 01.005 condvar-test.c:356 - OS_CondVarCreate(&amp;cv_id[i], cv_name, 0) (0) == OS_SUCCESS (0)
[ PASS] 01.006 condvar-test.c:356 - OS_CondVarCreate(&amp;cv_id[i], cv_name, 0) (0) == OS_SUCCESS (0)
[ PASS] 01.007 condvar-test.c:359 - OS_CondVarCreate(&amp;cv_extra, "cvex", 0) (-14) == OS_ERR_NO_FREE_IDS (-14)
[ PASS] 01.008 condvar-test.c:360 - OS_CondVarDelete(cv_id[OS_MAX_CONDVARS - 1]) (0) == OS_SUCCESS (0)
[ PASS] 01.009 condvar-test.c:361 - OS_CondVarCreate(&amp;cv_extra, "cv000", 0) (-15) == OS_ERR_NAME_TAKEN (-15)
[ PASS] 01.010 condvar-test.c:363 - OS_CondVarGetIdByName(&amp;cv_extra, "cv000") (0) == OS_SUCCESS (0)
[ PASS] 01.011 condvar-test.c:364 - objid (851970) == cv_id[0] (851970)
[ PASS] 01.012 condvar-test.c:368 - OS_CondVarGetIdByName(&amp;cv_extra, "cvex") (-17) == OS_ERR_NAME_NOT_FOUND (-17)
[ PASS] 01.013 condvar-test.c:370 - OS_CondVarGetInfo(cv_id[0], &amp;cv_prop) (0) == OS_SUCCESS (0)
[ PASS] 01.014 condvar-test.c:371 - String: 'cv000' == 'cv000'
[ PASS] 01.015 condvar-test.c:372 - OS_CondVarGetInfo(cv_id[OS_MAX_CONDVARS - 1], &amp;cv_prop) (-16) == OS_ERR_INVALID_ID (-16)
[ PASS] 01.016 condvar-test.c:373 - OS_CondVarGetInfo(OS_OBJECT_ID_UNDEFINED, &amp;cv_prop) (-16) == OS_ERR_INVALID_ID (-16)
[ PASS] 01.017 condvar-test.c:378 - OS_CondVarDelete(cv_id[i]) (0) == OS_SUCCESS (0)
[ PASS] 01.018 condvar-test.c:378 - OS_CondVarDelete(cv_id[i]) (0) == OS_SUCCESS (0)
[ PASS] 01.019 condvar-test.c:378 - OS_CondVarDelete(cv_id[i]) (0) == OS_SUCCESS (0)
[ INFO]                        ABORT::0     WARN::0     FLOW::0     DEBUG::0     N/A::0   
[  END] 01 CondVarOps           TOTAL::19    PASS::19    FAIL::0     MIR::0     TSF::0     TTF::0   

[BEGIN] 02 CondVarBasic
[ PASS] 02.001 condvar-test.c:127 - OS_CondVarCreate(&amp;condvar_id, "CondVar", 0) (0) == OS_SUCCESS (0)
[ INFO] condvar-test.c:128:CondVar create Id=851974
[ FAIL] 02.002 condvar-test.c:136 - OS_TaskCreate(&amp;task_states[i].task_id, task_name, task_entry_points[i], OSAL_STACKPTR_C(&amp;task_stacks[i]), sizeof(task_stacks[i]), OSAL_PRIORITY_C(10 + (i * 10)), 0) (-1) == OS_SUCCESS (0)
[ INFO] condvar-test.c:144:Task1 create Id=0
[ FAIL] 02.003 condvar-test.c:136 - OS_TaskCreate(&amp;task_states[i].task_id, task_name, task_entry_points[i], OSAL_STACKPTR_C(&amp;task_stacks[i]), sizeof(task_stacks[i]), OSAL_PRIORITY_C(10 + (i * 10)), 0) (-1) == OS_SUCCESS (0)
[ INFO] condvar-test.c:144:Task2 create Id=0
[ FAIL] 02.004 condvar-test.c:136 - OS_TaskCreate(&amp;task_states[i].task_id, task_name, task_entry_points[i], OSAL_STACKPTR_C(&amp;task_stacks[i]), sizeof(task_stacks[i]), OSAL_PRIORITY_C(10 + (i * 10)), 0) (-1) == OS_SUCCESS (0)
[ INFO] condvar-test.c:144:Task3 create Id=0
[ PASS] 02.005 condvar-test.c:160 - OS_CondVarLock(condvar_id) (0) == OS_SUCCESS (0)
[ PASS] 02.006 condvar-test.c:161 - total_work (0) == num_signals (0)
[ PASS] 02.007 condvar-test.c:163 - OS_CondVarSignal(condvar_id) (0) == OS_SUCCESS (0)
[ PASS] 02.008 condvar-test.c:167 - curr_condition (0x7) &amp; ALL_RUN_CONDITION (0x7)
[ PASS] 02.009 condvar-test.c:168 - OS_CondVarUnlock(condvar_id) (0) == OS_SUCCESS (0)
[ PASS] 02.010 condvar-test.c:174 - OS_CondVarLock(condvar_id) (0) == OS_SUCCESS (0)
[ FAIL] 02.011 condvar-test.c:175 - total_work (0) == num_signals (1)
[ FAIL] 02.012 condvar-test.c:176 - curr_condition (7) != ALL_RUN_CONDITION (7)
[ PASS] 02.013 condvar-test.c:177 - curr_condition (7) != 0 (0)
[ PASS] 02.014 condvar-test.c:178 - OS_CondVarUnlock(condvar_id) (0) == OS_SUCCESS (0)
[ PASS] 02.015 condvar-test.c:180 - OS_CondVarSignal(condvar_id) (0) == OS_SUCCESS (0)
[ PASS] 02.016 condvar-test.c:174 - OS_CondVarLock(condvar_id) (0) == OS_SUCCESS (0)
[ FAIL] 02.017 condvar-test.c:175 - total_work (0) == num_signals (2)
[ FAIL] 02.018 condvar-test.c:176 - curr_condition (7) != ALL_RUN_CONDITION (7)
[ PASS] 02.019 condvar-test.c:177 - curr_condition (7) != 0 (0)
[ PASS] 02.020 condvar-test.c:178 - OS_CondVarUnlock(condvar_id) (0) == OS_SUCCESS (0)
[ PASS] 02.021 condvar-test.c:180 - OS_CondVarSignal(condvar_id) (0) == OS_SUCCESS (0)
[ PASS] 02.022 condvar-test.c:187 - OS_CondVarLock(condvar_id) (0) == OS_SUCCESS (0)
[ FAIL] 02.023 condvar-test.c:190 - task_states[i].run_count (0) == 1 (1)
[ FAIL] 02.024 condvar-test.c:190 - task_states[i].run_count (0) == 1 (1)
[ FAIL] 02.025 condvar-test.c:190 - task_states[i].run_count (0) == 1 (1)
[ FAIL] 02.026 condvar-test.c:192 - total_work (0) == num_signals (3)
[ FAIL] 02.027 condvar-test.c:193 - curr_condition (0x7) &amp;~ ALL_RUN_CONDITION (0x7)
[ PASS] 02.028 condvar-test.c:195 - OS_CondVarBroadcast(condvar_id) (0) == OS_SUCCESS (0)
[ PASS] 02.029 condvar-test.c:196 - OS_CondVarUnlock(condvar_id) (0) == OS_SUCCESS (0)
[ PASS] 02.030 condvar-test.c:201 - OS_CondVarLock(condvar_id) (0) == OS_SUCCESS (0)
[ FAIL] 02.031 condvar-test.c:202 - curr_condition (0x7) &amp;~ ALL_RUN_CONDITION (0x7)
[ FAIL] 02.032 condvar-test.c:205 - task_states[i].run_count (0) == 2 (2)
[ FAIL] 02.033 condvar-test.c:205 - task_states[i].run_count (0) == 2 (2)
[ FAIL] 02.034 condvar-test.c:205 - task_states[i].run_count (0) == 2 (2)
[ FAIL] 02.035 condvar-test.c:207 - total_work (0) == NUM_TASKS * 2 (6)
[ PASS] 02.036 condvar-test.c:209 - OS_CondVarBroadcast(condvar_id) (0) == OS_SUCCESS (0)
[ PASS] 02.037 condvar-test.c:210 - OS_CondVarUnlock(condvar_id) (0) == OS_SUCCESS (0)
[ PASS] 02.038 condvar-test.c:215 - OS_CondVarLock(condvar_id) (0) == OS_SUCCESS (0)
[ FAIL] 02.039 condvar-test.c:216 - total_work (0) == (NUM_TASKS * 2) + 1 (7)
[ FAIL] 02.040 condvar-test.c:217 - task_states[0].run_count (0) == 3 (3)
[ FAIL] 02.041 condvar-test.c:218 - curr_condition (0x7) &amp;~ ALL_RUN_CONDITION (0x7)
[ PASS] 02.042 condvar-test.c:219 - OS_CondVarUnlock(condvar_id) (0) == OS_SUCCESS (0)
[ FAIL] 02.043 condvar-test.c:231 - OS_TaskDelete(task_states[i].task_id) (-16) == OS_SUCCESS (0)
[ INFO] condvar-test.c:232:Task1 delete Id=0
[ FAIL] 02.044 condvar-test.c:231 - OS_TaskDelete(task_states[i].task_id) (-16) == OS_SUCCESS (0)
[ INFO] condvar-test.c:232:Task2 delete Id=0
[ FAIL] 02.045 condvar-test.c:231 - OS_TaskDelete(task_states[i].task_id) (-16) == OS_SUCCESS (0)
[ INFO] condvar-test.c:232:Task3 delete Id=0
[ PASS] 02.046 condvar-test.c:236 - OS_CondVarLock(condvar_id) (0) == OS_SUCCESS (0)
[ PASS] 02.047 condvar-test.c:237 - OS_CondVarUnlock(condvar_id) (0) == OS_SUCCESS (0)
[ PASS] 02.048 condvar-test.c:239 - OS_CondVarDelete(condvar_id) (0) == OS_SUCCESS (0)
[ INFO]                        ABORT::0     WARN::0     FLOW::0     DEBUG::0     N/A::0   
[  END] 02 CondVarBasic         TOTAL::48    PASS::25    FAIL::23    MIR::0     TSF::0     TTF::0   

[BEGIN] 03 CondVarTimed
[ PASS] 03.001 condvar-test.c:288 - OS_CondVarCreate(&amp;condvar_id, "CondVar", 0) (0) == OS_SUCCESS (0)
[ FAIL] 03.002 condvar-test.c:290 - OS_TaskCreate(&amp;task_states[0].task_id, "timedwait", condvar_timedtask_entry, OSAL_STACKPTR_C(&amp;task_stacks[0]), sizeof(task_stacks[0]), OSAL_PRIORITY_C(10), 0) (-1) == OS_SUCCESS (0)
[ PASS] 03.003 condvar-test.c:305 - OS_CondVarLock(condvar_id) (0) == OS_SUCCESS (0)
</system-out>
	</testcase>
	<testcase name="count-sem-test" classname="count-sem-test" time="1.2582" status="run">
		<properties/>
		<system-out>
[BEGIN] UNIT TEST

[BEGIN] 01 SETUP
[  END] No test cases

[BEGIN] 01 Test_CountSem
[ PASS] 01.001 count-sem-test.c:86 - OS_CountSemGetInfo(OS_OBJECT_ID_UNDEFINED, &amp;sem_prop) (-16) == OS_ERR_INVALID_ID (-16)
[ PASS] 01.002 count-sem-test.c:87 - OS_CountSemGive(OS_OBJECT_ID_UNDEFINED) (-16) == OS_ERR_INVALID_ID (-16)
[...]
[ FAIL] 34.072 ut_oscore_task_test.c:239 - OS_TaskCreate(&amp;g_task_ids[9], g_task_names[9], generic_test_task, OSAL_STACKPTR_C(&amp;g_task_stacks[9]), sizeof(g_task_stacks[9]), OSAL_PRIORITY_C(UT_TASK_PRIORITY), 0) (-1) == OS_SUCCESS (0)
[ PASS] 34.073 ut_oscore_task_test.c:250 - OS_TaskCreate(&amp;g_task_ids[8], g_task_names[8], generic_test_task, NULL, sizeof(g_task_stacks[8]), OSAL_PRIORITY_C(UT_TASK_PRIORITY), 0) (0) == OS_SUCCESS (0)
[ INFO] ut_oscore_task_test.c:85:Starting GenericTask: Create_OsErr, id: 10004
[  TTF] 34.074 ut_oscore_task_test.c:263 - OS_TaskDelete(g_task_ids[9]) (-16) &gt;= OS_SUCCESS
[ INFO]                        ABORT::0     WARN::0     FLOW::0     DEBUG::0     N/A::0   
[  END] 34 OS_TaskCreate        TOTAL::74    PASS::6     FAIL::1     MIR::0     TSF::2     TTF::65  

[BEGIN] 35 OS_TaskDelete
[ PASS] 35.001 ut_oscore_task_test.c:279 - OS_TaskDelete(UT_OBJID_INCORRECT) (-16) == OS_ERR_INVALID_ID (-16)
[ PASS] 35.002 ut_oscore_task_test.c:280 - OS_TaskDelete(OS_OBJECT_ID_UNDEFINED) (-16) == OS_ERR_INVALID_ID (-16)
[  TSF] 35.003 ut_oscore_task_test.c:286 - OS_TaskCreate(&amp;g_task_ids[3], g_task_names[3], generic_test_task, OSAL_STACKPTR_C(&amp;g_task_stacks[3]), sizeof(g_task_stacks[3]), OSAL_PRIORITY_C(UT_TASK_PRIORITY), 0) (-1) &gt;= OS_SUCCESS
[ INFO]                        ABORT::0     WARN::0     FLOW::0     DEBUG::0     N/A::0   
[  END] 35 OS_TaskDelete        TOTAL::3     PASS::2     FAIL::0     MIR::0     TSF::1     TTF::0   

[BEGIN] 36 OS_TaskInstallDeleteHandler
[ PASS] 36.001 ut_oscore_task_test.c:351 - OS_TaskInstallDeleteHandler(&amp;delete_handler_callback) (-16) == OS_ERR_INVALID_ID (-16)
[  TSF] 36.002 ut_oscore_task_test.c:362 - OS_TaskCreate(&amp;g_task_ids[2], g_task_names[2], delete_handler_test_task, OSAL_STACKPTR_C(&amp;g_task_stacks[2]), sizeof(g_task_stacks[2]), OSAL_PRIORITY_C(UT_TASK_PRIORITY), 0) (-1) &gt;= OS_SUCCESS
[ INFO]                        ABORT::0     WARN::0     FLOW::0     DEBUG::0     N/A::0   
[  END] 36 OS_TaskInstallDeleteHandler TOTAL::2     PASS::1     FAIL::0     MIR::0     TSF::1     TTF::0   

[BEGIN] 37 OS_TaskExit
[  TSF] 37.001 ut_oscore_task_test.c:430 - OS_TaskCreate(&amp;g_task_ids[1], g_task_names[1], exit_test_task, OSAL_STACKPTR_C(&amp;g_task_stacks[1]), sizeof(g_task_stacks[1]), OSAL_PRIORITY_C(UT_TASK_PRIORITY), 0) (-1) &gt;= OS_SUCCESS
[ INFO]                        ABORT::0     WARN::0     FLOW::0     DEBUG::0     N/A::0   
[  END] 37 OS_TaskExit          TOTAL::1     PASS::0     FAIL::0     MIR::0     TSF::1     TTF::0   

[BEGIN] 38 OS_TaskDelay
[ PASS] 38.001 ut_oscore_task_test.c:481 - OS_TaskDelay(100) (0) == OS_SUCCESS (0)
[ PASS] 38.002 ut_oscore_task_test.c:485 - Elapsed time 101 msec, expected 100
[ PASS] 38.003 ut_oscore_task_test.c:490 - OS_TaskDelay(250) (0) == OS_SUCCESS (0)
[ PASS] 38.004 ut_oscore_task_test.c:494 - Elapsed time 251 msec, expected 250
[ INFO]                        ABORT::0     WARN::0     FLOW::0     DEBUG::0     N/A::0   
[  END] 38 OS_TaskDelay         TOTAL::4     PASS::4     FAIL::0     MIR::0     TSF::0     TTF::0   

[BEGIN] 39 OS_TaskSetPriority
[ PASS] 39.001 ut_oscore_task_test.c:511 - OS_TaskSetPriority(UT_OBJID_INCORRECT, OSAL_PRIORITY_C(100)) (-16) == OS_ERR_INVALID_ID (-16)
[ PASS] 39.002 ut_oscore_task_test.c:512 - OS_TaskSetPriority(OS_OBJECT_ID_UNDEFINED, OSAL_PRIORITY_C(100)) (-16) == OS_ERR_INVALID_ID (-16)
[  TSF] 39.003 ut_oscore_task_test.c:517 - OS_TaskCreate(&amp;g_task_ids[4], g_task_names[4], generic_test_task, OSAL_STACKPTR_C(&amp;g_task_stacks[4]), sizeof(g_task_stacks[4]), OSAL_PRIORITY_C(UT_TASK_PRIORITY), 0) (-1) &gt;= OS_SUCCESS
[ INFO]                        ABORT::0     WARN::0     FLOW::0     DEBUG::0     N/A::0   
[  END] 39 OS_TaskSetPriority   TOTAL::3     PASS::2     FAIL::0     MIR::0     TSF::1     TTF::0   

[BEGIN] 40 OS_TaskGetId
[  TSF] 40.001 ut_oscore_task_test.c:568 - OS_TaskCreate(&amp;g_task_ids[1], g_task_names[1], getid_test_task, OSAL_STACKPTR_C(&amp;g_task_stacks[1]), sizeof(g_task_stacks[1]), OSAL_PRIORITY_C(UT_TASK_PRIORITY), 0) (-1) &gt;= OS_SUCCESS
[ INFO]                        ABORT::0     WARN::0     FLOW::0     DEBUG::0     N/A::0   
[  END] 40 OS_TaskGetId         TOTAL::1     PASS::0     FAIL::0     MIR::0     TSF::1     TTF::0   

[BEGIN] 41 OS_TaskGetIdByName
[ PASS] 41.001 ut_oscore_task_test.c:601 - OS_TaskGetIdByName(NULL, "Name") (-2) == OS_INVALID_POINTER (-2)
[ PASS] 41.002 ut_oscore_task_test.c:606 - OS_TaskGetIdByName(&amp;g_task_ids[2], NULL) (-2) == OS_INVALID_POINTER (-2)
[ PASS] 41.003 ut_oscore_task_test.c:611 - OS_TaskGetIdByName(&amp;g_task_ids[3], g_long_task_name) (-13) == OS_ERR_NAME_TOO_LONG (-13)
[ PASS] 41.004 ut_oscore_task_test.c:616 - OS_TaskGetIdByName(&amp;g_task_ids[4], "NotFound") (-17) == OS_ERR_NAME_NOT_FOUND (-17)
[  TSF] 41.005 ut_oscore_task_test.c:622 - OS_TaskCreate(&amp;g_task_ids[5], g_task_names[5], generic_test_task, OSAL_STACKPTR_C(&amp;g_task_stacks[5]), sizeof(g_task_stacks[5]), OSAL_PRIORITY_C(UT_TASK_PRIORITY), 0) (-1) &gt;= OS_SUCCESS
[ INFO]                        ABORT::0     WARN::0     FLOW::0     DEBUG::0     N/A::0   
[  END] 41 OS_TaskGetIdByName   TOTAL::5     PASS::4     FAIL::0     MIR::0     TSF::1     TTF::0   

[BEGIN] 42 OS_TaskGetInfo
[ PASS] 42.001 ut_oscore_task_test.c:657 - OS_TaskGetInfo(UT_OBJID_INCORRECT, &amp;task_prop) (-16) == OS_ERR_INVALID_ID (-16)
[ PASS] 42.002 ut_oscore_task_test.c:658 - OS_TaskGetInfo(OS_OBJECT_ID_UNDEFINED, &amp;task_prop) (-16) == OS_ERR_INVALID_ID (-16)

**BUG** OS_TaskGetIdByName():348:check '(task_id) != NULL' FAILED --&gt; OS_INVALID_POINTER


**BUG** OS_TaskGetIdByName():349:check '(task_name) != NULL' FAILED --&gt; OS_INVALID_POINTER

[  TSF] 42.003 ut_oscore_task_test.c:664 - OS_TaskCreate(&amp;g_task_ids[2], g_task_names[2], generic_test_task, OSAL_STACKPTR_C(&amp;g_task_stacks[2]), sizeof(g_task_stacks[2]), OSAL_PRIORITY_C(UT_TASK_PRIORITY), 0) (-1) &gt;= OS_SUCCESS
[  TSF] 42.004 ut_oscore_task_test.c:684 - OS_TaskCreate(&amp;g_task_ids[3], g_task_names[3], generic_test_task, OSAL_STACKPTR_C(&amp;g_task_stacks[3]), sizeof(g_task_stacks[3]), OSAL_PRIORITY_C(UT_TASK_PRIORITY), 0) (-1) &gt;= OS_SUCCESS
[ INFO]                        ABORT::0     WARN::0     FLOW::0     DEBUG::0     N/A::0   
[  END] 42 OS_TaskGetInfo       TOTAL::4     PASS::2     FAIL::0     MIR::0     TSF::2     TTF::0   

[BEGIN] 43 OS_TaskFindIdBySystemData
[ PASS] 43.001 ut_oscore_task_test.c:719 - OS_TaskFindIdBySystemData(NULL, &amp;sysdata, sizeof(sysdata)) (-2) == OS_INVALID_POINTER (-2)
[ PASS] 43.002 ut_oscore_task_test.c:720 - OS_TaskFindIdBySystemData(&amp;task_id, NULL, sizeof(sysdata)) (-2) == OS_INVALID_POINTER (-2)
[ PASS] 43.003 ut_oscore_task_test.c:721 - OS_TaskFindIdBySystemData(&amp;task_id, &amp;sysdata, 0) (-2) == OS_INVALID_POINTER (-2)
[ INFO]                        ABORT::0     WARN::0     FLOW::0     DEBUG::0     N/A::0   
[  END] 43 OS_TaskFindIdBySystemData TOTAL::3     PASS::3     FAIL::0     MIR::0     TSF::0     TTF::0   

[BEGIN] 44 OS_GetErrorName
[ PASS] 44.001 ut_oscore_misc_test.c:447 - OS_GetErrorName(OS_ERROR, NULL) (-2) == OS_INVALID_POINTER (-2)
[ PASS] 44.002 ut_oscore_misc_test.c:452 - OS_GetErrorName(12345, &amp;errNames[0]) (-1) == OS_ERROR (-1)

**BUG** OS_TaskFindIdBySystemData():439:check '(task_id) != NULL' FAILED --&gt; OS_INVALID_POINTER


**BUG** OS_GetErrorName():132:check '(err_name) != NULL' FAILED --&gt; OS_INVALID_POINTER

[ PASS] 44.003 ut_oscore_misc_test.c:457 - OS_GetErrorName(OS_ERR_NAME_TOO_LONG, &amp;errNames[0]) (0) == OS_SUCCESS (0)
[ PASS] 44.004 ut_oscore_misc_test.c:458 - OS_ERR_NAME_TOO_LONG == OS_ERR_NAME_TOO_LONG
[ PASS] 44.005 ut_oscore_misc_test.c:460 - OS_GetErrorName(OS_ERR_NAME_TAKEN, &amp;errNames[1]) (0) == OS_SUCCESS (0)
[ PASS] 44.006 ut_oscore_misc_test.c:461 - OS_ERR_NAME_TAKEN == OS_ERR_NAME_TAKEN
[ PASS] 44.007 ut_oscore_misc_test.c:463 - OS_GetErrorName(OS_ERR_NO_FREE_IDS, &amp;errNames[2]) (0) == OS_SUCCESS (0)
[ PASS] 44.008 ut_oscore_misc_test.c:464 - OS_ERR_NO_FREE_IDS == OS_ERR_NO_FREE_IDS
[ INFO]                        ABORT::0     WARN::0     FLOW::0     DEBUG::0     N/A::0   
[  END] 44 OS_GetErrorName      TOTAL::8     PASS::8     FAIL::0     MIR::0     TSF::0     TTF::0   

[BEGIN] 45 OS_StatusToString
[ PASS] 45.001 ut_oscore_misc_test.c:489 - OS_StatusToString(OS_SUCCESS, NULL) (0x0) == NULL (0x0)
[ PASS] 45.002 ut_oscore_misc_test.c:479 - rtn_addr (0xfffff6030ce8) == status_string (0xfffff6030ce8)
[ PASS] 45.003 ut_oscore_misc_test.c:480 - String: '0' == '0'
[ PASS] 45.004 ut_oscore_misc_test.c:479 - rtn_addr (0xfffff6030ce8) == status_string (0xfffff6030ce8)
[ PASS] 45.005 ut_oscore_misc_test.c:480 - String: '-1' == '-1'
[ PASS] 45.006 ut_oscore_misc_test.c:479 - rtn_addr (0xfffff6030ce8) == status_string (0xfffff6030ce8)
[ PASS] 45.007 ut_oscore_misc_test.c:480 - String: '2147483647' == '2147483647'
[ PASS] 45.008 ut_oscore_misc_test.c:479 - rtn_addr (0xfffff6030ce8) == status_string (0xfffff6030ce8)
[ PASS] 45.009 ut_oscore_misc_test.c:480 - String: '-2147483648' == '-2147483648'
[ INFO]                        ABORT::0     WARN::0     FLOW::0     DEBUG::0     N/A::0   
[  END] 45 OS_StatusToString    TOTAL::9     PASS::9     FAIL::0     MIR::0     TSF::0     TTF::0   

[BEGIN] 46 OS_GetLocalTime
[ PASS] 46.001 ut_oscore_misc_test.c:266 - OS_GetLocalTime(NULL) (-2) == OS_INVALID_POINTER (-2)
[ PASS] 46.002 ut_oscore_misc_test.c:272 - OS_GetLocalTime(&amp;time_struct[i]) (0) == OS_SUCCESS (0)
[ INFO] ut_oscore_misc_test.c:274:[Expecting output after API call to increase over time: 1779982740.995662]

**BUG** OS_GetLocalTime():64:check '(time_struct) != NULL' FAILED --&gt; OS_INVALID_POINTER


**BUG** OS_GetLocalTime():64:check '(time_struct) != NULL' FAILED --&gt; OS_INVALID_POINTER

[ PASS] 46.003 ut_oscore_misc_test.c:272 - OS_GetLocalTime(&amp;time_struct[i]) (0) == OS_SUCCESS (0)
[ INFO] ut_oscore_misc_test.c:274:[Expecting output after API call to increase over time: 1779982741.16358]
[ PASS] 46.004 ut_oscore_misc_test.c:272 - OS_GetLocalTime(&amp;time_struct[i]) (0) == OS_SUCCESS (0)
[ INFO] ut_oscore_misc_test.c:274:[Expecting output after API call to increase over time: 1779982741.38057]
[ PASS] 46.005 ut_oscore_misc_test.c:272 - OS_GetLocalTime(&amp;time_struct[i]) (0) == OS_SUCCESS (0)
[ INFO] ut_oscore_misc_test.c:274:[Expecting output after API call to increase over time: 1779982741.61097]
[ PASS] 46.006 ut_oscore_misc_test.c:272 - OS_GetLocalTime(&amp;time_struct[i]) (0) == OS_SUCCESS (0)
[ INFO] ut_oscore_misc_test.c:274:[Expecting output after API call to increase over time: 1779982741.85974]
[ INFO]                        ABORT::0     WARN::0     FLOW::0     DEBUG::0     N/A::0   
[  END] 46 OS_GetLocalTime      TOTAL::6     PASS::6     FAIL::0     MIR::0     TSF::0     TTF::0   

[BEGIN] 47 OS_SetLocalTime
[ PASS] 47.001 ut_oscore_misc_test.c:352 - OS_SetLocalTime(NULL) (-2) == OS_INVALID_POINTER (-2)
[ PASS] 47.002 ut_oscore_misc_test.c:359 - OS_GetLocalTime(&amp;time_struct[i]) (0) == OS_SUCCESS (0)
[ INFO] ut_oscore_misc_test.c:360:[Expecting output before API call to increase over time: 1779982741.107430]

**BUG** OS_SetLocalTime():78:check '(time_struct) != NULL' FAILED --&gt; OS_INVALID_POINTER


**BUG** OS_SetLocalTime():78:check '(time_struct) != NULL' FAILED --&gt; OS_INVALID_POINTER

[ PASS] 47.003 ut_oscore_misc_test.c:359 - OS_GetLocalTime(&amp;time_struct[i]) (0) == OS_SUCCESS (0)
[ INFO] ut_oscore_misc_test.c:360:[Expecting output before API call to increase over time: 1779982741.132391]
[ PASS] 47.004 ut_oscore_misc_test.c:359 - OS_GetLocalTime(&amp;time_struct[i]) (0) == OS_SUCCESS (0)
[ INFO] ut_oscore_misc_test.c:360:[Expecting output before API call to increase over time: 1779982741.154414]
[ PASS] 47.005 ut_oscore_misc_test.c:359 - OS_GetLocalTime(&amp;time_struct[i]) (0) == OS_SUCCESS (0)
[ INFO] ut_oscore_misc_test.c:360:[Expecting output before API call to increase over time: 1779982741.175750]
[ PASS] 47.006 ut_oscore_misc_test.c:359 - OS_GetLocalTime(&amp;time_struct[i]) (0) == OS_SUCCESS (0)
[ INFO] ut_oscore_misc_test.c:360:[Expecting output before API call to increase over time: 1779982741.197549]
[  MIR] 47.007 ut_os_support.h:89 - OS_SetLocalTime(&amp;time_struct[0]) value=-1
[ INFO] ut_oscore_misc_test.c:378:Failed OS_SetLocalTime(), Check to see if your system has the required premission.
[ INFO]                        ABORT::0     WARN::0     FLOW::0     DEBUG::0     N/A::0   
[  END] 47 OS_SetLocalTime      TOTAL::7     PASS::6     FAIL::0     MIR::1     TSF::0     TTF::0   

[BEGIN] 48 OS_HeapGetInfo
[ PASS] 48.001 ut_oscore_misc_test.c:535 - OS_HeapGetInfo(NULL) (-2) == OS_INVALID_POINTER (-2)
[  N/A] 48.002 ut_oscore_misc_test.c:540 - OS_HeapGetInfo(&amp;heapProp) (-28) == OS_SUCCESS (0)
[ INFO]                        ABORT::0     WARN::0     FLOW::0     DEBUG::0     N/A::1   
[  END] 48 OS_HeapGetInfo       TOTAL::2     PASS::1     FAIL::0     MIR::0     TSF::0     TTF::0   

[BEGIN] 49 Cleanup

**BUG** OS_HeapGetInfo():50:check '(heap_prop) != NULL' FAILED --&gt; OS_INVALID_POINTER

[  END] No test cases
[ INFO]                        ABORT::0     WARN::0     FLOW::0     DEBUG::0     N/A::2   
[  END] 48 SUMMARY              TOTAL::292   PASS::208   FAIL::1     MIR::6     TSF::10    TTF::65  
COMPLETE: 48 tests Segment(s) executed

</system-out>
	</testcase>
	<testcase name="osal_loader_UT" classname="osal_loader_UT" time="0.0663702" status="run">
		<properties/>
		<system-out>
[BEGIN] UNIT TEST

[BEGIN] 01 SETUP
[  END] No test cases

[BEGIN] 01 OS_ModuleLoad
[ PASS] 01.001 ut_osloader_module_test.c:85 - OS_ModuleLoad(0, "TestModule", UT_OS_GENERIC_MODULE_NAME1, OS_MODULE_FLAG_LOCAL_SYMBOLS) (-2) == OS_INVALID_POINTER (-2)
[ PASS] 01.002 ut_osloader_module_test.c:91 - OS_ModuleLoad(&amp;module_id, 0, UT_OS_GENERIC_MODULE_NAME1, OS_MODULE_FLAG_LOCAL_SYMBOLS) (-2) == OS_INVALID_POINTER (-2)
[ PASS] 01.003 ut_osloader_module_test.c:97 - OS_ModuleLoad(&amp;module_id, "TestModule", 0, OS_MODULE_FLAG_LOCAL_SYMBOLS) (-2) == OS_INVALID_POINTER (-2)
[ PASS] 01.004 ut_osloader_module_test.c:104 - OS_ModuleLoad(&amp;module_id, module_name, UT_OS_GENERIC_MODULE_NAME1, OS_MODULE_FLAG_LOCAL_SYMBOLS) (-13) == OS_ERR_NAME_TOO_LONG (-13)
[ PASS] 01.005 ut_osloader_module_test.c:112 - OS_ModuleLoad(&amp;module_id, "TestModule", module_file_name, OS_MODULE_FLAG_LOCAL_SYMBOLS) (-108) == OS_FS_ERR_PATH_INVALID (-108)

**BUG** OS_ModuleLoad():199:check '(module_id) != NULL' FAILED --&gt; OS_INVALID_POINTER


**BUG** OS_M...
[This part of the test output was removed since it exceeds the threshold of 1024 bytes.]
</system-out>
	</testcase>
	<testcase name="osal_filesys_UT" classname="osal_filesys_UT" time="0.0280576" status="run">
		<properties/>
		<system-out>
[BEGIN] UNIT TEST

[BEGIN] 01 SETUP
[  END] No test cases

[BEGIN] 01 OS_mkfs
[ PASS] 01.001 ut_osfilesys_diskio_test.c:254 - OS_mkfs(g_fsAddrPtr, NULL, g_volNames[1], OSAL_SIZE_C(0), OSAL_BLOCKCOUNT_C(0)) (-2) == OS_INVALID_POINTER (-2)
[ PASS] 01.002 ut_osfilesys_diskio_test.c:255 - OS_mkfs(g_fsAddrPtr, g_devNames[1], NULL, OSAL_SIZE_C(0), OSAL_BLOCKCOUNT_C(0)) (-2) == OS_INVALID_POINTER (-2)
[ PASS] 01.003 ut_osfilesys_diskio_test.c:260 - OS_mkfs(g_fsAddrPtr, g_fsLongName, g_volNames[2], g_blkSize, g_blkCnt) (-103) == OS_FS_ERR_PATH_TOO_LONG (-103)

**BUG** OS_FileSys_Initialize():148:check '(fsdevname) != NULL' FAILED --&gt; OS_INVALID_POINTER


**BUG** OS_FileSys_Initialize():148:check '(fsdevname) != NULL' FAILED --&gt; OS_INVALID_POINTER


**BUG** OS_FileSys_Initialize():149:check '(fsvolname) != NULL' FAILED --&gt; OS_INVALID_POINTER

[ PASS] 01.004 ut_osfilesys_diskio_test.c:261 - OS_mkfs(g_fsAddrPtr, g_devNames[2], g_fsLongName, g_blkSize, g_blkCnt) (-103) == OS_FS_ERR_PATH_TOO_LONG (-103)
[ PASS] 01.005 ut...
[This part of the test output was removed since it exceeds the threshold of 1024 bytes.]
</system-out>
	</testcase>
	<testcase name="osal_file_UT" classname="osal_file_UT" time="0.0299106" status="run">
		<properties/>
		<system-out>
[BEGIN] UNIT TEST

[BEGIN] 01 SETUP
[ PASS] 01.001 ut_osfile_fileio_test.c:106 - OS_API_Init() (0) == OS_SUCCESS (0)
[ INFO]                        ABORT::0     WARN::0     FLOW::0     DEBUG::0     N/A::0   
[  END] 01 SETUP                TOTAL::1     PASS::1     FAIL::0     MIR::0     TSF::0     TTF::0   

[BEGIN] 02 OS_mkdir
[ PASS] 02.001 ut_osfile_dirio_test.c:132 - OS_mkdir(NULL, OS_READ_WRITE) (-2) == OS_INVALID_POINTER (-2)
[ PASS] 02.002 ut_osfile_dirio_test.c:137 - OS_mkdir(g_longPathName, OS_READ_WRITE) (-103) == OS_FS_ERR_PATH_TOO_LONG (-103)
[ PASS] 02.003 ut_osfile_dirio_test.c:142 - OS_mkdir("tmpDir", OS_READ_WRITE) (-108) == OS_FS_ERR_PATH_INVALID (-108)

**BUG** OS_TranslatePath():688:check '(VirtualPath) != NULL' FAILED --&gt; OS_INVALID_POINTER

[ PASS] 02.004 ut_osfile_dirio_test.c:149 - OS_mkdir(g_dirName, OS_READ_WRITE) (0) == OS_SUCCESS (0)
[ PASS] 02.005 ut_osfile_dirio_test.c:153 - OS_OpenCreate(&amp;fileDesc, g_fileName, OS_FILE_FLAG_CREATE | OS_FILE_FLAG_TRUNCATE, OS_READ_WRITE) (0) == OS...
[This part of the test output was removed since it exceeds the threshold of 1024 bytes.]
</system-out>
	</testcase>
	<testcase name="osal_network_UT" classname="osal_network_UT" time="0.0311727" status="run">
		<properties/>
		<system-out>
[BEGIN] UNIT TEST

[BEGIN] 01 SETUP
[  END] No test cases

[BEGIN] 01 OS_NetworkGetID
[  MIR] 01.001 ut_os_support.h:89 - OS_NetworkGetID() value=313262592
[ INFO]                        ABORT::0     WARN::0     FLOW::0     DEBUG::0     N/A::0   
[  END] 01 OS_NetworkGetID      TOTAL::1     PASS::0     FAIL::0     MIR::1     TSF::0     TTF::0   

[BEGIN] 02 OS_NetworkGetHostName
[ PASS] 02.001 ut_osnetwork_misc_test.c:151 - OS_NetworkGetHostName(NULL, sizeof(buffer)) (-2) == OS_INVALID_POINTER (-2)
[ PASS] 02.002 ut_osnetwork_misc_test.c:156 - OS_NetworkGetHostName(buffer, 0) (-40) == OS_ERR_INVALID_SIZE (-40)
[ PASS] 02.003 ut_osnetwork_misc_test.c:164 - OS_NetworkGetHostName(buffer, sizeof(buffer)) (0) == OS_SUCCESS (0)
[ INFO]                        ABORT::0     WARN::0     FLOW::0     DEBUG::0     N/A::0   
[  END] 02 OS_NetworkGetHostName TOTAL::3     PASS::3     FAIL::0     MIR::0     TSF::0     TTF::0   

[BEGIN] 03 Cleanup

**BUG** OS_NetworkGetHostName():65:check '(host_name) != NULL' FAILED --&gt; OS_...
[This part of the test output was removed since it exceeds the threshold of 1024 bytes.]
</system-out>
	</testcase>
	<testcase name="osal_timer_UT" classname="osal_timer_UT" time="5.32333" status="run">
		<properties/>
		<system-out>
[BEGIN] UNIT TEST

[BEGIN] 01 SETUP
[  END] No test cases

[BEGIN] 01 OS_TimerCreate
[ PASS] 01.001 ut_ostimer_timerio_test.c:183 - OS_TimerCreate(NULL, g_timerNames[1], &amp;g_clkAccuracy, &amp;UT_os_timercallback) (-2) == OS_INVALID_POINTER (-2)
[ PASS] 01.002 ut_ostimer_timerio_test.c:184 - OS_TimerCreate(&amp;g_timerIds[1], NULL, &amp;g_clkAccuracy, &amp;UT_os_timercallback) (-2) == OS_INVALID_POINTER (-2)
[ PASS] 01.003 ut_ostimer_timerio_test.c:185 - OS_TimerCreate(&amp;g_timerIds[1], g_timerNames[1], NULL, &amp;UT_os_timercallback) (-2) == OS_INVALID_POINTER (-2)
[ PASS] 01.004 ut_ostimer_timerio_test.c:190 - OS_TimerCreate(&amp;g_timerIds[2], g_longTimerName, &amp;g_clkAccuracy, &amp;UT_os_timercallback) (-13) == OS_ERR_NAME_TOO_LONG (-13)
[ PASS] 01.005 ut_ostimer_timerio_test.c:200 - OS_TimerCreate(&amp;g_timerIds[2], tmpStr, &amp;g_clkAccuracy, &amp;UT_os_timercallback) (-13) == OS_ERR_NAME_TOO_LONG (-13)

**BUG** OS_TimerCreate():250:check '(timer_id) != NULL' FAILED --&gt; OS_INVALID_POINTER


**BUG** OS_TimerCreate():251:check '(timer_name) != NULL...
[This part of the test output was removed since it exceeds the threshold of 1024 bytes.]
</system-out>
	</testcase>
</testsuite>
