TN:
SF:/home/cfs/opensource_cFS/cFS/osal/src/os/inc/osapi-clock.h
FN:225,228,OS_TimeGetTotalSeconds
FN:259,262,OS_TimeGetTotalMilliseconds
FN:276,280,OS_TimeFromTotalMilliseconds
FN:365,368,OS_TimeGetFractionalPart
FN:433,436,OS_TimeGetMicrosecondsPart
FN:452,455,OS_TimeGetNanosecondsPart
FN:473,479,OS_TimeAssembleFromNanoseconds
FN:562,566,OS_TimeAdd
FN:577,581,OS_TimeSubtract
FN:593,596,OS_TimeEqual
FN:608,611,OS_TimeGetSign
FNDA:15,OS_TimeGetTotalSeconds
FNDA:6,OS_TimeGetTotalMilliseconds
FNDA:3,OS_TimeFromTotalMilliseconds
FNDA:15,OS_TimeGetFractionalPart
FNDA:9,OS_TimeGetMicrosecondsPart
FNDA:6,OS_TimeGetNanosecondsPart
FNDA:12,OS_TimeAssembleFromNanoseconds
FNDA:3,OS_TimeAdd
FNDA:21,OS_TimeSubtract
FNDA:42,OS_TimeEqual
FNDA:96,OS_TimeGetSign
FNF:11
FNH:11
DA:225,15
DA:227,15
DA:259,6
DA:261,6
DA:276,3
DA:278,3
DA:279,3
DA:365,15
DA:367,15
DA:433,9
DA:435,9
DA:452,6
DA:454,6
DA:473,12
DA:476,12
DA:477,12
DA:478,12
DA:562,3
DA:564,3
DA:565,3
DA:577,21
DA:579,21
DA:580,21
DA:593,42
DA:595,42
DA:608,96
DA:610,96
LF:27
LH:27
end_of_record
TN:
SF:/home/cfs/opensource_cFS/cFS/osal/src/os/inc/osapi-error.h
FN:166,169,OS_StatusToInteger
FNDA:12,OS_StatusToInteger
FNF:1
FNH:1
DA:166,12
DA:168,12
LF:2
LH:2
end_of_record
TN:
SF:/home/cfs/opensource_cFS/cFS/osal/src/os/inc/osapi-idmap.h
FN:103,112,OS_ObjectIdFromInteger
FN:130,133,OS_ObjectIdEqual
FN:151,154,OS_ObjectIdDefined
FN:81,88,OS_ObjectIdToInteger
FNDA:191448,OS_ObjectIdFromInteger
FNDA:2295,OS_ObjectIdEqual
FNDA:239088,OS_ObjectIdDefined
FNDA:440091,OS_ObjectIdToInteger
FNF:4
FNH:4
DA:81,440091
DA:86,440091
DA:103,191448
DA:108,191448
DA:111,191448
DA:130,2295
DA:132,2295
DA:151,239088
DA:153,239088
LF:9
LH:9
end_of_record
TN:
SF:/home/cfs/opensource_cFS/cFS/osal/src/os/portable/os-impl-bsd-select.c
FN:131,158,OS_FdSet_ConvertOut_Impl
FN:167,229,OS_DoSelect
FN:241,303,OS_SelectSingle_Impl
FN:311,364,OS_SelectMultiple_Impl
FN:73,116,OS_FdSet_ConvertIn_Impl
FNDA:18,OS_FdSet_ConvertOut_Impl
FNDA:36,OS_DoSelect
FNDA:30,OS_SelectSingle_Impl
FNDA:27,OS_SelectMultiple_Impl
FNDA:36,OS_FdSet_ConvertIn_Impl
FNF:5
FNH:5
BRDA:83,0,0,252
BRDA:83,0,1,36
BRDA:87,0,0,861
BRDA:87,0,1,252
BRDA:90,0,0,858
BRDA:90,0,1,3
BRDA:90,0,2,768
BRDA:90,0,3,90
BRDA:93,0,0,462
BRDA:93,0,1,306
BRDA:95,0,0,456
BRDA:95,0,1,6
BRDA:95,0,2,423
BRDA:95,0,3,33
BRDA:103,0,0,24
BRDA:103,0,1,9
BRDA:139,0,0,126
BRDA:139,0,1,18
BRDA:143,0,0,354
BRDA:143,0,1,126
BRDA:146,0,0,351
BRDA:146,0,1,3
BRDA:146,0,2,315
BRDA:146,0,3,36
BRDA:149,0,0,18
BRDA:149,0,1,297
BRDA:149,0,2,15
BRDA:149,0,3,3
BRDA:176,0,0,6
BRDA:176,0,1,30
BRDA:190,0,0,36
BRDA:190,0,1,6
BRDA:192,0,0,18
BRDA:192,0,1,18
BRDA:197,0,0,27
BRDA:197,0,1,9
BRDA:213,0,0,9
BRDA:213,0,1,33
BRDA:213,0,2,3
BRDA:213,0,3,6
BRDA:213,0,4,3
BRDA:213,0,5,3
BRDA:215,0,0,3
BRDA:215,0,1,33
BRDA:219,0,0,12
BRDA:219,0,1,21
BRDA:254,0,0,3
BRDA:254,0,1,27
BRDA:259,0,0,3
BRDA:259,0,1,24
BRDA:265,0,0,21
BRDA:265,0,1,3
BRDA:269,0,0,18
BRDA:269,0,1,3
BRDA:273,0,0,18
BRDA:273,0,1,3
BRDA:280,0,0,9
BRDA:280,0,1,12
BRDA:282,0,0,6
BRDA:282,0,1,3
BRDA:286,0,0,6
BRDA:286,0,1,3
BRDA:321,0,0,21
BRDA:321,0,1,6
BRDA:324,0,0,6
BRDA:324,0,1,15
BRDA:329,0,0,15
BRDA:329,0,1,6
BRDA:332,0,0,3
BRDA:332,0,1,12
BRDA:338,0,0,15
BRDA:338,0,1,3
BRDA:351,0,0,12
BRDA:351,0,1,6
BRDA:353,0,0,9
BRDA:353,0,1,3
BRDA:357,0,0,9
BRDA:357,0,1,3
BRF:78
BRH:78
DA:73,36
DA:82,36
DA:83,288
DA:85,252
DA:86,252
DA:87,1113
DA:89,861
DA:90,861
DA:92,768
DA:93,768
DA:95,462
DA:98,429
DA:102,33
DA:103,33
DA:105,24
DA:110,861
DA:111,861
DA:115,36
DA:131,18
DA:139,144
DA:141,126
DA:142,126
DA:143,480
DA:145,354
DA:146,354
DA:148,315
DA:149,315
DA:151,312
DA:154,354
DA:155,354
DA:158,18
DA:167,36
DA:176,36
DA:178,6
DA:183,30
DA:186,36
DA:190,42
DA:192,36
DA:194,18
DA:195,18
DA:197,36
DA:200,27
DA:201,27
DA:206,9
DA:207,9
DA:211,42
DA:213,42
DA:215,36
DA:217,3
DA:219,33
DA:221,12
DA:225,21
DA:228,36
DA:241,30
DA:248,30
DA:254,30
DA:256,3
DA:259,27
DA:262,3
DA:265,24
DA:267,21
DA:268,21
DA:269,21
DA:271,18
DA:273,21
DA:275,18
DA:278,21
DA:280,21
DA:282,9
DA:284,6
DA:286,9
DA:288,6
DA:293,12
DA:299,3
DA:302,24
DA:311,27
DA:318,27
DA:319,27
DA:320,27
DA:321,27
DA:323,21
DA:324,21
DA:326,6
DA:329,21
DA:331,15
DA:332,15
DA:334,3
DA:338,18
DA:340,15
DA:348,3
DA:351,18
DA:353,12
DA:355,9
DA:357,12
DA:359,9
DA:363,18
LF:96
LH:96
end_of_record
TN:
SF:/home/cfs/opensource_cFS/cFS/osal/src/os/portable/os-impl-bsd-sockets-dns.c
FN:112,171,OS_SocketAddrFromString_Impl
FN:64,104,OS_SocketAddrToString_Impl
FNDA:27,OS_SocketAddrFromString_Impl
FNDA:18,OS_SocketAddrToString_Impl
FNF:2
FNH:2
BRDA:72,0,0,9
BRDA:72,0,1,6
BRDA:72,0,2,3
BRDA:86,0,0,6
BRDA:86,0,1,9
BRDA:90,0,0,3
BRDA:90,0,1,6
BRDA:94,0,0,3
BRDA:94,0,1,3
BRDA:124,0,0,12
BRDA:124,0,1,12
BRDA:124,0,2,3
BRDA:144,0,0,15
BRDA:144,0,1,9
BRDA:146,0,0,15
BRDA:146,0,1,9
BRDA:149,0,0,9
BRDA:149,0,1,6
BRDA:149,0,2,6
BRDA:149,0,3,3
BRDA:160,0,0,3
BRDA:160,0,1,6
BRDA:165,0,0,3
BRDA:165,0,1,3
BRF:24
BRH:24
DA:64,18
DA:70,18
DA:72,18
DA:74,9
DA:75,9
DA:77,6
DA:78,6
DA:80,3
DA:81,3
DA:85,15
DA:86,15
DA:88,6
DA:90,9
DA:92,3
DA:94,6
DA:96,3
DA:100,3
DA:103,15
DA:112,27
DA:122,27
DA:124,27
DA:126,12
DA:127,12
DA:128,12
DA:129,12
DA:131,12
DA:132,12
DA:133,12
DA:134,12
DA:136,3
DA:137,3
DA:141,24
DA:143,24
DA:144,24
DA:146,24
DA:149,15
DA:151,6
DA:152,6
DA:153,6
DA:154,6
DA:158,15
DA:160,9
DA:163,3
DA:165,6
DA:167,3
DA:170,24
LF:46
LH:46
end_of_record
TN:
SF:/home/cfs/opensource_cFS/cFS/osal/src/os/portable/os-impl-bsd-sockets-no-dns.c
FN:63,91,OS_SocketAddrToString_Impl
FN:99,128,OS_SocketAddrFromString_Impl
FNDA:12,OS_SocketAddrToString_Impl
FNDA:12,OS_SocketAddrFromString_Impl
FNF:2
FNH:2
BRDA:70,0,0,6
BRDA:70,0,1,3
BRDA:70,0,2,3
BRDA:85,0,0,3
BRDA:85,0,1,6
BRDA:106,0,0,6
BRDA:106,0,1,3
BRDA:106,0,2,3
BRDA:122,0,0,3
BRDA:122,0,1,6
BRF:10
BRH:10
DA:63,12
DA:68,12
DA:70,12
DA:72,6
DA:73,6
DA:74,6
DA:76,3
DA:77,3
DA:78,3
DA:80,3
DA:81,3
DA:85,9
DA:87,3
DA:90,6
DA:99,12
DA:104,12
DA:106,12
DA:108,6
DA:109,6
DA:110,6
DA:112,3
DA:113,3
DA:114,3
DA:116,3
DA:117,3
DA:122,9
DA:124,3
DA:127,6
LF:28
LH:28
end_of_record
TN:
SF:/home/cfs/opensource_cFS/cFS/osal/src/os/portable/os-impl-bsd-sockets.c
FN:109,129,OS_SocketGetDSCP_Impl
FN:137,165,OS_SocketSetDSCP_Impl
FN:177,246,OS_SocketOpen_Impl
FN:254,293,OS_SocketBindAddress_Impl
FN:301,316,OS_SocketListen_Impl
FN:324,412,OS_SocketConnect_Impl
FN:420,453,OS_SocketShutdown_Impl
FN:461,509,OS_SocketAccept_Impl
FN:517,603,OS_SocketRecvFrom_Impl
FN:611,652,OS_SocketSendTo_Impl
FN:660,663,OS_SocketGetInfo_Impl
FN:671,692,OS_SocketGetOption_Impl
FN:700,723,OS_SocketSetOption_Impl
FN:731,767,OS_SocketAddrInit_Impl
FN:77,101,OS_SetSocketDefaultFlags_Impl
FN:775,800,OS_SocketAddrGetPort_Impl
FN:808,831,OS_SocketAddrSetPort_Impl
FNDA:6,OS_SocketGetDSCP_Impl
FNDA:9,OS_SocketSetDSCP_Impl
FNDA:12,OS_SocketOpen_Impl
FNDA:12,OS_SocketBindAddress_Impl
FNDA:6,OS_SocketListen_Impl
FNDA:27,OS_SocketConnect_Impl
FNDA:12,OS_SocketShutdown_Impl
FNDA:12,OS_SocketAccept_Impl
FNDA:21,OS_SocketRecvFrom_Impl
FNDA:9,OS_SocketSendTo_Impl
FNDA:3,OS_SocketGetInfo_Impl
FNDA:12,OS_SocketGetOption_Impl
FNDA:15,OS_SocketSetOption_Impl
FNDA:9,OS_SocketAddrInit_Impl
FNDA:9,OS_SetSocketDefaultFlags_Impl
FNDA:9,OS_SocketAddrGetPort_Impl
FNDA:9,OS_SocketAddrSetPort_Impl
FNF:17
FNH:17
BRDA:85,0,0,6
BRDA:85,0,1,3
BRDA:119,0,0,3
BRDA:119,0,1,3
BRDA:148,0,0,3
BRDA:148,0,1,6
BRDA:157,0,0,3
BRDA:157,0,1,3
BRDA:191,0,0,6
BRDA:191,0,1,3
BRDA:191,0,2,3
BRDA:207,0,0,3
BRDA:207,0,1,3
BRDA:207,0,2,3
BRDA:222,0,0,3
BRDA:222,0,1,3
BRDA:265,0,0,6
BRDA:265,0,1,3
BRDA:265,0,2,3
BRDA:280,0,0,3
BRDA:280,0,1,9
BRDA:286,0,0,3
BRDA:286,0,1,6
BRDA:309,0,0,3
BRDA:309,0,1,3
BRDA:337,0,0,6
BRDA:337,0,1,18
BRDA:337,0,2,3
BRDA:352,0,0,3
BRDA:352,0,1,24
BRDA:360,0,0,21
BRDA:360,0,1,3
BRDA:362,0,0,3
BRDA:362,0,1,18
BRDA:383,0,0,15
BRDA:383,0,1,3
BRDA:387,0,0,15
BRDA:387,0,1,3
BRDA:389,0,0,3
BRDA:389,0,1,12
BRDA:402,0,0,9
BRDA:402,0,1,3
BRDA:402,0,2,3
BRDA:402,0,3,6
BRDA:430,0,0,6
BRDA:430,0,1,6
BRDA:434,0,0,3
BRDA:434,0,1,3
BRDA:443,0,0,9
BRDA:443,0,1,3
BRDA:476,0,0,6
BRDA:476,0,1,6
BRDA:485,0,0,9
BRDA:485,0,1,3
BRDA:487,0,0,3
BRDA:487,0,1,6
BRDA:495,0,0,3
BRDA:495,0,1,3
BRDA:533,0,0,6
BRDA:533,0,1,15
BRDA:549,0,0,6
BRDA:549,0,1,15
BRDA:557,0,0,12
BRDA:557,0,1,3
BRDA:569,0,0,18
BRDA:569,0,1,3
BRDA:571,0,0,3
BRDA:571,0,1,15
BRDA:578,0,0,9
BRDA:578,0,1,6
BRDA:580,0,0,6
BRDA:580,0,1,3
BRDA:580,0,2,3
BRDA:580,0,3,3
BRDA:594,0,0,3
BRDA:594,0,1,3
BRDA:624,0,0,3
BRDA:624,0,1,3
BRDA:624,0,2,3
BRDA:639,0,0,3
BRDA:639,0,1,6
BRDA:645,0,0,3
BRDA:645,0,1,3
BRDA:677,0,0,3
BRDA:677,0,1,6
BRDA:677,0,2,3
BRDA:708,0,0,3
BRDA:708,0,1,9
BRDA:708,0,2,3
BRDA:740,0,0,3
BRDA:740,0,1,3
BRDA:740,0,2,3
BRDA:758,0,0,3
BRDA:758,0,1,6
BRDA:782,0,0,3
BRDA:782,0,1,3
BRDA:782,0,2,3
BRDA:816,0,0,3
BRDA:816,0,1,3
BRDA:816,0,2,3
BRF:100
BRH:100
DA:77,9
DA:82,9
DA:84,9
DA:85,9
DA:92,6
DA:93,6
DA:100,9
DA:101,9
DA:109,6
DA:116,6
DA:118,6
DA:119,6
DA:123,3
DA:126,3
DA:128,3
DA:137,9
DA:144,9
DA:147,9
DA:148,9
DA:152,3
DA:155,6
DA:157,6
DA:161,3
DA:164,3
DA:177,12
DA:186,12
DA:187,12
DA:189,12
DA:191,12
DA:193,6
DA:194,6
DA:195,6
DA:196,6
DA:198,3
DA:199,3
DA:200,3
DA:201,3
DA:203,3
DA:204,3
DA:207,9
DA:209,3
DA:210,3
DA:211,3
DA:213,3
DA:214,3
DA:215,3
DA:217,3
DA:218,3
DA:221,6
DA:222,6
DA:224,3
DA:231,3
DA:232,3
DA:243,3
DA:245,3
DA:254,12
DA:261,12
DA:263,12
DA:265,12
DA:267,6
DA:268,6
DA:269,6
DA:271,3
DA:272,3
DA:273,3
DA:275,3
DA:276,3
DA:277,3
DA:280,12
DA:282,3
DA:285,9
DA:286,9
DA:289,3
DA:292,6
DA:301,6
DA:306,6
DA:308,6
DA:309,6
DA:312,3
DA:315,3
DA:324,27
DA:334,27
DA:336,27
DA:337,27
DA:339,6
DA:340,6
DA:341,6
DA:343,18
DA:344,18
DA:345,18
DA:347,3
DA:348,3
DA:349,3
DA:352,27
DA:354,3
DA:358,24
DA:359,24
DA:360,24
DA:362,21
DA:365,3
DA:382,18
DA:383,18
DA:385,15
DA:387,18
DA:389,15
DA:391,3
DA:399,12
DA:400,12
DA:401,12
DA:402,12
DA:404,6
DA:411,27
DA:420,12
DA:426,12
DA:430,12
DA:432,6
DA:434,6
DA:436,3
DA:440,3
DA:443,12
DA:445,9
DA:449,3
DA:452,12
DA:461,12
DA:472,12
DA:473,12
DA:475,12
DA:476,12
DA:478,6
DA:482,6
DA:485,12
DA:487,9
DA:489,3
DA:493,6
DA:494,6
DA:495,6
DA:497,3
DA:501,3
DA:503,3
DA:508,12
DA:517,21
DA:531,21
DA:533,21
DA:535,6
DA:536,6
DA:540,15
DA:541,15
DA:544,21
DA:549,21
DA:551,6
DA:552,6
DA:557,15
DA:559,12
DA:564,3
DA:566,15
DA:569,21
DA:571,18
DA:573,3
DA:577,15
DA:578,15
DA:580,9
DA:582,6
DA:587,3
DA:592,6
DA:594,6
DA:596,3
DA:602,21
DA:611,9
DA:621,9
DA:623,9
DA:624,9
DA:626,3
DA:627,3
DA:628,3
DA:630,3
DA:631,3
DA:632,3
DA:634,3
DA:635,3
DA:636,3
DA:639,9
DA:641,3
DA:644,6
DA:645,6
DA:648,3
DA:651,3
DA:660,3
DA:662,3
DA:671,12
DA:675,12
DA:677,12
DA:679,3
DA:680,3
DA:681,3
DA:683,6
DA:684,6
DA:685,6
DA:687,3
DA:688,3
DA:691,12
DA:700,15
DA:706,15
DA:708,15
DA:710,3
DA:711,3
DA:712,3
DA:714,9
DA:715,9
DA:716,9
DA:718,3
DA:719,3
DA:722,15
DA:731,9
DA:737,9
DA:738,9
DA:740,9
DA:742,3
DA:743,3
DA:744,3
DA:745,3
DA:747,3
DA:748,3
DA:749,3
DA:750,3
DA:752,3
DA:753,3
DA:754,3
DA:755,3
DA:758,9
DA:760,3
DA:763,6
DA:764,6
DA:766,6
DA:775,9
DA:780,9
DA:782,9
DA:784,3
DA:785,3
DA:786,3
DA:788,3
DA:789,3
DA:790,3
DA:792,3
DA:793,3
DA:797,6
DA:799,6
DA:808,9
DA:813,9
DA:814,9
DA:816,9
DA:818,3
DA:819,3
DA:820,3
DA:822,3
DA:823,3
DA:824,3
DA:826,3
DA:827,3
DA:830,6
LF:259
LH:259
end_of_record
TN:
SF:/home/cfs/opensource_cFS/cFS/osal/src/os/portable/os-impl-console-bsp.c
FN:54,93,OS_ConsoleOutput_Impl
FNDA:6,OS_ConsoleOutput_Impl
FNF:1
FNH:1
BRDA:67,0,0,9
BRDA:67,0,1,6
BRDA:69,0,0,3
BRDA:69,0,1,6
BRDA:82,0,0,3
BRDA:82,0,1,6
BRF:6
BRH:6
DA:54,6
DA:61,6
DA:62,6
DA:63,6
DA:65,6
DA:67,15
DA:69,9
DA:72,3
DA:76,6
DA:79,9
DA:81,9
DA:82,9
DA:85,3
DA:89,6
DA:92,6
DA:93,6
LF:16
LH:16
end_of_record
TN:
SF:/home/cfs/opensource_cFS/cFS/osal/src/os/portable/os-impl-no-condvar.c
FN:34,37,OS_CondVarCreate_Impl
FN:39,42,OS_CondVarLock_Impl
FN:44,47,OS_CondVarUnlock_Impl
FN:49,52,OS_CondVarSignal_Impl
FN:54,57,OS_CondVarBroadcast_Impl
FN:59,62,OS_CondVarWait_Impl
FN:64,67,OS_CondVarTimedWait_Impl
FN:69,72,OS_CondVarDelete_Impl
FN:74,77,OS_CondVarGetInfo_Impl
FNDA:3,OS_CondVarCreate_Impl
FNDA:3,OS_CondVarLock_Impl
FNDA:3,OS_CondVarUnlock_Impl
FNDA:3,OS_CondVarSignal_Impl
FNDA:3,OS_CondVarBroadcast_Impl
FNDA:3,OS_CondVarWait_Impl
FNDA:3,OS_CondVarTimedWait_Impl
FNDA:3,OS_CondVarDelete_Impl
FNDA:3,OS_CondVarGetInfo_Impl
FNF:9
FNH:9
DA:34,3
DA:36,3
DA:39,3
DA:41,3
DA:44,3
DA:46,3
DA:49,3
DA:51,3
DA:54,3
DA:56,3
DA:59,3
DA:61,3
DA:64,3
DA:66,3
DA:69,3
DA:71,3
DA:74,3
DA:76,3
LF:18
LH:18
end_of_record
TN:
SF:/home/cfs/opensource_cFS/cFS/osal/src/os/portable/os-impl-no-file-allocate.c
FN:63,66,OS_FileAllocate_Impl
FNDA:3,OS_FileAllocate_Impl
FNF:1
FNH:1
DA:63,3
DA:65,3
LF:2
LH:2
end_of_record
TN:
SF:/home/cfs/opensource_cFS/cFS/osal/src/os/portable/os-impl-no-loader.c
FN:36,39,OS_ModuleLoad_Impl
FN:47,50,OS_ModuleUnload_Impl
FN:58,61,OS_ModuleGetInfo_Impl
FNDA:3,OS_ModuleLoad_Impl
FNDA:3,OS_ModuleUnload_Impl
FNDA:3,OS_ModuleGetInfo_Impl
FNF:3
FNH:3
DA:36,3
DA:38,3
DA:47,3
DA:49,3
DA:58,3
DA:60,3
LF:6
LH:6
end_of_record
TN:
SF:/home/cfs/opensource_cFS/cFS/osal/src/os/portable/os-impl-no-network-gethostid.c
FN:41,44,OS_NetworkGetID_Impl
FNDA:3,OS_NetworkGetID_Impl
FNF:1
FNH:1
DA:41,3
DA:43,3
LF:2
LH:2
end_of_record
TN:
SF:/home/cfs/opensource_cFS/cFS/osal/src/os/portable/os-impl-no-network-gethostname.c
FN:41,44,OS_NetworkGetHostName_Impl
FNDA:3,OS_NetworkGetHostName_Impl
FNF:1
FNH:1
DA:41,3
DA:43,3
LF:2
LH:2
end_of_record
TN:
SF:/home/cfs/opensource_cFS/cFS/osal/src/os/portable/os-impl-no-shell.c
FN:33,36,OS_ShellOutputToFile_Impl
FNDA:3,OS_ShellOutputToFile_Impl
FNF:1
FNH:1
DA:33,3
DA:35,3
LF:2
LH:2
end_of_record
TN:
SF:/home/cfs/opensource_cFS/cFS/osal/src/os/portable/os-impl-no-sockets.c
FN:110,117,OS_SocketRecvFrom_Impl
FN:124,130,OS_SocketSendTo_Impl
FN:137,140,OS_SocketGetInfo_Impl
FN:147,150,OS_SocketAddrInit_Impl
FN:157,160,OS_SocketAddrToString_Impl
FN:167,170,OS_SocketAddrFromString_Impl
FN:177,180,OS_SocketAddrGetPort_Impl
FN:187,190,OS_SocketAddrSetPort_Impl
FN:197,200,OS_SocketGetOption_Impl
FN:207,212,OS_SocketSetOption_Impl
FN:47,50,OS_SocketOpen_Impl
FN:57,60,OS_SocketBindAddress_Impl
FN:67,70,OS_SocketListen_Impl
FN:77,80,OS_SocketConnect_Impl
FN:87,90,OS_SocketShutdown_Impl
FN:97,103,OS_SocketAccept_Impl
FNDA:3,OS_SocketRecvFrom_Impl
FNDA:3,OS_SocketSendTo_Impl
FNDA:3,OS_SocketGetInfo_Impl
FNDA:3,OS_SocketAddrInit_Impl
FNDA:3,OS_SocketAddrToString_Impl
FNDA:3,OS_SocketAddrFromString_Impl
FNDA:3,OS_SocketAddrGetPort_Impl
FNDA:3,OS_SocketAddrSetPort_Impl
FNDA:3,OS_SocketGetOption_Impl
FNDA:3,OS_SocketSetOption_Impl
FNDA:3,OS_SocketOpen_Impl
FNDA:3,OS_SocketBindAddress_Impl
FNDA:3,OS_SocketListen_Impl
FNDA:3,OS_SocketConnect_Impl
FNDA:3,OS_SocketShutdown_Impl
FNDA:3,OS_SocketAccept_Impl
FNF:16
FNH:16
DA:47,3
DA:49,3
DA:57,3
DA:59,3
DA:67,3
DA:69,3
DA:77,3
DA:79,3
DA:87,3
DA:89,3
DA:97,3
DA:102,3
DA:110,3
DA:116,3
DA:124,3
DA:129,3
DA:137,3
DA:139,3
DA:147,3
DA:149,3
DA:157,3
DA:159,3
DA:167,3
DA:169,3
DA:177,3
DA:179,3
DA:187,3
DA:189,3
DA:197,3
DA:199,3
DA:207,3
DA:211,3
LF:32
LH:32
end_of_record
TN:
SF:/home/cfs/opensource_cFS/cFS/osal/src/os/portable/os-impl-no-symtab.c
FN:36,39,OS_SymbolLookup_Impl
FN:46,49,OS_ModuleSymbolLookup_Impl
FN:56,59,OS_SymbolTableDump_Impl
FNDA:3,OS_SymbolLookup_Impl
FNDA:3,OS_ModuleSymbolLookup_Impl
FNDA:3,OS_SymbolTableDump_Impl
FNF:3
FNH:3
DA:36,3
DA:38,3
DA:46,3
DA:48,3
DA:56,3
DA:58,3
LF:6
LH:6
end_of_record
TN:
SF:/home/cfs/opensource_cFS/cFS/osal/src/os/portable/os-impl-posix-dirs.c
FN:102,116,OS_DirOpen_Impl
FN:124,134,OS_DirClose_Impl
FN:142,167,OS_DirRead_Impl
FN:175,181,OS_DirRewind_Impl
FN:189,197,OS_DirRemove_Impl
FN:70,94,OS_DirCreate_Impl
FNDA:6,OS_DirOpen_Impl
FNDA:3,OS_DirClose_Impl
FNDA:6,OS_DirRead_Impl
FNDA:3,OS_DirRewind_Impl
FNDA:6,OS_DirRemove_Impl
FNDA:15,OS_DirCreate_Impl
FNF:6
FNH:6
BRDA:75,0,0,12
BRDA:75,0,1,3
BRDA:79,0,0,9
BRDA:79,0,1,3
BRDA:82,0,0,6
BRDA:82,0,1,3
BRDA:82,0,2,3
BRDA:82,0,3,3
BRDA:107,0,0,3
BRDA:107,0,1,3
BRDA:158,0,0,3
BRDA:158,0,1,3
BRDA:191,0,0,3
BRDA:191,0,1,3
BRF:14
BRH:14
DA:70,15
DA:75,15
DA:77,12
DA:79,12
DA:82,9
DA:84,3
DA:90,3
DA:93,15
DA:102,6
DA:104,6
DA:107,6
DA:109,3
DA:112,3
DA:113,3
DA:115,3
DA:124,3
DA:128,3
DA:130,3
DA:131,3
DA:133,3
DA:142,6
DA:146,6
DA:157,6
DA:158,6
DA:160,3
DA:163,3
DA:164,3
DA:166,3
DA:175,3
DA:178,3
DA:179,3
DA:180,3
DA:189,6
DA:191,6
DA:193,3
DA:196,3
LF:36
LH:36
end_of_record
TN:
SF:/home/cfs/opensource_cFS/cFS/osal/src/os/portable/os-impl-posix-file-allocate.c
FN:62,91,OS_FileAllocate_Impl
FNDA:21,OS_FileAllocate_Impl
FNF:1
FNH:1
BRDA:69,0,0,3
BRDA:69,0,1,18
BRDA:73,0,0,3
BRDA:73,0,1,15
BRDA:77,0,0,12
BRDA:77,0,1,3
BRDA:77,0,2,3
BRDA:77,0,3,9
BRDA:81,0,0,6
BRDA:81,0,1,3
BRDA:81,0,2,3
BRDA:81,0,3,3
BRF:12
BRH:12
DA:62,21
DA:67,21
DA:69,21
DA:71,3
DA:73,18
DA:75,3
DA:77,15
DA:79,6
DA:81,9
DA:83,6
DA:87,3
DA:90,21
LF:12
LH:12
end_of_record
TN:
SF:/home/cfs/opensource_cFS/cFS/osal/src/os/portable/os-impl-posix-files.c
FN:129,210,OS_FileStat_Impl
FN:218,329,OS_FileChmod_Impl
FN:337,345,OS_FileRemove_Impl
FN:353,361,OS_FileRename_Impl
FN:369,394,OS_FileTruncate_Impl
FN:66,121,OS_FileOpen_Impl
FNDA:12,OS_FileStat_Impl
FNDA:33,OS_FileChmod_Impl
FNDA:6,OS_FileRemove_Impl
FNDA:6,OS_FileRename_Impl
FNDA:21,OS_FileTruncate_Impl
FNDA:15,OS_FileOpen_Impl
FNF:6
FNH:6
BRDA:78,0,0,3
BRDA:78,0,1,6
BRDA:78,0,2,3
BRDA:78,0,3,3
BRDA:93,0,0,3
BRDA:93,0,1,9
BRDA:97,0,0,3
BRDA:97,0,1,9
BRDA:108,0,0,3
BRDA:108,0,1,9
BRDA:137,0,0,3
BRDA:137,0,1,9
BRDA:170,0,0,6
BRDA:170,0,1,3
BRDA:180,0,0,6
BRDA:180,0,1,3
BRDA:188,0,0,6
BRDA:188,0,1,3
BRDA:196,0,0,6
BRDA:196,0,1,3
BRDA:200,0,0,6
BRDA:200,0,1,3
BRDA:204,0,0,6
BRDA:204,0,1,3
BRDA:228,0,0,6
BRDA:228,0,1,27
BRDA:231,0,0,3
BRDA:231,0,1,3
BRDA:252,0,0,3
BRDA:252,0,1,27
BRDA:263,0,0,24
BRDA:263,0,1,3
BRDA:270,0,0,24
BRDA:270,0,1,3
BRDA:277,0,0,24
BRDA:277,0,1,3
BRDA:277,0,2,21
BRDA:277,0,3,3
BRDA:288,0,0,24
BRDA:288,0,1,3
BRDA:288,0,2,21
BRDA:288,0,3,3
BRDA:300,0,0,12
BRDA:300,0,1,15
BRDA:310,0,0,9
BRDA:310,0,1,3
BRDA:310,0,2,6
BRDA:310,0,3,3
BRDA:310,0,4,3
BRDA:310,0,5,3
BRDA:339,0,0,3
BRDA:339,0,1,3
BRDA:355,0,0,3
BRDA:355,0,1,3
BRDA:376,0,0,3
BRDA:376,0,1,18
BRDA:380,0,0,15
BRDA:380,0,1,3
BRDA:380,0,2,12
BRDA:380,0,3,3
BRDA:380,0,4,9
BRDA:380,0,5,3
BRDA:380,0,6,3
BRDA:380,0,7,6
BRDA:384,0,0,3
BRDA:384,0,1,3
BRF:66
BRH:66
DA:66,15
DA:72,15
DA:78,15
DA:80,3
DA:81,3
DA:82,3
DA:83,6
DA:84,6
DA:85,6
DA:86,3
DA:87,3
DA:88,3
DA:89,3
DA:90,3
DA:93,12
DA:95,3
DA:97,12
DA:99,3
DA:102,12
DA:104,12
DA:106,12
DA:108,12
DA:111,3
DA:118,9
DA:120,9
DA:129,12
DA:137,12
DA:139,3
DA:142,9
DA:163,9
DA:164,9
DA:167,9
DA:170,9
DA:172,6
DA:176,9
DA:177,9
DA:178,9
DA:180,9
DA:183,6
DA:184,6
DA:185,6
DA:188,9
DA:191,6
DA:192,6
DA:193,6
DA:196,9
DA:198,6
DA:200,9
DA:202,6
DA:204,9
DA:206,6
DA:209,9
DA:218,33
DA:227,33
DA:228,33
DA:230,6
DA:231,6
DA:234,3
DA:252,30
DA:255,3
DA:260,27
DA:261,27
DA:263,27
DA:266,24
DA:267,24
DA:270,27
DA:273,24
DA:274,24
DA:277,27
DA:280,24
DA:285,3
DA:288,27
DA:291,24
DA:296,3
DA:300,27
DA:310,12
DA:312,9
DA:317,3
DA:322,15
DA:326,30
DA:328,30
DA:337,6
DA:339,6
DA:341,3
DA:344,3
DA:353,6
DA:355,6
DA:357,3
DA:360,3
DA:369,21
DA:374,21
DA:376,21
DA:378,3
DA:380,18
DA:382,12
DA:384,6
DA:386,3
DA:390,3
DA:393,21
LF:99
LH:99
end_of_record
TN:
SF:/home/cfs/opensource_cFS/cFS/osal/src/os/portable/os-impl-posix-gettime.c
FN:68,88,OS_GetLocalTime_Impl
FN:96,117,OS_SetLocalTime_Impl
FNDA:6,OS_GetLocalTime_Impl
FNDA:6,OS_SetLocalTime_Impl
FNF:2
FNH:2
BRDA:76,0,0,3
BRDA:76,0,1,3
BRDA:107,0,0,3
BRDA:107,0,1,3
BRF:4
BRH:4
DA:68,6
DA:74,6
DA:76,6
DA:78,3
DA:79,3
DA:84,3
DA:87,6
DA:96,6
DA:102,6
DA:103,6
DA:105,6
DA:107,6
DA:109,3
DA:113,3
DA:116,6
LF:15
LH:15
end_of_record
TN:
SF:/home/cfs/opensource_cFS/cFS/osal/src/os/portable/os-impl-posix-io.c
FN:165,210,OS_GenericRead_Impl
FN:218,265,OS_GenericWrite_Impl
FN:66,91,OS_GenericClose_Impl
FN:99,157,OS_GenericSeek_Impl
FNDA:18,OS_GenericRead_Impl
FNDA:18,OS_GenericWrite_Impl
FNDA:6,OS_GenericClose_Impl
FNDA:18,OS_GenericSeek_Impl
FNF:4
FNH:4
BRDA:108,0,0,3
BRDA:108,0,1,3
BRDA:108,0,2,9
BRDA:108,0,3,3
BRDA:124,0,0,6
BRDA:124,0,1,9
BRDA:126,0,0,3
BRDA:126,0,1,3
BRDA:176,0,0,15
BRDA:176,0,1,3
BRDA:188,0,0,12
BRDA:188,0,1,3
BRDA:193,0,0,12
BRDA:193,0,1,3
BRDA:193,0,2,9
BRDA:193,0,3,3
BRDA:196,0,0,3
BRDA:196,0,1,6
BRDA:229,0,0,15
BRDA:229,0,1,3
BRDA:241,0,0,12
BRDA:241,0,1,3
BRDA:246,0,0,12
BRDA:246,0,1,3
BRDA:246,0,2,9
BRDA:246,0,3,3
BRDA:251,0,0,3
BRDA:251,0,1,6
BRF:28
BRH:28
DA:66,6
DA:71,6
DA:73,6
DA:89,6
DA:90,6
DA:99,18
DA:106,18
DA:108,18
DA:110,3
DA:111,3
DA:112,3
DA:113,3
DA:114,3
DA:115,3
DA:116,9
DA:117,9
DA:118,9
DA:119,3
DA:120,3
DA:123,15
DA:124,15
DA:126,6
DA:135,3
DA:143,3
DA:153,9
DA:156,15
DA:165,18
DA:172,18
DA:174,18
DA:176,18
DA:178,15
DA:188,15
DA:190,12
DA:193,15
DA:195,9
DA:196,9
DA:199,3
DA:204,6
DA:209,18
DA:218,18
DA:225,18
DA:227,18
DA:229,18
DA:231,15
DA:241,15
DA:243,12
DA:246,15
DA:250,9
DA:251,9
DA:254,3
DA:259,6
DA:264,18
LF:52
LH:52
end_of_record
TN:
SF:/home/cfs/opensource_cFS/cFS/osal/src/os/shared/inc/os-shared-idmap.h
FN:248,251,OS_ObjectIdToSerialNumber_Impl
FN:257,260,OS_ObjectIdToType_Impl
FN:266,269,OS_ObjectIdCompose_Impl
FN:285,289,OS_ObjectIdIsValid
FN:324,327,OS_ObjectIndexFromToken
FN:335,338,OS_ObjectIdFromToken
FNDA:191511,OS_ObjectIdToSerialNumber_Impl
FNDA:3717,OS_ObjectIdToType_Impl
FNDA:191433,OS_ObjectIdCompose_Impl
FNDA:3480,OS_ObjectIdIsValid
FNDA:43320,OS_ObjectIndexFromToken
FNDA:1386,OS_ObjectIdFromToken
FNF:6
FNH:6
BRDA:288,0,0,1035
BRDA:288,0,1,2445
BRDA:288,0,2,1032
BRDA:288,0,3,3
BRF:4
BRH:4
DA:248,191511
DA:250,191511
DA:257,3717
DA:259,3717
DA:266,191433
DA:268,191433
DA:269,191433
DA:285,3480
DA:287,3480
DA:288,3480
DA:324,43320
DA:326,43320
DA:335,1386
DA:337,1386
LF:14
LH:14
end_of_record
TN:
SF:/home/cfs/opensource_cFS/cFS/osal/src/os/shared/src/osapi-binsem.c
FN:126,141,OS_BinSemDelete
FN:149,162,OS_BinSemGive
FN:170,183,OS_BinSemFlush
FN:191,204,OS_BinSemTake
FN:212,225,OS_BinSemTimedWait
FN:233,244,OS_BinSemGetIdByName
FN:252,277,OS_BinSemGetInfo
FN:79,83,OS_BinSemAPI_Init
FN:91,118,OS_BinSemCreate
FNDA:6,OS_BinSemDelete
FNDA:6,OS_BinSemGive
FNDA:6,OS_BinSemFlush
FNDA:6,OS_BinSemTake
FNDA:6,OS_BinSemTimedWait
FNDA:12,OS_BinSemGetIdByName
FNDA:9,OS_BinSemGetInfo
FNDA:3,OS_BinSemAPI_Init
FNDA:15,OS_BinSemCreate
FNF:9
FNH:9
BRDA:98,0,0,3
BRDA:98,0,1,12
BRDA:99,0,0,3
BRDA:99,0,1,9
BRDA:99,0,2,3
BRDA:99,0,3,6
BRDA:103,0,0,3
BRDA:103,0,1,3
BRDA:132,0,0,3
BRDA:132,0,1,3
BRDA:156,0,0,3
BRDA:156,0,1,3
BRDA:177,0,0,3
BRDA:177,0,1,3
BRDA:198,0,0,3
BRDA:198,0,1,3
BRDA:219,0,0,3
BRDA:219,0,1,3
BRDA:238,0,0,3
BRDA:238,0,1,9
BRDA:239,0,0,3
BRDA:239,0,1,6
BRDA:259,0,0,3
BRDA:259,0,1,6
BRDA:265,0,0,3
BRDA:265,0,1,3
BRF:26
BRH:26
DA:79,3
DA:81,3
DA:82,3
DA:91,15
DA:98,15
DA:99,12
DA:102,6
DA:103,6
DA:105,3
DA:108,3
DA:111,3
DA:114,3
DA:117,6
DA:126,6
DA:131,6
DA:132,6
DA:134,3
DA:137,3
DA:140,6
DA:149,6
DA:155,6
DA:156,6
DA:158,3
DA:161,6
DA:170,6
DA:176,6
DA:177,6
DA:179,3
DA:182,6
DA:191,6
DA:197,6
DA:198,6
DA:200,3
DA:203,6
DA:212,6
DA:218,6
DA:219,6
DA:221,3
DA:224,6
DA:233,12
DA:238,12
DA:239,9
DA:241,6
DA:243,6
DA:252,9
DA:259,9
DA:261,6
DA:264,6
DA:265,6
DA:267,3
DA:269,3
DA:270,3
DA:271,3
DA:273,3
DA:276,6
LF:55
LH:55
end_of_record
TN:
SF:/home/cfs/opensource_cFS/cFS/osal/src/os/shared/src/osapi-clock.c
FN:120,161,OS_TimeToRelativeMilliseconds
FN:47,53,OS_GetMonotonicTime
FN:61,67,OS_GetLocalTime
FN:75,81,OS_SetLocalTime
FN:91,110,OS_TimeFromRelativeMilliseconds
FNDA:12,OS_TimeToRelativeMilliseconds
FNDA:6,OS_GetMonotonicTime
FNDA:6,OS_GetLocalTime
FNDA:6,OS_SetLocalTime
FNDA:9,OS_TimeFromRelativeMilliseconds
FNF:5
FNH:5
BRDA:50,0,0,3
BRDA:50,0,1,3
BRDA:64,0,0,3
BRDA:64,0,1,3
BRDA:78,0,0,3
BRDA:78,0,1,3
BRDA:95,0,0,3
BRDA:95,0,1,6
BRDA:99,0,0,3
BRDA:99,0,1,3
BRDA:132,0,0,6
BRDA:132,0,1,6
BRDA:132,0,2,3
BRDA:132,0,3,3
BRDA:142,0,0,6
BRDA:142,0,1,6
BRDA:153,0,0,3
BRDA:153,0,1,3
BRF:18
BRH:18
DA:47,6
DA:50,6
DA:52,3
DA:61,6
DA:64,6
DA:66,3
DA:75,6
DA:78,6
DA:80,3
DA:91,9
DA:95,9
DA:97,3
DA:99,6
DA:101,3
DA:102,3
DA:106,3
DA:109,9
DA:120,12
DA:132,12
DA:134,9
DA:138,3
DA:139,3
DA:142,12
DA:145,6
DA:150,6
DA:153,6
DA:156,3
DA:160,12
LF:28
LH:28
end_of_record
TN:
SF:/home/cfs/opensource_cFS/cFS/osal/src/os/shared/src/osapi-common.c
FN:103,246,OS_API_Init
FN:254,266,OS_API_Teardown
FN:274,280,OS_RegisterEventHandler
FN:288,298,OS_ApplicationExit
FN:305,349,OS_CleanUpObject
FN:357,386,OS_DeleteAllObjects
FN:394,405,OS_IdleLoop
FN:413,426,OS_ApplicationShutdown
FN:434,443,OS_strnlen
FN:75,89,OS_NotifyEvent
FNDA:24,OS_API_Init
FNDA:3,OS_API_Teardown
FNDA:6,OS_RegisterEventHandler
FNDA:6,OS_ApplicationExit
FNDA:48,OS_CleanUpObject
FNDA:9,OS_DeleteAllObjects
FNDA:3,OS_IdleLoop
FNDA:9,OS_ApplicationShutdown
FNDA:6,OS_strnlen
FNDA:9,OS_NotifyEvent
FNF:10
FNH:10
BRDA:79,0,0,6
BRDA:79,0,1,3
BRDA:116,0,0,3
BRDA:116,0,1,21
BRDA:135,0,0,3
BRDA:135,0,1,18
BRDA:140,0,0,201
BRDA:140,0,1,12
BRDA:144,0,0,3
BRDA:144,0,1,198
BRDA:150,0,0,15
BRDA:150,0,1,12
BRDA:150,0,2,12
BRDA:150,0,3,12
BRDA:150,0,4,12
BRDA:150,0,5,12
BRDA:150,0,6,12
BRDA:150,0,7,12
BRDA:150,0,8,12
BRDA:150,0,9,12
BRDA:150,0,10,12
BRDA:150,0,11,12
BRDA:150,0,12,12
BRDA:150,0,13,39
BRDA:194,0,0,3
BRDA:194,0,1,195
BRDA:201,0,0,12
BRDA:201,0,1,6
BRDA:206,0,0,12
BRDA:206,0,1,6
BRDA:215,0,0,12
BRDA:215,0,1,6
BRDA:216,0,0,9
BRDA:216,0,1,3
BRDA:216,0,2,3
BRDA:216,0,3,6
BRDA:233,0,0,12
BRDA:233,0,1,6
BRDA:276,0,0,3
BRDA:276,0,1,3
BRDA:290,0,0,3
BRDA:290,0,1,3
BRDA:311,0,0,3
BRDA:311,0,1,3
BRDA:311,0,2,3
BRDA:311,0,3,3
BRDA:311,0,4,3
BRDA:311,0,5,3
BRDA:311,0,6,3
BRDA:311,0,7,3
BRDA:311,0,8,3
BRDA:311,0,9,3
BRDA:311,0,10,3
BRDA:311,0,11,15
BRDA:380,0,0,21
BRDA:380,0,1,6
BRDA:380,0,2,18
BRDA:380,0,3,3
BRDA:401,0,0,3
BRDA:401,0,1,3
BRDA:415,0,0,6
BRDA:415,0,1,3
BRDA:437,0,0,3
BRDA:437,0,1,3
BRF:64
BRH:64
DA:75,9
DA:79,9
DA:81,6
DA:85,3
DA:88,9
DA:103,24
DA:105,24
DA:116,24
DA:119,3
DA:123,21
DA:131,21
DA:134,21
DA:135,21
DA:137,3
DA:140,213
DA:143,201
DA:144,201
DA:147,3
DA:150,198
DA:152,15
DA:153,15
DA:154,15
DA:155,12
DA:156,12
DA:157,12
DA:158,12
DA:159,12
DA:160,12
DA:161,12
DA:162,12
DA:163,12
DA:164,12
DA:165,12
DA:166,12
DA:167,12
DA:168,12
DA:169,12
DA:170,12
DA:171,12
DA:172,12
DA:173,12
DA:174,12
DA:175,12
DA:176,12
DA:177,12
DA:178,12
DA:179,12
DA:180,12
DA:181,12
DA:182,12
DA:183,12
DA:184,12
DA:185,12
DA:186,12
DA:187,12
DA:188,12
DA:189,12
DA:190,12
DA:191,39
DA:192,39
DA:194,198
DA:197,3
DA:201,18
DA:203,12
DA:206,18
DA:208,12
DA:215,18
DA:216,12
DA:219,6
DA:222,18
DA:233,18
DA:242,12
DA:245,18
DA:254,3
DA:259,3
DA:265,3
DA:266,3
DA:274,6
DA:276,6
DA:278,3
DA:279,3
DA:288,6
DA:290,6
DA:292,3
DA:296,3
DA:298,6
DA:305,48
DA:309,48
DA:310,48
DA:311,48
DA:313,3
DA:314,3
DA:315,3
DA:316,3
DA:317,3
DA:318,3
DA:319,3
DA:320,3
DA:321,3
DA:322,3
DA:323,3
DA:324,3
DA:325,3
DA:326,3
DA:327,3
DA:328,3
DA:329,3
DA:330,3
DA:331,3
DA:332,3
DA:333,3
DA:334,3
DA:335,3
DA:336,3
DA:337,3
DA:338,3
DA:339,3
DA:340,3
DA:341,3
DA:342,3
DA:343,3
DA:344,3
DA:345,3
DA:346,15
DA:347,15
DA:349,48
DA:357,9
DA:366,9
DA:368,18
DA:369,27
DA:370,27
DA:373,27
DA:374,27
DA:375,27
DA:378,27
DA:380,27
DA:384,18
DA:386,9
DA:394,3
DA:401,6
DA:403,3
DA:405,3
DA:413,9
DA:415,9
DA:417,6
DA:425,9
DA:426,9
DA:434,6
DA:436,6
DA:437,6
DA:440,3
DA:442,6
LF:152
LH:152
end_of_record
TN:
SF:/home/cfs/opensource_cFS/cFS/osal/src/os/shared/src/osapi-condvar.c
FN:115,130,OS_CondVarDelete
FN:138,151,OS_CondVarLock
FN:159,172,OS_CondVarUnlock
FN:180,193,OS_CondVarSignal
FN:201,214,OS_CondVarBroadcast
FN:222,235,OS_CondVarWait
FN:243,259,OS_CondVarTimedWait
FN:267,278,OS_CondVarGetIdByName
FN:286,312,OS_CondVarGetInfo
FN:67,72,OS_CondVarAPI_Init
FN:80,107,OS_CondVarCreate
FNDA:6,OS_CondVarDelete
FNDA:9,OS_CondVarLock
FNDA:9,OS_CondVarUnlock
FNDA:9,OS_CondVarSignal
FNDA:9,OS_CondVarBroadcast
FNDA:9,OS_CondVarWait
FNDA:12,OS_CondVarTimedWait
FNDA:12,OS_CondVarGetIdByName
FNDA:9,OS_CondVarGetInfo
FNDA:3,OS_CondVarAPI_Init
FNDA:15,OS_CondVarCreate
FNF:11
FNH:11
BRDA:87,0,0,3
BRDA:87,0,1,12
BRDA:88,0,0,3
BRDA:88,0,1,9
BRDA:88,0,2,3
BRDA:88,0,3,6
BRDA:92,0,0,3
BRDA:92,0,1,3
BRDA:121,0,0,3
BRDA:121,0,1,3
BRDA:145,0,0,6
BRDA:145,0,1,3
BRDA:166,0,0,6
BRDA:166,0,1,3
BRDA:187,0,0,6
BRDA:187,0,1,3
BRDA:208,0,0,6
BRDA:208,0,1,3
BRDA:229,0,0,6
BRDA:229,0,1,3
BRDA:249,0,0,3
BRDA:249,0,1,9
BRDA:253,0,0,6
BRDA:253,0,1,3
BRDA:272,0,0,3
BRDA:272,0,1,9
BRDA:273,0,0,3
BRDA:273,0,1,6
BRDA:293,0,0,3
BRDA:293,0,1,6
BRDA:299,0,0,3
BRDA:299,0,1,3
BRF:32
BRH:32
DA:67,3
DA:70,3
DA:71,3
DA:80,15
DA:87,15
DA:88,12
DA:91,6
DA:92,6
DA:94,3
DA:97,3
DA:100,3
DA:103,3
DA:106,6
DA:115,6
DA:120,6
DA:121,6
DA:123,3
DA:126,3
DA:129,6
DA:138,9
DA:144,9
DA:145,9
DA:147,6
DA:150,9
DA:159,9
DA:165,9
DA:166,9
DA:168,6
DA:171,9
DA:180,9
DA:186,9
DA:187,9
DA:189,6
DA:192,9
DA:201,9
DA:207,9
DA:208,9
DA:210,6
DA:213,9
DA:222,9
DA:228,9
DA:229,9
DA:231,6
DA:234,9
DA:243,12
DA:249,12
DA:252,9
DA:253,9
DA:255,6
DA:258,9
DA:267,12
DA:272,12
DA:273,9
DA:275,6
DA:277,6
DA:286,9
DA:293,9
DA:296,6
DA:298,6
DA:299,6
DA:301,3
DA:303,3
DA:304,3
DA:306,3
DA:308,3
DA:311,6
LF:66
LH:66
end_of_record
TN:
SF:/home/cfs/opensource_cFS/cFS/osal/src/os/shared/src/osapi-countsem.c
FN:118,133,OS_CountSemDelete
FN:141,154,OS_CountSemGive
FN:162,175,OS_CountSemTake
FN:183,196,OS_CountSemTimedWait
FN:204,215,OS_CountSemGetIdByName
FN:223,249,OS_CountSemGetInfo
FN:71,75,OS_CountSemAPI_Init
FN:83,110,OS_CountSemCreate
FNDA:6,OS_CountSemDelete
FNDA:6,OS_CountSemGive
FNDA:6,OS_CountSemTake
FNDA:6,OS_CountSemTimedWait
FNDA:12,OS_CountSemGetIdByName
FNDA:9,OS_CountSemGetInfo
FNDA:3,OS_CountSemAPI_Init
FNDA:15,OS_CountSemCreate
FNF:8
FNH:8
BRDA:90,0,0,3
BRDA:90,0,1,12
BRDA:91,0,0,3
BRDA:91,0,1,9
BRDA:91,0,2,3
BRDA:91,0,3,6
BRDA:95,0,0,3
BRDA:95,0,1,3
BRDA:124,0,0,3
BRDA:124,0,1,3
BRDA:148,0,0,3
BRDA:148,0,1,3
BRDA:169,0,0,3
BRDA:169,0,1,3
BRDA:190,0,0,3
BRDA:190,0,1,3
BRDA:209,0,0,3
BRDA:209,0,1,9
BRDA:210,0,0,3
BRDA:210,0,1,6
BRDA:230,0,0,3
BRDA:230,0,1,6
BRDA:236,0,0,3
BRDA:236,0,1,3
BRF:24
BRH:24
DA:71,3
DA:73,3
DA:74,3
DA:83,15
DA:90,15
DA:91,12
DA:94,6
DA:95,6
DA:97,3
DA:100,3
DA:103,3
DA:106,3
DA:109,6
DA:118,6
DA:123,6
DA:124,6
DA:126,3
DA:129,3
DA:132,6
DA:141,6
DA:147,6
DA:148,6
DA:150,3
DA:153,6
DA:162,6
DA:168,6
DA:169,6
DA:171,3
DA:174,6
DA:183,6
DA:189,6
DA:190,6
DA:192,3
DA:195,6
DA:204,12
DA:209,12
DA:210,9
DA:212,6
DA:214,6
DA:223,9
DA:230,9
DA:232,6
DA:235,6
DA:236,6
DA:238,3
DA:240,3
DA:241,3
DA:243,3
DA:245,3
DA:248,6
LF:50
LH:50
end_of_record
TN:
SF:/home/cfs/opensource_cFS/cFS/osal/src/os/shared/src/osapi-dir.c
FN:105,136,OS_DirectoryOpen
FN:144,160,OS_DirectoryClose
FN:168,196,OS_DirectoryRead
FN:204,217,OS_DirectoryRewind
FN:225,237,OS_rmdir
FN:73,77,OS_DirAPI_Init
FN:85,97,OS_mkdir
FNDA:12,OS_DirectoryOpen
FNDA:6,OS_DirectoryClose
FNDA:9,OS_DirectoryRead
FNDA:6,OS_DirectoryRewind
FNDA:6,OS_rmdir
FNDA:3,OS_DirAPI_Init
FNDA:6,OS_mkdir
FNF:7
FNH:7
BRDA:91,0,0,3
BRDA:91,0,1,3
BRDA:113,0,0,3
BRDA:113,0,1,9
BRDA:116,0,0,6
BRDA:116,0,1,3
BRDA:120,0,0,3
BRDA:120,0,1,3
BRDA:151,0,0,3
BRDA:151,0,1,3
BRDA:174,0,0,3
BRDA:174,0,1,6
BRDA:178,0,0,3
BRDA:178,0,1,3
BRDA:211,0,0,3
BRDA:211,0,1,3
BRDA:231,0,0,3
BRDA:231,0,1,3
BRF:18
BRH:18
DA:73,3
DA:75,3
DA:76,3
DA:85,6
DA:90,6
DA:91,6
DA:93,3
DA:96,6
DA:105,12
DA:113,12
DA:115,9
DA:116,9
DA:119,6
DA:120,6
DA:122,3
DA:125,3
DA:128,3
DA:131,3
DA:135,9
DA:144,6
DA:150,6
DA:151,6
DA:153,3
DA:156,3
DA:159,6
DA:168,9
DA:174,9
DA:177,6
DA:178,6
DA:190,3
DA:192,3
DA:195,6
DA:204,6
DA:210,6
DA:211,6
DA:213,3
DA:216,6
DA:225,6
DA:230,6
DA:231,6
DA:233,3
DA:236,6
LF:42
LH:42
end_of_record
TN:
SF:/home/cfs/opensource_cFS/cFS/osal/src/os/shared/src/osapi-errors.c
FN:107,118,OS_StatusToString
FN:126,164,OS_GetErrorName
FNDA:15,OS_StatusToString
FNDA:15,OS_GetErrorName
FNF:2
FNH:2
BRDA:111,0,0,12
BRDA:111,0,1,3
BRDA:132,0,0,3
BRDA:132,0,1,12
BRDA:135,0,0,375
BRDA:135,0,1,9
BRDA:135,0,2,372
BRDA:135,0,3,3
BRDA:140,0,0,9
BRDA:140,0,1,3
BRDA:143,0,0,9
BRDA:143,0,1,6
BRDA:143,0,2,6
BRDA:143,0,3,3
BRDA:149,0,0,9
BRDA:149,0,1,3
BRDA:149,0,2,6
BRDA:149,0,3,3
BRF:18
BRH:18
DA:107,15
DA:109,15
DA:111,15
DA:114,12
DA:115,12
DA:117,15
DA:126,15
DA:132,15
DA:134,12
DA:135,384
DA:137,372
DA:140,12
DA:142,9
DA:143,15
DA:145,6
DA:149,12
DA:151,6
DA:152,6
DA:153,6
DA:157,6
DA:158,6
DA:161,12
DA:163,12
LF:23
LH:23
end_of_record
TN:
SF:/home/cfs/opensource_cFS/cFS/osal/src/os/shared/src/osapi-file.c
FN:107,153,OS_OpenCreate
FN:161,177,OS_close
FN:185,203,OS_TimedReadAbs
FN:211,214,OS_TimedRead
FN:222,239,OS_TimedWriteAbs
FN:247,250,OS_TimedWrite
FN:258,261,OS_read
FN:269,272,OS_write
FN:280,292,OS_chmod
FN:300,317,OS_stat
FN:325,339,OS_lseek
FN:347,362,OS_FileAllocate
FN:370,388,OS_FileTruncate
FN:396,408,OS_remove
FN:416,454,OS_rename
FN:462,519,OS_cp
FN:527,543,OS_mv
FN:551,579,OS_FDGetInfo
FN:587,613,OS_FileOpenCheck
FN:621,654,OS_CloseFileByName
FN:662,685,OS_CloseAllFiles
FN:80,83,OS_FileIteratorClose
FN:95,99,OS_FileAPI_Init
FNDA:48,OS_OpenCreate
FNDA:33,OS_close
FNDA:33,OS_TimedReadAbs
FNDA:33,OS_TimedRead
FNDA:24,OS_TimedWriteAbs
FNDA:24,OS_TimedWrite
FNDA:18,OS_read
FNDA:9,OS_write
FNDA:6,OS_chmod
FNDA:9,OS_stat
FNDA:6,OS_lseek
FNDA:9,OS_FileAllocate
FNDA:9,OS_FileTruncate
FNDA:9,OS_remove
FNDA:18,OS_rename
FNDA:24,OS_cp
FNDA:9,OS_mv
FNDA:12,OS_FDGetInfo
FNDA:9,OS_FileOpenCheck
FNDA:9,OS_CloseFileByName
FNDA:3,OS_CloseAllFiles
FNDA:3,OS_FileIteratorClose
FNDA:3,OS_FileAPI_Init
FNF:23
FNH:23
BRDA:115,0,0,3
BRDA:115,0,1,45
BRDA:123,0,0,33
BRDA:123,0,1,12
BRDA:123,0,2,15
BRDA:123,0,3,18
BRDA:123,0,4,3
BRDA:123,0,5,12
BRDA:133,0,0,33
BRDA:133,0,1,9
BRDA:137,0,0,30
BRDA:137,0,1,3
BRDA:168,0,0,30
BRDA:168,0,1,3
BRDA:191,0,0,3
BRDA:191,0,1,30
BRDA:192,0,0,27
BRDA:192,0,1,3
BRDA:192,0,2,3
BRDA:192,0,3,24
BRDA:195,0,0,21
BRDA:195,0,1,3
BRDA:228,0,0,3
BRDA:228,0,1,21
BRDA:229,0,0,18
BRDA:229,0,1,3
BRDA:229,0,2,3
BRDA:229,0,3,15
BRDA:232,0,0,12
BRDA:232,0,1,3
BRDA:286,0,0,3
BRDA:286,0,1,3
BRDA:306,0,0,3
BRDA:306,0,1,6
BRDA:311,0,0,3
BRDA:311,0,1,3
BRDA:332,0,0,3
BRDA:332,0,1,3
BRDA:355,0,0,6
BRDA:355,0,1,3
BRDA:381,0,0,6
BRDA:381,0,1,3
BRDA:402,0,0,6
BRDA:402,0,1,3
BRDA:425,0,0,12
BRDA:425,0,1,6
BRDA:430,0,0,9
BRDA:430,0,1,9
BRDA:435,0,0,6
BRDA:435,0,1,12
BRDA:439,0,0,9
BRDA:439,0,1,6
BRDA:443,0,0,3
BRDA:443,0,1,6
BRDA:443,0,2,3
BRDA:443,0,3,3
BRDA:473,0,0,3
BRDA:473,0,1,21
BRDA:474,0,0,3
BRDA:474,0,1,18
BRDA:479,0,0,12
BRDA:479,0,1,6
BRDA:484,0,0,15
BRDA:484,0,1,9
BRDA:487,0,0,3
BRDA:487,0,1,12
BRDA:492,0,0,6
BRDA:492,0,1,6
BRDA:497,0,0,6
BRDA:497,0,1,3
BRDA:500,0,0,3
BRDA:500,0,1,3
BRDA:509,0,0,12
BRDA:509,0,1,6
BRDA:513,0,0,12
BRDA:513,0,1,6
BRDA:533,0,0,6
BRDA:533,0,1,3
BRDA:536,0,0,3
BRDA:536,0,1,3
BRDA:558,0,0,3
BRDA:558,0,1,9
BRDA:564,0,0,6
BRDA:564,0,1,3
BRDA:568,0,0,3
BRDA:568,0,1,3
BRDA:594,0,0,3
BRDA:594,0,1,6
BRDA:600,0,0,9
BRDA:600,0,1,3
BRDA:603,0,0,3
BRDA:603,0,1,6
BRDA:603,0,2,3
BRDA:603,0,3,3
BRDA:629,0,0,3
BRDA:629,0,1,6
BRDA:635,0,0,15
BRDA:635,0,1,6
BRDA:639,0,0,3
BRDA:639,0,1,12
BRDA:639,0,2,9
BRDA:639,0,3,3
BRDA:644,0,0,6
BRDA:644,0,1,3
BRDA:644,0,2,3
BRDA:644,0,3,3
BRDA:672,0,0,6
BRDA:672,0,1,3
BRDA:676,0,0,3
BRDA:676,0,1,3
BRF:110
BRH:110
DA:80,3
DA:82,3
DA:95,3
DA:97,3
DA:98,3
DA:107,48
DA:115,48
DA:118,45
DA:123,45
DA:125,3
DA:131,42
DA:133,42
DA:136,33
DA:137,33
DA:139,30
DA:142,30
DA:145,30
DA:148,30
DA:152,42
DA:161,33
DA:167,33
DA:168,33
DA:170,30
DA:173,30
DA:176,33
DA:185,33
DA:191,33
DA:192,30
DA:194,24
DA:195,24
DA:197,21
DA:199,21
DA:202,24
DA:211,33
DA:213,33
DA:222,24
DA:228,24
DA:229,21
DA:231,15
DA:232,15
DA:234,12
DA:235,12
DA:238,15
DA:247,24
DA:249,24
DA:258,18
DA:260,18
DA:269,9
DA:271,9
DA:280,6
DA:285,6
DA:286,6
DA:288,3
DA:291,6
DA:300,9
DA:306,9
DA:308,6
DA:310,6
DA:311,6
DA:313,3
DA:316,6
DA:325,6
DA:331,6
DA:332,6
DA:334,3
DA:335,3
DA:338,6
DA:347,9
DA:354,9
DA:355,9
DA:357,6
DA:358,6
DA:361,9
DA:370,9
DA:380,9
DA:381,9
DA:383,6
DA:384,6
DA:387,9
DA:396,9
DA:401,9
DA:402,9
DA:404,6
DA:407,9
DA:416,18
DA:424,18
DA:425,18
DA:427,12
DA:430,18
DA:432,9
DA:435,18
DA:437,6
DA:439,21
DA:441,9
DA:443,9
DA:445,3
DA:446,3
DA:450,6
DA:453,18
DA:462,24
DA:473,24
DA:474,21
DA:476,18
DA:477,18
DA:478,18
DA:479,18
DA:481,12
DA:484,42
DA:486,15
DA:487,15
DA:489,3
DA:490,3
DA:492,12
DA:494,6
DA:496,6
DA:497,9
DA:499,6
DA:500,6
DA:502,3
DA:503,3
DA:505,3
DA:509,18
DA:511,12
DA:513,18
DA:515,12
DA:518,18
DA:527,9
DA:532,9
DA:533,9
DA:535,6
DA:536,6
DA:538,3
DA:542,9
DA:551,12
DA:558,12
DA:560,9
DA:563,9
DA:564,9
DA:566,6
DA:568,6
DA:570,3
DA:572,6
DA:573,6
DA:575,6
DA:578,9
DA:587,9
DA:594,9
DA:596,6
DA:598,6
DA:600,18
DA:602,9
DA:603,9
DA:605,3
DA:606,3
DA:610,6
DA:612,6
DA:621,9
DA:629,9
DA:631,6
DA:633,6
DA:635,27
DA:637,15
DA:639,15
DA:642,9
DA:644,9
DA:646,6
DA:651,6
DA:653,6
DA:662,3
DA:668,3
DA:670,3
DA:672,9
DA:675,6
DA:676,6
DA:678,3
DA:682,3
DA:684,3
LF:177
LH:177
end_of_record
TN:
SF:/home/cfs/opensource_cFS/cFS/osal/src/os/shared/src/osapi-filesys.c
FN:132,222,OS_FileSys_Initialize
FN:233,240,OS_FileSysAPI_Init
FN:248,303,OS_FileSysAddFixedMap
FN:311,330,OS_mkfs
FN:338,368,OS_rmfs
FN:376,395,OS_initfs
FN:403,460,OS_mount
FN:468,521,OS_unmount
FN:529,552,OS_FileSysStatVolume
FN:560,583,OS_chkfs
FN:591,630,OS_FS_GetPhysDriveName
FN:638,665,OS_GetFsInfo
FN:673,788,OS_TranslatePath
FN:73,76,OS_FileSysFilterFree
FN:87,121,OS_FileSys_FindVirtMountPoint
FNDA:54,OS_FileSys_Initialize
FNDA:3,OS_FileSysAPI_Init
FNDA:33,OS_FileSysAddFixedMap
FNDA:36,OS_mkfs
FNDA:12,OS_rmfs
FNDA:18,OS_initfs
FNDA:24,OS_mount
FNDA:15,OS_unmount
FNDA:18,OS_FileSysStatVolume
FNDA:12,OS_chkfs
FNDA:18,OS_FS_GetPhysDriveName
FNDA:6,OS_GetFsInfo
FNDA:36,OS_TranslatePath
FNDA:6,OS_FileSysFilterFree
FNDA:21,OS_FileSys_FindVirtMountPoint
FNF:15
FNH:15
BRDA:95,0,0,3
BRDA:95,0,1,18
BRDA:106,0,0,15
BRDA:106,0,1,3
BRDA:106,0,2,12
BRDA:106,0,3,3
BRDA:107,0,0,3
BRDA:107,0,1,9
BRDA:120,0,0,6
BRDA:120,0,1,3
BRDA:120,0,2,3
BRDA:120,0,3,3
BRDA:148,0,0,6
BRDA:148,0,1,48
BRDA:148,0,2,6
BRDA:148,0,3,42
BRDA:149,0,0,3
BRDA:149,0,1,39
BRDA:149,0,2,3
BRDA:149,0,3,36
BRDA:152,0,0,33
BRDA:152,0,1,3
BRDA:152,0,2,3
BRDA:152,0,3,30
BRDA:158,0,0,24
BRDA:158,0,1,6
BRDA:179,0,0,6
BRDA:179,0,1,18
BRDA:180,0,0,3
BRDA:180,0,1,3
BRDA:190,0,0,18
BRDA:190,0,1,6
BRDA:196,0,0,12
BRDA:196,0,1,6
BRDA:201,0,0,15
BRDA:201,0,1,3
BRDA:257,0,0,3
BRDA:257,0,1,30
BRDA:258,0,0,3
BRDA:258,0,1,27
BRDA:258,0,2,3
BRDA:258,0,3,24
BRDA:259,0,0,3
BRDA:259,0,1,21
BRDA:259,0,2,3
BRDA:259,0,3,18
BRDA:262,0,0,15
BRDA:262,0,1,3
BRDA:284,0,0,12
BRDA:284,0,1,3
BRDA:290,0,0,9
BRDA:290,0,1,6
BRDA:317,0,0,33
BRDA:317,0,1,3
BRDA:317,0,2,3
BRDA:317,0,3,30
BRDA:344,0,0,3
BRDA:344,0,1,9
BRDA:344,0,2,3
BRDA:344,0,3,6
BRDA:347,0,0,3
BRDA:347,0,1,3
BRDA:382,0,0,15
BRDA:382,0,1,3
BRDA:382,0,2,3
BRDA:382,0,3,12
BRDA:410,0,0,3
BRDA:410,0,1,21
BRDA:410,0,2,3
BRDA:410,0,3,18
BRDA:411,0,0,3
BRDA:411,0,1,15
BRDA:411,0,2,3
BRDA:411,0,3,12
BRDA:414,0,0,9
BRDA:414,0,1,3
BRDA:425,0,0,3
BRDA:425,0,1,6
BRDA:430,0,0,3
BRDA:430,0,1,3
BRDA:442,0,0,3
BRDA:442,0,1,6
BRDA:454,0,0,9
BRDA:454,0,1,3
BRDA:475,0,0,3
BRDA:475,0,1,12
BRDA:475,0,2,3
BRDA:475,0,3,9
BRDA:483,0,0,6
BRDA:483,0,1,3
BRDA:494,0,0,3
BRDA:494,0,1,3
BRDA:505,0,0,3
BRDA:505,0,1,3
BRDA:515,0,0,6
BRDA:515,0,1,3
BRDA:535,0,0,3
BRDA:535,0,1,15
BRDA:535,0,2,3
BRDA:535,0,3,12
BRDA:536,0,0,3
BRDA:536,0,1,9
BRDA:544,0,0,6
BRDA:544,0,1,3
BRDA:566,0,0,3
BRDA:566,0,1,9
BRDA:566,0,2,3
BRDA:566,0,3,6
BRDA:575,0,0,3
BRDA:575,0,1,3
BRDA:598,0,0,3
BRDA:598,0,1,15
BRDA:598,0,2,3
BRDA:598,0,3,12
BRDA:599,0,0,3
BRDA:599,0,1,9
BRDA:608,0,0,6
BRDA:608,0,1,3
BRDA:612,0,0,3
BRDA:612,0,1,3
BRDA:643,0,0,3
BRDA:643,0,1,3
BRDA:651,0,0,6
BRDA:651,0,1,3
BRDA:658,0,0,9
BRDA:658,0,1,3
BRDA:688,0,0,3
BRDA:688,0,1,33
BRDA:689,0,0,3
BRDA:689,0,1,30
BRDA:695,0,0,3
BRDA:695,0,1,27
BRDA:702,0,0,3
BRDA:702,0,1,24
BRDA:709,0,0,3
BRDA:709,0,1,21
BRDA:720,0,0,3
BRDA:720,0,1,18
BRDA:729,0,0,3
BRDA:729,0,1,15
BRDA:741,0,0,3
BRDA:741,0,1,12
BRDA:749,0,0,9
BRDA:749,0,1,3
BRDA:753,0,0,6
BRDA:753,0,1,3
BRDA:766,0,0,9
BRDA:766,0,1,6
BRDA:768,0,0,3
BRDA:768,0,1,6
BRDA:775,0,0,3
BRDA:775,0,1,3
BRF:152
BRH:152
DA:73,6
DA:75,6
DA:87,21
DA:90,21
DA:93,21
DA:95,21
DA:97,3
DA:100,18
DA:106,18
DA:107,12
DA:110,9
DA:120,9
DA:132,54
DA:148,54
DA:149,42
DA:152,36
DA:154,6
DA:157,30
DA:158,30
DA:160,24
DA:163,24
DA:167,24
DA:168,24
DA:169,24
DA:170,24
DA:179,24
DA:180,6
DA:185,21
DA:188,24
DA:190,24
DA:196,18
DA:198,12
DA:201,18
DA:203,15
DA:213,3
DA:218,24
DA:221,30
DA:233,3
DA:235,3
DA:237,3
DA:239,3
DA:248,33
DA:257,33
DA:258,30
DA:259,24
DA:261,18
DA:262,18
DA:264,15
DA:267,15
DA:269,15
DA:270,15
DA:275,15
DA:276,15
DA:282,15
DA:284,15
DA:286,12
DA:287,12
DA:290,15
DA:295,9
DA:299,15
DA:302,18
DA:311,36
DA:315,36
DA:317,36
DA:326,6
DA:329,36
DA:338,12
DA:344,12
DA:346,6
DA:347,6
DA:357,3
DA:360,3
DA:364,3
DA:367,6
DA:376,18
DA:380,18
DA:382,18
DA:391,6
DA:394,18
DA:403,24
DA:410,24
DA:411,18
DA:413,12
DA:414,12
DA:416,9
DA:425,9
DA:428,3
DA:430,6
DA:435,3
DA:439,3
DA:442,9
DA:446,3
DA:447,3
DA:448,3
DA:451,9
DA:454,12
DA:456,9
DA:459,12
DA:468,15
DA:475,15
DA:477,9
DA:483,9
DA:485,6
DA:494,6
DA:498,3
DA:502,3
DA:505,6
DA:509,3
DA:512,6
DA:515,9
DA:517,6
DA:520,9
DA:529,18
DA:535,18
DA:536,12
DA:538,9
DA:544,9
DA:546,6
DA:548,6
DA:551,9
DA:560,12
DA:566,12
DA:569,6
DA:575,6
DA:577,3
DA:579,3
DA:582,6
DA:591,18
DA:598,18
DA:599,12
DA:602,9
DA:608,9
DA:610,6
DA:612,6
DA:614,3
DA:615,3
DA:619,3
DA:622,6
DA:626,3
DA:629,9
DA:638,6
DA:643,6
DA:645,3
DA:647,3
DA:648,3
DA:650,3
DA:651,9
DA:653,6
DA:655,3
DA:657,3
DA:658,12
DA:660,9
DA:662,3
DA:664,3
DA:673,36
DA:688,36
DA:689,33
DA:694,30
DA:695,30
DA:697,3
DA:701,27
DA:702,27
DA:704,3
DA:708,24
DA:709,24
DA:711,3
DA:714,21
DA:715,21
DA:720,21
DA:722,3
DA:728,18
DA:729,18
DA:731,3
DA:735,15
DA:741,15
DA:743,3
DA:747,12
DA:749,12
DA:751,9
DA:752,9
DA:753,9
DA:755,6
DA:760,3
DA:763,12
DA:766,15
DA:768,9
DA:770,3
DA:774,6
DA:775,6
DA:777,3
DA:778,3
DA:782,3
DA:787,15
LF:193
LH:193
end_of_record
TN:
SF:/home/cfs/opensource_cFS/cFS/osal/src/os/shared/src/osapi-heap.c
FN:47,53,OS_HeapGetInfo
FNDA:6,OS_HeapGetInfo
FNF:1
FNH:1
BRDA:50,0,0,3
BRDA:50,0,1,3
BRF:2
BRH:2
DA:47,6
DA:50,6
DA:52,3
LF:3
LH:3
end_of_record
TN:
SF:/home/cfs/opensource_cFS/cFS/osal/src/os/shared/src/osapi-idmap.c
FN:1013,1045,OS_ObjectIdGetById
FN:1059,1112,OS_ObjectIdTransactionFinish
FN:1126,1129,OS_ObjectIdRelease
FN:1159,1223,OS_ObjectIdAllocateNew
FN:119,124,OS_ObjectIdInit
FN:1229,1240,OS_ObjectIdTransferToken
FN:1246,1257,OS_ObjectIdIteratorInit
FN:1263,1266,OS_ObjectFilterActive
FN:1272,1275,OS_ObjectIdIterateActive
FN:1281,1306,OS_ObjectIdIteratorGetNext
FN:131,166,OS_GetMaxForObjectType
FN:1312,1315,OS_ObjectIdIteratorDestroy
FN:1321,1334,OS_ObjectIdIteratorProcessEntry
FN:1348,1352,OS_ConvertToArrayIndex
FN:1360,1368,OS_ForEachObject
FN:1376,1397,OS_ForEachObjectOfType
FN:1405,1408,OS_IdentifyObject
FN:1416,1456,OS_GetResourceName
FN:1464,1500,OS_ObjectIdToArrayIndex
FN:173,208,OS_GetBaseForObjectType
FN:221,232,OS_ForEachFilterCreator
FN:240,247,OS_ForEachDoCallback
FN:257,261,OS_ObjectIdGlobalFromToken
FN:275,278,OS_ObjectNameMatch
FN:294,335,OS_ObjectIdTransactionInit
FN:343,350,OS_ObjectIdTransactionCancel
FN:388,530,OS_ObjectIdConvertToken
FN:544,576,OS_ObjectIdFindNextMatch
FN:593,661,OS_ObjectIdFindNextFree
FN:676,736,OS_Lock_Global
FN:742,779,OS_Unlock_Global
FN:790,820,OS_WaitForStateChange
FN:838,874,OS_ObjectIdFinalizeNew
FN:881,906,OS_ObjectIdFinalizeDelete
FN:920,947,OS_ObjectIdGetBySearch
FN:961,964,OS_ObjectIdGetByName
FN:975,997,OS_ObjectIdFindByName
FNDA:30,OS_ObjectIdGetById
FNDA:190512,OS_ObjectIdTransactionFinish
FNDA:18,OS_ObjectIdRelease
FNDA:978,OS_ObjectIdAllocateNew
FNDA:3,OS_ObjectIdInit
FNDA:3,OS_ObjectIdTransferToken
FNDA:63,OS_ObjectIdIteratorInit
FNDA:6,OS_ObjectFilterActive
FNDA:3,OS_ObjectIdIterateActive
FNDA:96,OS_ObjectIdIteratorGetNext
FNDA:193689,OS_GetMaxForObjectType
FNDA:51,OS_ObjectIdIteratorDestroy
FNDA:48,OS_ObjectIdIteratorProcessEntry
FNDA:6,OS_ConvertToArrayIndex
FNDA:3,OS_ForEachObject
FNDA:54,OS_ForEachObjectOfType
FNDA:45,OS_IdentifyObject
FNDA:21,OS_GetResourceName
FNDA:36,OS_ObjectIdToArrayIndex
FNDA:193659,OS_GetBaseForObjectType
FNDA:1332,OS_ForEachFilterCreator
FNDA:45,OS_ForEachDoCallback
FNDA:1083,OS_ObjectIdGlobalFromToken
FNDA:20058,OS_ObjectNameMatch
FNDA:1098,OS_ObjectIdTransactionInit
FNDA:114,OS_ObjectIdTransactionCancel
FNDA:975,OS_ObjectIdConvertToken
FNDA:978,OS_ObjectIdFindNextMatch
FNDA:191487,OS_ObjectIdFindNextFree
FNDA:1149,OS_Lock_Global
FNDA:1155,OS_Unlock_Global
FNDA:36,OS_WaitForStateChange
FNDA:190476,OS_ObjectIdFinalizeNew
FNDA:6,OS_ObjectIdFinalizeDelete
FNDA:15,OS_ObjectIdGetBySearch
FNDA:12,OS_ObjectIdGetByName
FNDA:15,OS_ObjectIdFindByName
FNF:37
FNH:37
BRDA:133,0,0,191193
BRDA:133,0,1,600
BRDA:133,0,2,195
BRDA:133,0,3,195
BRDA:133,0,4,192
BRDA:133,0,5,192
BRDA:133,0,6,462
BRDA:133,0,7,48
BRDA:133,0,8,57
BRDA:133,0,9,102
BRDA:133,0,10,192
BRDA:133,0,11,138
BRDA:133,0,12,21
BRDA:133,0,13,48
BRDA:133,0,14,54
BRDA:175,0,0,191241
BRDA:175,0,1,591
BRDA:175,0,2,189
BRDA:175,0,3,189
BRDA:175,0,4,189
BRDA:175,0,5,189
BRDA:175,0,6,459
BRDA:175,0,7,45
BRDA:175,0,8,54
BRDA:175,0,9,99
BRDA:175,0,10,189
BRDA:175,0,11,135
BRDA:175,0,12,18
BRDA:175,0,13,45
BRDA:175,0,14,27
BRDA:230,0,0,48
BRDA:230,0,1,1284
BRDA:230,0,2,6
BRDA:230,0,3,42
BRDA:231,0,0,3
BRDA:231,0,1,3
BRDA:277,0,0,12
BRDA:277,0,1,20046
BRDA:277,0,2,9
BRDA:277,0,3,3
BRDA:301,0,0,15
BRDA:301,0,1,1083
BRDA:302,0,0,6
BRDA:302,0,1,9
BRDA:311,0,0,9
BRDA:311,0,1,1083
BRDA:311,0,2,6
BRDA:311,0,3,3
BRDA:320,0,0,27
BRDA:320,0,1,1059
BRDA:329,0,0,1050
BRDA:329,0,1,9
BRDA:345,0,0,108
BRDA:345,0,1,6
BRDA:401,0,0,6
BRDA:401,0,1,969
BRDA:415,0,0,6
BRDA:415,0,1,963
BRDA:424,0,0,981
BRDA:424,0,1,24
BRDA:429,0,0,951
BRDA:429,0,1,30
BRDA:435,0,0,927
BRDA:435,0,1,24
BRDA:445,0,0,921
BRDA:445,0,1,30
BRDA:460,0,0,21
BRDA:460,0,1,3
BRDA:460,0,2,6
BRDA:460,0,3,15
BRDA:476,0,0,9
BRDA:476,0,1,36
BRDA:494,0,0,960
BRDA:494,0,1,9
BRDA:496,0,0,945
BRDA:496,0,1,15
BRDA:513,0,0,939
BRDA:513,0,1,6
BRDA:513,0,2,921
BRDA:513,0,3,18
BRDA:518,0,0,9
BRDA:518,0,1,6
BRDA:518,0,2,6
BRDA:518,0,3,3
BRDA:560,0,0,966
BRDA:560,0,1,40302
BRDA:567,0,0,20061
BRDA:567,0,1,20241
BRDA:567,0,2,12
BRDA:567,0,3,20049
BRDA:607,0,0,9
BRDA:607,0,1,191478
BRDA:623,0,0,198711
BRDA:623,0,1,54
BRDA:626,0,0,3
BRDA:626,0,1,198708
BRDA:632,0,0,191433
BRDA:632,0,1,7278
BRDA:639,0,0,191433
BRDA:639,0,1,54
BRDA:654,0,0,54
BRDA:654,0,1,191433
BRDA:681,0,0,1146
BRDA:681,0,1,3
BRDA:681,0,2,1143
BRDA:681,0,3,3
BRDA:696,0,0,1140
BRDA:696,0,1,3
BRDA:717,0,0,1131
BRDA:717,0,1,12
BRDA:746,0,0,1152
BRDA:746,0,1,3
BRDA:746,0,2,1149
BRDA:746,0,3,3
BRDA:758,0,0,1131
BRDA:758,0,1,18
BRDA:849,0,0,190467
BRDA:849,0,1,9
BRDA:862,0,0,190467
BRDA:862,0,1,9
BRDA:867,0,0,12
BRDA:867,0,1,190464
BRDA:886,0,0,3
BRDA:886,0,1,3
BRDA:900,0,0,3
BRDA:900,0,1,3
BRDA:932,0,0,9
BRDA:932,0,1,6
BRDA:985,0,0,3
BRDA:985,0,1,12
BRDA:986,0,0,3
BRDA:986,0,1,9
BRDA:989,0,0,3
BRDA:989,0,1,6
BRDA:1018,0,0,12
BRDA:1018,0,1,18
BRDA:1024,0,0,15
BRDA:1024,0,1,3
BRDA:1039,0,0,6
BRDA:1039,0,1,12
BRDA:1063,0,0,190461
BRDA:1063,0,1,51
BRDA:1072,0,0,30
BRDA:1072,0,1,21
BRDA:1072,0,2,6
BRDA:1072,0,3,24
BRDA:1077,0,0,24
BRDA:1077,0,1,27
BRDA:1090,0,0,27
BRDA:1090,0,1,24
BRDA:1094,0,0,3
BRDA:1094,0,1,21
BRDA:1166,0,0,3
BRDA:1166,0,1,975
BRDA:1172,0,0,9
BRDA:1172,0,1,966
BRDA:1181,0,0,963
BRDA:1181,0,1,3
BRDA:1190,0,0,3
BRDA:1190,0,1,963
BRDA:1202,0,0,45
BRDA:1202,0,1,921
BRDA:1212,0,0,918
BRDA:1212,0,1,3
BRDA:1217,0,0,3
BRDA:1217,0,1,918
BRDA:1292,0,0,48
BRDA:1292,0,1,1335
BRDA:1298,0,0,1332
BRDA:1298,0,1,3
BRDA:1298,0,2,45
BRDA:1298,0,3,1287
BRDA:1303,0,0,1287
BRDA:1303,0,1,48
BRDA:1364,0,0,48
BRDA:1364,0,1,3
BRDA:1388,0,0,48
BRDA:1388,0,1,6
BRDA:1390,0,0,45
BRDA:1390,0,1,48
BRDA:1424,0,0,3
BRDA:1424,0,1,18
BRDA:1425,0,0,15
BRDA:1425,0,1,3
BRDA:1425,0,2,3
BRDA:1425,0,3,12
BRDA:1435,0,0,9
BRDA:1435,0,1,3
BRDA:1439,0,0,6
BRDA:1439,0,1,3
BRDA:1442,0,0,3
BRDA:1442,0,1,3
BRDA:1472,0,0,3
BRDA:1472,0,1,33
BRDA:1481,0,0,27
BRDA:1481,0,1,6
BRDA:1481,0,2,6
BRDA:1481,0,3,21
BRDA:1488,0,0,3
BRDA:1488,0,1,24
BRF:200
BRH:200
DA:119,3
DA:121,3
DA:122,3
DA:123,3
DA:131,193689
DA:133,193689
DA:135,191193
DA:136,191193
DA:137,600
DA:138,600
DA:139,195
DA:140,195
DA:141,195
DA:142,195
DA:143,192
DA:144,192
DA:145,192
DA:146,192
DA:147,462
DA:148,462
DA:149,48
DA:150,48
DA:151,57
DA:152,57
DA:153,102
DA:154,102
DA:155,192
DA:156,192
DA:157,138
DA:158,138
DA:159,21
DA:160,21
DA:161,48
DA:162,48
DA:163,54
DA:164,54
DA:173,193659
DA:175,193659
DA:177,191241
DA:178,191241
DA:179,591
DA:180,591
DA:181,189
DA:182,189
DA:183,189
DA:184,189
DA:185,189
DA:186,189
DA:187,189
DA:188,189
DA:189,459
DA:190,459
DA:191,45
DA:192,45
DA:193,54
DA:194,54
DA:195,99
DA:196,99
DA:197,189
DA:198,189
DA:199,135
DA:200,135
DA:201,18
DA:202,18
DA:203,45
DA:204,45
DA:205,27
DA:206,27
DA:221,1332
DA:223,1332
DA:229,1332
DA:230,1338
DA:231,6
DA:240,45
DA:242,45
DA:245,45
DA:246,45
DA:257,1083
DA:259,1083
DA:260,1083
DA:275,20058
DA:277,20058
DA:294,1098
DA:296,1098
DA:301,1098
DA:302,15
DA:304,6
DA:311,1092
DA:313,6
DA:320,1086
DA:322,27
DA:325,1059
DA:326,1059
DA:327,1059
DA:329,1059
DA:331,1050
DA:334,1059
DA:343,114
DA:345,114
DA:347,108
DA:348,108
DA:350,114
DA:388,975
DA:390,975
DA:391,975
DA:395,975
DA:396,975
DA:401,975
DA:403,6
DA:415,969
DA:417,6
DA:424,1005
DA:429,981
DA:435,951
DA:437,927
DA:438,927
DA:445,951
DA:447,921
DA:448,921
DA:456,30
DA:457,30
DA:460,24
DA:463,9
DA:464,9
DA:475,45
DA:476,45
DA:478,9
DA:479,9
DA:485,36
DA:494,969
DA:496,960
DA:500,945
DA:513,945
DA:515,927
DA:518,15
DA:525,6
DA:529,969
DA:544,978
DA:551,978
DA:552,978
DA:553,978
DA:554,978
DA:558,41268
DA:560,41268
DA:562,966
DA:565,40302
DA:567,40302
DA:569,12
DA:570,12
DA:571,12
DA:575,978
DA:593,191487
DA:597,191487
DA:601,191487
DA:604,191487
DA:605,191487
DA:607,191487
DA:613,9
DA:614,9
DA:618,191478
DA:619,191478
DA:620,191478
DA:623,198765
DA:625,198711
DA:626,198711
DA:629,3
DA:631,198711
DA:632,198711
DA:634,191433
DA:635,191433
DA:639,191487
DA:641,191433
DA:642,191433
DA:645,191433
DA:646,191433
DA:647,191433
DA:648,191433
DA:651,191433
DA:654,191487
DA:656,54
DA:657,54
DA:660,191487
DA:676,1149
DA:681,1149
DA:683,1143
DA:684,1143
DA:686,1143
DA:696,1143
DA:703,1140
DA:712,1143
DA:713,1143
DA:715,1143
DA:717,1143
DA:727,1131
DA:736,1149
DA:742,1155
DA:746,1155
DA:748,1149
DA:758,1149
DA:759,1131
DA:768,1149
DA:769,1149
DA:771,1149
DA:779,1155
DA:790,36
DA:802,36
DA:803,36
DA:806,36
DA:813,36
DA:819,36
DA:820,36
DA:838,190476
DA:849,190476
DA:851,190467
DA:855,9
DA:859,190476
DA:862,190476
DA:864,190467
DA:867,190476
DA:870,12
DA:873,190476
DA:881,6
DA:886,6
DA:888,3
DA:893,3
DA:897,6
DA:900,6
DA:902,3
DA:905,6
DA:920,15
DA:928,15
DA:930,15
DA:932,15
DA:939,9
DA:943,6
DA:946,15
DA:961,12
DA:963,12
DA:975,15
DA:985,15
DA:986,12
DA:988,9
DA:989,9
DA:991,3
DA:993,3
DA:996,9
DA:1013,30
DA:1017,30
DA:1018,30
DA:1020,12
DA:1023,18
DA:1024,18
DA:1026,15
DA:1036,15
DA:1039,18
DA:1041,6
DA:1044,18
DA:1059,190512
DA:1063,190512
DA:1066,190461
DA:1069,51
DA:1072,51
DA:1074,27
DA:1077,51
DA:1079,24
DA:1090,51
DA:1092,27
DA:1094,24
DA:1101,3
DA:1105,51
DA:1111,51
DA:1126,18
DA:1128,18
DA:1129,18
DA:1159,978
DA:1166,978
DA:1168,3
DA:1171,975
DA:1172,975
DA:1174,9
DA:1181,966
DA:1183,963
DA:1187,3
DA:1190,966
DA:1192,3
DA:1196,963
DA:1202,966
DA:1204,45
DA:1205,45
DA:1209,921
DA:1212,921
DA:1214,918
DA:1217,921
DA:1219,3
DA:1222,921
DA:1229,3
DA:1232,3
DA:1239,3
DA:1240,3
DA:1246,63
DA:1251,63
DA:1252,63
DA:1253,63
DA:1254,63
DA:1256,63
DA:1263,6
DA:1265,6
DA:1272,3
DA:1274,3
DA:1281,96
DA:1286,96
DA:1287,96
DA:1291,1383
DA:1292,1383
DA:1294,48
DA:1297,1335
DA:1298,1335
DA:1300,48
DA:1301,48
DA:1303,1335
DA:1305,96
DA:1312,51
DA:1314,51
DA:1315,51
DA:1321,48
DA:1329,48
DA:1330,48
DA:1331,48
DA:1333,48
DA:1348,6
DA:1351,6
DA:1360,3
DA:1364,51
DA:1366,48
DA:1368,3
DA:1376,54
DA:1384,54
DA:1385,54
DA:1386,54
DA:1388,54
DA:1390,93
DA:1392,45
DA:1395,48
DA:1397,54
DA:1405,45
DA:1407,45
DA:1416,21
DA:1424,21
DA:1425,18
DA:1432,12
DA:1434,12
DA:1435,12
DA:1437,9
DA:1439,9
DA:1441,6
DA:1442,6
DA:1445,3
DA:1446,3
DA:1448,6
DA:1449,6
DA:1452,9
DA:1455,12
DA:1464,36
DA:1472,36
DA:1474,33
DA:1475,33
DA:1481,33
DA:1483,6
DA:1487,27
DA:1488,27
DA:1490,3
DA:1494,24
DA:1495,24
DA:1499,33
LF:374
LH:374
end_of_record
TN:
SF:/home/cfs/opensource_cFS/cFS/osal/src/os/shared/src/osapi-module.c
FN:135,161,OS_ModuleLoad_Static
FN:173,177,OS_ModuleAPI_Init
FN:185,268,OS_ModuleLoad
FN:276,302,OS_ModuleUnload
FN:310,337,OS_ModuleInfo
FN:345,380,OS_SymbolLookup
FN:388,426,OS_ModuleSymbolLookup
FN:434,472,OS_SymbolTableDump
FN:91,127,OS_SymbolLookup_Static
FNDA:24,OS_ModuleLoad_Static
FNDA:3,OS_ModuleAPI_Init
FNDA:30,OS_ModuleLoad
FNDA:9,OS_ModuleUnload
FNDA:9,OS_ModuleInfo
FNDA:15,OS_SymbolLookup
FNDA:18,OS_ModuleSymbolLookup
FNDA:12,OS_SymbolTableDump
FNDA:24,OS_SymbolLookup_Static
FNF:9
FNH:9
BRDA:96,0,0,48
BRDA:96,0,1,12
BRDA:98,0,0,12
BRDA:98,0,1,36
BRDA:114,0,0,15
BRDA:114,0,1,21
BRDA:115,0,0,6
BRDA:115,0,1,9
BRDA:115,0,2,3
BRDA:115,0,3,3
BRDA:140,0,0,54
BRDA:140,0,1,15
BRDA:142,0,0,15
BRDA:142,0,1,39
BRDA:150,0,0,24
BRDA:150,0,1,15
BRDA:150,0,2,9
BRDA:150,0,3,15
BRDA:199,0,0,3
BRDA:199,0,1,27
BRDA:200,0,0,3
BRDA:200,0,1,24
BRDA:200,0,2,3
BRDA:200,0,3,21
BRDA:215,0,0,18
BRDA:215,0,1,3
BRDA:235,0,0,6
BRDA:235,0,1,12
BRDA:247,0,0,3
BRDA:247,0,1,9
BRDA:283,0,0,6
BRDA:283,0,1,3
BRDA:292,0,0,3
BRDA:292,0,1,3
BRDA:318,0,0,3
BRDA:318,0,1,6
BRDA:323,0,0,3
BRDA:323,0,1,3
BRDA:353,0,0,3
BRDA:353,0,1,12
BRDA:354,0,0,3
BRDA:354,0,1,9
BRDA:365,0,0,6
BRDA:365,0,1,3
BRDA:373,0,0,3
BRDA:373,0,1,3
BRDA:398,0,0,3
BRDA:398,0,1,15
BRDA:399,0,0,3
BRDA:399,0,1,12
BRDA:402,0,0,9
BRDA:402,0,1,3
BRDA:407,0,0,6
BRDA:407,0,1,3
BRDA:416,0,0,3
BRDA:416,0,1,3
BRDA:441,0,0,3
BRDA:441,0,1,9
BRDA:447,0,0,3
BRDA:447,0,1,6
BRDA:462,0,0,3
BRDA:462,0,1,3
BRF:62
BRH:62
DA:91,24
DA:93,24
DA:94,24
DA:96,60
DA:98,48
DA:103,12
DA:111,12
DA:112,12
DA:114,36
DA:115,15
DA:118,12
DA:119,12
DA:120,12
DA:123,24
DA:126,24
DA:135,24
DA:137,24
DA:138,24
DA:140,69
DA:142,54
DA:147,15
DA:148,15
DA:150,39
DA:153,9
DA:154,9
DA:157,30
DA:160,24
DA:173,3
DA:175,3
DA:176,3
DA:185,30
DA:199,30
DA:200,27
DA:211,21
DA:214,21
DA:215,21
DA:217,18
DA:220,18
DA:222,18
DA:234,18
DA:235,18
DA:238,6
DA:247,12
DA:250,3
DA:255,9
DA:256,9
DA:259,9
DA:264,18
DA:267,21
DA:276,9
DA:282,9
DA:283,9
DA:285,6
DA:292,6
DA:294,3
DA:298,6
DA:301,9
DA:310,9
DA:318,9
DA:320,6
DA:322,6
DA:323,6
DA:325,3
DA:326,3
DA:328,3
DA:329,3
DA:331,3
DA:333,3
DA:336,6
DA:345,15
DA:353,15
DA:354,12
DA:359,9
DA:365,9
DA:367,6
DA:373,6
DA:375,3
DA:379,9
DA:388,18
DA:398,18
DA:399,15
DA:401,12
DA:402,12
DA:404,9
DA:406,9
DA:407,9
DA:410,6
DA:416,6
DA:418,3
DA:422,9
DA:425,12
DA:434,12
DA:441,12
DA:446,9
DA:447,9
DA:449,3
DA:461,6
DA:462,6
DA:464,3
DA:467,3
DA:469,3
DA:471,3
LF:102
LH:102
end_of_record
TN:
SF:/home/cfs/opensource_cFS/cFS/osal/src/os/shared/src/osapi-mutex.c
FN:123,138,OS_MutSemDelete
FN:146,175,OS_MutSemGive
FN:183,204,OS_MutSemTake
FN:212,223,OS_MutSemGetIdByName
FN:231,256,OS_MutSemGetInfo
FN:76,80,OS_MutexAPI_Init
FN:88,115,OS_MutSemCreate
FNDA:6,OS_MutSemDelete
FNDA:9,OS_MutSemGive
FNDA:12,OS_MutSemTake
FNDA:12,OS_MutSemGetIdByName
FNDA:9,OS_MutSemGetInfo
FNDA:3,OS_MutexAPI_Init
FNDA:15,OS_MutSemCreate
FNF:7
FNH:7
BRDA:95,0,0,3
BRDA:95,0,1,12
BRDA:96,0,0,3
BRDA:96,0,1,9
BRDA:96,0,2,3
BRDA:96,0,3,6
BRDA:100,0,0,3
BRDA:100,0,1,3
BRDA:129,0,0,3
BRDA:129,0,1,3
BRDA:155,0,0,6
BRDA:155,0,1,3
BRDA:191,0,0,9
BRDA:191,0,1,3
BRDA:196,0,0,6
BRDA:196,0,1,3
BRDA:217,0,0,3
BRDA:217,0,1,9
BRDA:218,0,0,3
BRDA:218,0,1,6
BRDA:238,0,0,3
BRDA:238,0,1,6
BRDA:243,0,0,3
BRDA:243,0,1,3
BRF:24
BRH:24
DA:76,3
DA:78,3
DA:79,3
DA:88,15
DA:95,15
DA:96,12
DA:99,6
DA:100,6
DA:102,3
DA:105,3
DA:108,3
DA:111,3
DA:114,6
DA:123,6
DA:128,6
DA:129,6
DA:131,3
DA:134,3
DA:137,6
DA:146,9
DA:154,9
DA:155,9
DA:157,6
DA:159,6
DA:161,6
DA:169,6
DA:171,6
DA:174,9
DA:183,12
DA:190,12
DA:191,12
DA:193,9
DA:195,9
DA:196,9
DA:199,6
DA:203,12
DA:212,12
DA:217,12
DA:218,9
DA:220,6
DA:222,6
DA:231,9
DA:238,9
DA:240,6
DA:242,6
DA:243,6
DA:245,3
DA:247,3
DA:248,3
DA:250,3
DA:252,3
DA:255,6
LF:52
LH:52
end_of_record
TN:
SF:/home/cfs/opensource_cFS/cFS/osal/src/os/shared/src/osapi-network.c
FN:49,52,OS_NetworkAPI_Init
FN:60,77,OS_NetworkGetHostName
FN:85,97,OS_NetworkGetID
FNDA:3,OS_NetworkAPI_Init
FNDA:15,OS_NetworkGetHostName
FNDA:6,OS_NetworkGetID
FNF:3
FNH:3
BRDA:65,0,0,3
BRDA:65,0,1,12
BRDA:66,0,0,9
BRDA:66,0,1,3
BRDA:66,0,2,3
BRDA:66,0,3,6
BRDA:70,0,0,3
BRDA:70,0,1,3
BRDA:90,0,0,3
BRDA:90,0,1,3
BRF:10
BRH:10
DA:49,3
DA:51,3
DA:60,15
DA:65,15
DA:66,12
DA:69,6
DA:70,6
DA:73,3
DA:76,6
DA:85,6
DA:90,6
DA:93,3
DA:96,3
LF:13
LH:13
end_of_record
TN:
SF:/home/cfs/opensource_cFS/cFS/osal/src/os/shared/src/osapi-printf.c
FN:144,180,OS_Console_CopyOut
FN:194,255,OS_ConsoleWrite
FN:263,314,OS_printf
FN:322,325,OS_printf_disable
FN:333,336,OS_printf_enable
FN:84,122,OS_ConsoleAPI_Init
FNDA:27,OS_Console_CopyOut
FNDA:27,OS_ConsoleWrite
FNDA:36,OS_printf
FNDA:3,OS_printf_disable
FNDA:6,OS_printf_enable
FNDA:6,OS_ConsoleAPI_Init
FNF:6
FNH:6
BRDA:96,0,0,3
BRDA:96,0,1,3
BRDA:155,0,0,9
BRDA:155,0,1,108
BRDA:164,0,0,6
BRDA:164,0,1,102
BRDA:169,0,0,18
BRDA:169,0,1,90
BRDA:202,0,0,24
BRDA:202,0,1,3
BRDA:213,0,0,15
BRDA:213,0,1,9
BRDA:217,0,0,12
BRDA:217,0,1,12
BRDA:222,0,0,6
BRDA:222,0,1,18
BRDA:240,0,0,21
BRDA:240,0,1,3
BRDA:269,0,0,3
BRDA:269,0,1,33
BRDA:271,0,0,30
BRDA:271,0,1,3
BRDA:292,0,0,27
BRDA:292,0,1,3
BRDA:299,0,0,3
BRDA:299,0,1,24
BRDA:304,0,0,9
BRDA:304,0,1,15
BRF:28
BRH:28
DA:84,6
DA:90,6
DA:95,6
DA:96,6
DA:98,3
DA:101,3
DA:106,3
DA:107,3
DA:108,3
DA:110,3
DA:113,3
DA:118,3
DA:121,6
DA:144,27
DA:150,27
DA:151,27
DA:152,27
DA:155,117
DA:158,9
DA:159,9
DA:160,9
DA:162,108
DA:163,108
DA:164,108
DA:166,6
DA:169,108
DA:172,18
DA:173,18
DA:176,90
DA:179,27
DA:194,27
DA:201,27
DA:202,27
DA:204,24
DA:211,24
DA:213,24
DA:215,15
DA:217,24
DA:219,12
DA:222,24
DA:225,6
DA:230,18
DA:240,24
DA:243,21
DA:248,3
DA:251,24
DA:254,27
DA:263,36
DA:269,36
DA:271,33
DA:292,30
DA:295,27
DA:296,27
DA:299,27
DA:302,3
DA:304,24
DA:307,9
DA:310,27
DA:312,27
DA:322,3
DA:324,3
DA:325,3
DA:333,6
DA:335,6
DA:336,6
LF:65
LH:65
end_of_record
TN:
SF:/home/cfs/opensource_cFS/cFS/osal/src/os/shared/src/osapi-queue.c
FN:128,143,OS_QueueDelete
FN:151,182,OS_QueueGet
FN:190,219,OS_QueuePut
FN:227,238,OS_QueueGetIdByName
FN:246,274,OS_QueueGetInfo
FN:72,76,OS_QueueAPI_Init
FN:84,120,OS_QueueCreate
FNDA:6,OS_QueueDelete
FNDA:21,OS_QueueGet
FNDA:18,OS_QueuePut
FNDA:12,OS_QueueGetIdByName
FNDA:9,OS_QueueGetInfo
FNDA:3,OS_QueueAPI_Init
FNDA:24,OS_QueueCreate
FNF:7
FNH:7
BRDA:95,0,0,3
BRDA:95,0,1,21
BRDA:96,0,0,3
BRDA:96,0,1,18
BRDA:96,0,2,3
BRDA:96,0,3,15
BRDA:97,0,0,12
BRDA:97,0,1,3
BRDA:97,0,2,3
BRDA:97,0,3,9
BRDA:98,0,0,3
BRDA:98,0,1,6
BRDA:102,0,0,3
BRDA:102,0,1,3
BRDA:134,0,0,3
BRDA:134,0,1,3
BRDA:158,0,0,3
BRDA:158,0,1,18
BRDA:159,0,0,3
BRDA:159,0,1,15
BRDA:160,0,0,12
BRDA:160,0,1,3
BRDA:160,0,2,3
BRDA:160,0,3,9
BRDA:163,0,0,6
BRDA:163,0,1,3
BRDA:167,0,0,3
BRDA:167,0,1,3
BRDA:197,0,0,3
BRDA:197,0,1,15
BRDA:198,0,0,12
BRDA:198,0,1,3
BRDA:198,0,2,3
BRDA:198,0,3,9
BRDA:201,0,0,6
BRDA:201,0,1,3
BRDA:205,0,0,3
BRDA:205,0,1,3
BRDA:232,0,0,3
BRDA:232,0,1,9
BRDA:233,0,0,3
BRDA:233,0,1,6
BRDA:253,0,0,3
BRDA:253,0,1,6
BRDA:258,0,0,3
BRDA:258,0,1,3
BRF:46
BRH:46
DA:72,3
DA:74,3
DA:75,3
DA:84,24
DA:95,24
DA:96,21
DA:97,15
DA:98,9
DA:101,6
DA:102,6
DA:104,3
DA:107,3
DA:109,3
DA:110,3
DA:113,3
DA:116,3
DA:119,6
DA:128,6
DA:133,6
DA:134,6
DA:136,3
DA:139,3
DA:142,6
DA:151,21
DA:158,21
DA:159,18
DA:160,15
DA:162,9
DA:163,9
DA:165,6
DA:167,6
DA:172,3
DA:173,3
DA:177,3
DA:181,9
DA:190,18
DA:197,18
DA:198,15
DA:200,9
DA:201,9
DA:203,6
DA:205,6
DA:210,3
DA:214,3
DA:218,9
DA:227,12
DA:232,12
DA:233,9
DA:235,6
DA:237,6
DA:246,9
DA:253,9
DA:255,6
DA:257,6
DA:258,6
DA:260,3
DA:262,3
DA:263,3
DA:270,3
DA:273,6
LF:60
LH:60
end_of_record
TN:
SF:/home/cfs/opensource_cFS/cFS/osal/src/os/shared/src/osapi-rwlock.c
FN:123,138,OS_RwLockDelete
FN:146,171,OS_RwLockReadGive
FN:179,209,OS_RwLockWriteGive
FN:217,242,OS_RwLockReadTake
FN:250,270,OS_RwLockWriteTake
FN:278,289,OS_RwLockGetIdByName
FN:297,322,OS_RwLockGetInfo
FN:76,80,OS_RwLockAPI_Init
FN:88,115,OS_RwLockCreate
FNDA:6,OS_RwLockDelete
FNDA:9,OS_RwLockReadGive
FNDA:9,OS_RwLockWriteGive
FNDA:15,OS_RwLockReadTake
FNDA:12,OS_RwLockWriteTake
FNDA:12,OS_RwLockGetIdByName
FNDA:9,OS_RwLockGetInfo
FNDA:3,OS_RwLockAPI_Init
FNDA:15,OS_RwLockCreate
FNF:9
FNH:9
BRDA:95,0,0,3
BRDA:95,0,1,12
BRDA:96,0,0,3
BRDA:96,0,1,9
BRDA:96,0,2,3
BRDA:96,0,3,6
BRDA:100,0,0,3
BRDA:100,0,1,3
BRDA:129,0,0,3
BRDA:129,0,1,3
BRDA:154,0,0,6
BRDA:154,0,1,3
BRDA:188,0,0,6
BRDA:188,0,1,3
BRDA:225,0,0,12
BRDA:225,0,1,3
BRDA:232,0,0,6
BRDA:232,0,1,6
BRDA:258,0,0,9
BRDA:258,0,1,3
BRDA:263,0,0,6
BRDA:263,0,1,3
BRDA:283,0,0,3
BRDA:283,0,1,9
BRDA:284,0,0,3
BRDA:284,0,1,6
BRDA:304,0,0,3
BRDA:304,0,1,6
BRDA:309,0,0,3
BRDA:309,0,1,3
BRF:30
BRH:30
DA:76,3
DA:78,3
DA:79,3
DA:88,15
DA:95,15
DA:96,12
DA:99,6
DA:100,6
DA:102,3
DA:105,3
DA:108,3
DA:111,3
DA:114,6
DA:123,6
DA:128,6
DA:129,6
DA:131,3
DA:134,3
DA:137,6
DA:146,9
DA:153,9
DA:154,9
DA:156,6
DA:159,6
DA:167,6
DA:170,9
DA:179,9
DA:187,9
DA:188,9
DA:190,6
DA:192,6
DA:195,6
DA:203,6
DA:205,6
DA:208,9
DA:217,15
DA:224,15
DA:225,15
DA:227,12
DA:229,12
DA:232,12
DA:241,15
DA:250,12
DA:257,12
DA:258,12
DA:260,9
DA:262,9
DA:263,9
DA:265,6
DA:269,12
DA:278,12
DA:283,12
DA:284,9
DA:286,6
DA:288,6
DA:297,9
DA:304,9
DA:306,6
DA:308,6
DA:309,6
DA:311,3
DA:313,3
DA:314,3
DA:316,3
DA:318,3
DA:321,6
LF:66
LH:66
end_of_record
TN:
SF:/home/cfs/opensource_cFS/cFS/osal/src/os/shared/src/osapi-select.c
FN:119,122,OS_SelectMultiple
FN:130,137,OS_SelectFdZero
FN:145,165,OS_SelectFdAdd
FN:173,193,OS_SelectFdClear
FN:201,221,OS_SelectFdIsSet
FN:57,74,OS_SelectSingleAbs
FN:82,85,OS_SelectSingle
FN:93,111,OS_SelectMultipleAbs
FNDA:3,OS_SelectMultiple
FNDA:12,OS_SelectFdZero
FNDA:12,OS_SelectFdAdd
FNDA:9,OS_SelectFdClear
FNDA:39,OS_SelectFdIsSet
FNDA:9,OS_SelectSingleAbs
FNDA:9,OS_SelectSingle
FNDA:3,OS_SelectMultipleAbs
FNF:8
FNH:8
BRDA:63,0,0,3
BRDA:63,0,1,6
BRDA:66,0,0,3
BRDA:66,0,1,3
BRDA:133,0,0,3
BRDA:133,0,1,9
BRDA:151,0,0,3
BRDA:151,0,1,9
BRDA:154,0,0,6
BRDA:154,0,1,3
BRDA:179,0,0,3
BRDA:179,0,1,6
BRDA:182,0,0,3
BRDA:182,0,1,3
BRDA:207,0,0,3
BRDA:207,0,1,36
BRDA:210,0,0,6
BRDA:210,0,1,30
BRF:18
BRH:18
DA:57,9
DA:63,9
DA:65,6
DA:66,6
DA:68,3
DA:70,3
DA:73,6
DA:82,9
DA:84,9
DA:93,3
DA:108,3
DA:110,3
DA:119,3
DA:121,3
DA:130,12
DA:133,12
DA:135,9
DA:136,9
DA:145,12
DA:151,12
DA:153,9
DA:154,9
DA:161,6
DA:164,9
DA:173,9
DA:179,9
DA:181,6
DA:182,6
DA:189,3
DA:192,6
DA:201,39
DA:207,39
DA:209,36
DA:210,36
DA:212,6
DA:220,30
LF:36
LH:36
end_of_record
TN:
SF:/home/cfs/opensource_cFS/cFS/osal/src/os/shared/src/osapi-sockets.c
FN:119,147,OS_SocketOpen
FN:158,177,OS_SocketBind
FN:185,226,OS_SocketListen
FN:234,276,OS_SocketBindAddress
FN:284,363,OS_SocketAcceptAbs
FN:371,374,OS_SocketAccept
FN:382,419,OS_SocketConnectAbs
FN:427,473,OS_SocketShutdown
FN:481,484,OS_SocketConnect
FN:492,533,OS_SocketRecvFromAbs
FN:541,544,OS_SocketRecvFrom
FN:552,581,OS_SocketSendTo
FN:589,600,OS_SocketGetIdByName
FN:608,633,OS_SocketGetInfo
FN:641,647,OS_SocketAddrInit
FN:655,663,OS_SocketAddrToString
FN:671,678,OS_SocketAddrFromString
FN:68,76,OS_SocketAPI_Init
FN:686,693,OS_SocketAddrGetPort
FN:701,707,OS_SocketAddrSetPort
FN:715,741,OS_SocketGetOption
FN:749,773,OS_SocketSetOption
FN:87,111,OS_CreateSocketName
FNDA:9,OS_SocketOpen
FNDA:18,OS_SocketBind
FNDA:30,OS_SocketListen
FNDA:30,OS_SocketBindAddress
FNDA:24,OS_SocketAcceptAbs
FNDA:24,OS_SocketAccept
FNDA:21,OS_SocketConnectAbs
FNDA:27,OS_SocketShutdown
FNDA:21,OS_SocketConnect
FNDA:24,OS_SocketRecvFromAbs
FNDA:24,OS_SocketRecvFrom
FNDA:21,OS_SocketSendTo
FNDA:12,OS_SocketGetIdByName
FNDA:9,OS_SocketGetInfo
FNDA:6,OS_SocketAddrInit
FNDA:15,OS_SocketAddrToString
FNDA:9,OS_SocketAddrFromString
FNDA:3,OS_SocketAPI_Init
FNDA:9,OS_SocketAddrGetPort
FNDA:6,OS_SocketAddrSetPort
FNDA:15,OS_SocketGetOption
FNDA:15,OS_SocketSetOption
FNDA:21,OS_CreateSocketName
FNF:23
FNH:23
BRDA:95,0,0,6
BRDA:95,0,1,15
BRDA:99,0,0,18
BRDA:99,0,1,3
BRDA:105,0,0,6
BRDA:105,0,1,15
BRDA:126,0,0,3
BRDA:126,0,1,6
BRDA:130,0,0,3
BRDA:130,0,1,3
BRDA:163,0,0,9
BRDA:163,0,1,9
BRDA:166,0,0,3
BRDA:166,0,1,6
BRDA:192,0,0,24
BRDA:192,0,1,6
BRDA:197,0,0,18
BRDA:197,0,1,6
BRDA:197,0,2,3
BRDA:197,0,3,15
BRDA:202,0,0,3
BRDA:202,0,1,12
BRDA:207,0,0,3
BRDA:207,0,1,9
BRDA:216,0,0,6
BRDA:216,0,1,3
BRDA:242,0,0,3
BRDA:242,0,1,27
BRDA:245,0,0,21
BRDA:245,0,1,6
BRDA:250,0,0,3
BRDA:250,0,1,18
BRDA:255,0,0,3
BRDA:255,0,1,15
BRDA:264,0,0,12
BRDA:264,0,1,3
BRDA:295,0,0,3
BRDA:295,0,1,21
BRDA:296,0,0,3
BRDA:296,0,1,18
BRDA:313,0,0,15
BRDA:313,0,1,3
BRDA:318,0,0,3
BRDA:318,0,1,12
BRDA:323,0,0,3
BRDA:323,0,1,9
BRDA:332,0,0,6
BRDA:332,0,1,3
BRDA:347,0,0,3
BRDA:347,0,1,3
BRDA:389,0,0,3
BRDA:389,0,1,18
BRDA:392,0,0,15
BRDA:392,0,1,3
BRDA:396,0,0,3
BRDA:396,0,1,12
BRDA:400,0,0,9
BRDA:400,0,1,3
BRDA:400,0,2,3
BRDA:400,0,3,6
BRDA:409,0,0,6
BRDA:409,0,1,3
BRDA:434,0,0,24
BRDA:434,0,1,3
BRDA:434,0,2,21
BRDA:434,0,3,3
BRDA:434,0,4,3
BRDA:434,0,5,18
BRDA:439,0,0,21
BRDA:439,0,1,3
BRDA:443,0,0,3
BRDA:443,0,1,18
BRDA:447,0,0,15
BRDA:447,0,1,3
BRDA:447,0,2,3
BRDA:447,0,3,12
BRDA:456,0,0,12
BRDA:456,0,1,3
BRDA:458,0,0,9
BRDA:458,0,1,3
BRDA:462,0,0,9
BRDA:462,0,1,3
BRDA:507,0,0,3
BRDA:507,0,1,21
BRDA:508,0,0,18
BRDA:508,0,1,3
BRDA:508,0,2,3
BRDA:508,0,3,15
BRDA:511,0,0,12
BRDA:511,0,1,3
BRDA:515,0,0,3
BRDA:515,0,1,9
BRDA:519,0,0,3
BRDA:519,0,1,6
BRDA:559,0,0,3
BRDA:559,0,1,18
BRDA:560,0,0,15
BRDA:560,0,1,3
BRDA:560,0,2,3
BRDA:560,0,3,12
BRDA:561,0,0,3
BRDA:561,0,1,9
BRDA:564,0,0,6
BRDA:564,0,1,3
BRDA:568,0,0,3
BRDA:568,0,1,3
BRDA:594,0,0,3
BRDA:594,0,1,9
BRDA:595,0,0,3
BRDA:595,0,1,6
BRDA:615,0,0,3
BRDA:615,0,1,6
BRDA:621,0,0,3
BRDA:621,0,1,3
BRDA:644,0,0,3
BRDA:644,0,1,3
BRDA:658,0,0,3
BRDA:658,0,1,12
BRDA:659,0,0,3
BRDA:659,0,1,9
BRDA:660,0,0,6
BRDA:660,0,1,3
BRDA:660,0,2,3
BRDA:660,0,3,3
BRDA:674,0,0,3
BRDA:674,0,1,6
BRDA:675,0,0,3
BRDA:675,0,1,3
BRDA:689,0,0,3
BRDA:689,0,1,6
BRDA:690,0,0,3
BRDA:690,0,1,3
BRDA:704,0,0,3
BRDA:704,0,1,3
BRDA:721,0,0,3
BRDA:721,0,1,12
BRDA:723,0,0,6
BRDA:723,0,1,6
BRDA:732,0,0,3
BRDA:732,0,1,3
BRDA:755,0,0,3
BRDA:755,0,1,12
BRDA:757,0,0,6
BRDA:757,0,1,6
BRDA:764,0,0,3
BRDA:764,0,1,3
BRF:146
BRH:146
DA:68,3
DA:75,3
DA:87,21
DA:93,21
DA:95,21
DA:97,6
DA:99,21
DA:101,18
DA:102,18
DA:105,21
DA:108,6
DA:109,6
DA:111,21
DA:119,9
DA:126,9
DA:129,6
DA:130,6
DA:132,3
DA:135,3
DA:136,3
DA:137,3
DA:140,3
DA:143,3
DA:146,6
DA:158,18
DA:162,18
DA:163,18
DA:165,9
DA:166,9
DA:172,3
DA:176,18
DA:185,30
DA:191,30
DA:192,30
DA:194,24
DA:197,24
DA:200,9
DA:202,15
DA:205,3
DA:207,12
DA:210,3
DA:214,9
DA:216,9
DA:218,6
DA:222,24
DA:225,30
DA:234,30
DA:242,30
DA:244,27
DA:245,27
DA:247,21
DA:248,21
DA:250,21
DA:253,3
DA:255,18
DA:258,3
DA:262,15
DA:264,15
DA:266,12
DA:267,12
DA:268,12
DA:272,21
DA:275,27
DA:284,24
DA:295,24
DA:296,21
DA:305,18
DA:306,18
DA:307,18
DA:308,18
DA:309,18
DA:310,18
DA:312,18
DA:313,18
DA:315,15
DA:316,15
DA:318,15
DA:321,3
DA:323,12
DA:326,3
DA:331,9
DA:332,9
DA:334,6
DA:335,6
DA:338,6
DA:340,6
DA:341,6
DA:343,6
DA:345,6
DA:347,6
DA:350,3
DA:351,3
DA:352,3
DA:355,6
DA:359,15
DA:362,18
DA:371,24
DA:373,24
DA:382,21
DA:389,21
DA:391,18
DA:392,18
DA:394,15
DA:396,15
DA:398,3
DA:400,12
DA:403,3
DA:407,9
DA:409,9
DA:411,6
DA:415,15
DA:418,18
DA:427,27
DA:434,27
DA:438,24
DA:439,24
DA:441,21
DA:443,21
DA:445,3
DA:447,18
DA:450,3
DA:454,15
DA:456,15
DA:458,12
DA:460,9
DA:462,12
DA:464,9
DA:469,21
DA:472,24
DA:481,21
DA:483,21
DA:492,24
DA:507,24
DA:508,21
DA:510,15
DA:511,15
DA:513,12
DA:515,12
DA:517,3
DA:519,9
DA:522,3
DA:526,6
DA:529,12
DA:532,15
DA:541,24
DA:543,24
DA:552,21
DA:559,21
DA:560,18
DA:561,12
DA:563,9
DA:564,9
DA:566,6
DA:568,6
DA:570,3
DA:574,3
DA:577,6
DA:580,9
DA:589,12
DA:594,12
DA:595,9
DA:597,6
DA:599,6
DA:608,9
DA:615,9
DA:617,6
DA:620,6
DA:621,6
DA:623,3
DA:625,3
DA:626,3
DA:627,3
DA:629,3
DA:632,6
DA:641,6
DA:644,6
DA:646,3
DA:655,15
DA:658,15
DA:659,12
DA:660,9
DA:662,3
DA:671,9
DA:674,9
DA:675,6
DA:677,3
DA:686,9
DA:689,9
DA:690,6
DA:692,3
DA:701,6
DA:704,6
DA:706,3
DA:715,15
DA:721,15
DA:723,12
DA:725,6
DA:729,6
DA:731,6
DA:732,6
DA:734,3
DA:736,3
DA:740,12
DA:749,15
DA:755,15
DA:757,12
DA:759,6
DA:763,6
DA:764,6
DA:766,3
DA:768,3
DA:772,12
LF:212
LH:212
end_of_record
TN:
SF:/home/cfs/opensource_cFS/cFS/osal/src/os/shared/src/osapi-task.c
FN:124,138,OS_TaskEntryPoint
FN:152,156,OS_TaskAPI_Init
FN:164,211,OS_TaskCreate
FN:219,250,OS_TaskDelete
FN:258,276,OS_TaskExit
FN:284,288,OS_TaskDelay
FN:296,320,OS_TaskSetPriority
FN:328,335,OS_TaskGetId
FN:343,354,OS_TaskGetIdByName
FN:362,395,OS_TaskGetInfo
FN:403,425,OS_TaskInstallDeleteHandler
FN:433,461,OS_TaskFindIdBySystemData
FN:78,112,OS_TaskPrepare
FNDA:9,OS_TaskEntryPoint
FNDA:3,OS_TaskAPI_Init
FNDA:24,OS_TaskCreate
FNDA:12,OS_TaskDelete
FNDA:15,OS_TaskExit
FNDA:3,OS_TaskDelay
FNDA:9,OS_TaskSetPriority
FNDA:3,OS_TaskGetId
FNDA:12,OS_TaskGetIdByName
FNDA:12,OS_TaskGetInfo
FNDA:6,OS_TaskInstallDeleteHandler
FNDA:12,OS_TaskFindIdBySystemData
FNDA:9,OS_TaskPrepare
FNF:13
FNH:13
BRDA:85,0,0,6
BRDA:85,0,1,3
BRDA:95,0,0,6
BRDA:95,0,1,3
BRDA:100,0,0,6
BRDA:100,0,1,3
BRDA:106,0,0,3
BRDA:106,0,1,6
BRDA:128,0,0,6
BRDA:128,0,1,3
BRDA:130,0,0,3
BRDA:130,0,1,3
BRDA:181,0,0,3
BRDA:181,0,1,21
BRDA:182,0,0,3
BRDA:182,0,1,18
BRDA:183,0,0,3
BRDA:183,0,1,15
BRDA:183,0,2,3
BRDA:183,0,3,12
BRDA:184,0,0,9
BRDA:184,0,1,3
BRDA:184,0,2,3
BRDA:184,0,3,6
BRDA:188,0,0,3
BRDA:188,0,1,3
BRDA:228,0,0,9
BRDA:228,0,1,3
BRDA:244,0,0,6
BRDA:244,0,1,6
BRDA:244,0,2,3
BRDA:244,0,3,3
BRDA:264,0,0,12
BRDA:264,0,1,3
BRDA:303,0,0,6
BRDA:303,0,1,3
BRDA:309,0,0,3
BRDA:309,0,1,3
BRDA:348,0,0,3
BRDA:348,0,1,9
BRDA:349,0,0,3
BRDA:349,0,1,6
BRDA:370,0,0,3
BRDA:370,0,1,9
BRDA:375,0,0,6
BRDA:375,0,1,3
BRDA:380,0,0,3
BRDA:380,0,1,3
BRDA:412,0,0,3
BRDA:412,0,1,3
BRDA:439,0,0,3
BRDA:439,0,1,9
BRDA:443,0,0,3
BRDA:443,0,1,6
BRDA:453,0,0,3
BRDA:453,0,1,3
BRF:56
BRH:56
DA:78,9
DA:84,9
DA:85,9
DA:87,6
DA:89,6
DA:90,6
DA:92,6
DA:95,9
DA:97,6
DA:100,9
DA:103,6
DA:106,9
DA:108,3
DA:111,9
DA:124,9
DA:128,9
DA:130,6
DA:132,3
DA:137,9
DA:138,9
DA:152,3
DA:154,3
DA:155,3
DA:164,24
DA:181,24
DA:182,21
DA:183,18
DA:184,12
DA:187,6
DA:188,6
DA:190,3
DA:193,3
DA:195,3
DA:196,3
DA:197,3
DA:198,3
DA:201,3
DA:204,3
DA:207,3
DA:210,6
DA:219,12
DA:226,12
DA:227,12
DA:228,12
DA:230,9
DA:233,9
DA:235,9
DA:238,9
DA:244,12
DA:246,3
DA:249,12
DA:258,15
DA:263,15
DA:264,15
DA:266,12
DA:269,12
DA:273,15
DA:276,15
DA:284,3
DA:287,3
DA:296,9
DA:302,9
DA:303,9
DA:305,6
DA:307,6
DA:309,6
DA:313,3
DA:316,6
DA:319,9
DA:328,3
DA:332,3
DA:334,3
DA:343,12
DA:348,12
DA:349,9
DA:351,6
DA:353,6
DA:362,12
DA:370,12
DA:372,9
DA:374,9
DA:375,9
DA:377,6
DA:378,6
DA:380,6
DA:382,3
DA:383,3
DA:385,6
DA:386,6
DA:387,6
DA:389,6
DA:391,6
DA:394,9
DA:403,6
DA:410,6
DA:411,6
DA:412,6
DA:414,3
DA:419,3
DA:421,3
DA:424,6
DA:433,12
DA:439,12
DA:442,9
DA:443,9
DA:445,3
DA:448,6
DA:453,6
DA:455,3
DA:457,3
DA:460,6
LF:111
LH:111
end_of_record
TN:
SF:/home/cfs/opensource_cFS/cFS/osal/src/os/shared/src/osapi-time.c
FN:204,211,OS_TimerAdd
FN:218,228,OS_Timer_NoArgCallback
FN:236,298,OS_TimerCreate
FN:306,368,OS_TimerSet
FN:376,470,OS_TimerDelete
FN:478,500,OS_TimerGetIdByName
FN:508,548,OS_TimerGetInfo
FN:73,77,OS_TimerCbAPI_Init
FN:90,196,OS_DoTimerAdd
FNDA:42,OS_TimerAdd
FNDA:3,OS_Timer_NoArgCallback
FNDA:27,OS_TimerCreate
FNDA:27,OS_TimerSet
FNDA:21,OS_TimerDelete
FNDA:15,OS_TimerGetIdByName
FNDA:12,OS_TimerGetInfo
FNDA:3,OS_TimerCbAPI_Init
FNDA:51,OS_DoTimerAdd
FNF:9
FNH:9
BRDA:111,0,0,3
BRDA:111,0,1,48
BRDA:112,0,0,3
BRDA:112,0,1,45
BRDA:112,0,2,3
BRDA:112,0,3,42
BRDA:113,0,0,3
BRDA:113,0,1,39
BRDA:120,0,0,3
BRDA:120,0,1,36
BRDA:132,0,0,6
BRDA:132,0,1,30
BRDA:139,0,0,27
BRDA:139,0,1,3
BRDA:166,0,0,24
BRDA:166,0,1,3
BRDA:174,0,0,21
BRDA:174,0,1,3
BRDA:250,0,0,3
BRDA:250,0,1,24
BRDA:251,0,0,3
BRDA:251,0,1,21
BRDA:251,0,2,3
BRDA:251,0,3,18
BRDA:252,0,0,3
BRDA:252,0,1,15
BRDA:253,0,0,3
BRDA:253,0,1,12
BRDA:259,0,0,3
BRDA:259,0,1,9
BRDA:288,0,0,3
BRDA:288,0,1,6
BRDA:316,0,0,3
BRDA:316,0,1,24
BRDA:317,0,0,3
BRDA:317,0,1,21
BRDA:318,0,0,18
BRDA:318,0,1,3
BRDA:318,0,2,3
BRDA:318,0,3,15
BRDA:325,0,0,3
BRDA:325,0,1,15
BRDA:331,0,0,12
BRDA:331,0,1,3
BRDA:337,0,0,9
BRDA:337,0,1,3
BRDA:363,0,0,12
BRDA:363,0,1,3
BRDA:363,0,2,9
BRDA:363,0,3,3
BRDA:396,0,0,3
BRDA:396,0,1,18
BRDA:402,0,0,15
BRDA:402,0,1,3
BRDA:414,0,0,3
BRDA:414,0,1,12
BRDA:422,0,0,9
BRDA:422,0,1,6
BRDA:424,0,0,3
BRDA:424,0,1,6
BRDA:434,0,0,12
BRDA:434,0,1,3
BRDA:440,0,0,12
BRDA:440,0,1,3
BRDA:464,0,0,15
BRDA:464,0,1,3
BRDA:464,0,2,3
BRDA:464,0,3,12
BRDA:484,0,0,3
BRDA:484,0,1,12
BRDA:485,0,0,3
BRDA:485,0,1,9
BRDA:492,0,0,3
BRDA:492,0,1,6
BRDA:518,0,0,3
BRDA:518,0,1,9
BRDA:525,0,0,3
BRDA:525,0,1,6
BRDA:533,0,0,3
BRDA:533,0,1,3
BRF:80
BRH:80
DA:73,3
DA:75,3
DA:76,3
DA:90,51
DA:111,51
DA:112,48
DA:113,42
DA:119,39
DA:120,39
DA:122,3
DA:131,36
DA:132,36
DA:134,6
DA:138,30
DA:139,30
DA:141,27
DA:142,27
DA:145,27
DA:152,27
DA:154,27
DA:155,27
DA:156,27
DA:157,27
DA:158,27
DA:164,27
DA:166,27
DA:169,24
DA:171,24
DA:172,24
DA:174,24
DA:177,21
DA:178,21
DA:179,21
DA:183,27
DA:185,27
DA:188,27
DA:192,3
DA:195,30
DA:204,42
DA:210,42
DA:218,3
DA:226,3
DA:227,3
DA:228,3
DA:236,27
DA:250,27
DA:251,24
DA:252,18
DA:253,15
DA:258,12
DA:259,12
DA:261,3
DA:274,9
DA:275,9
DA:277,9
DA:288,9
DA:290,3
DA:294,6
DA:297,9
DA:306,27
DA:314,27
DA:316,27
DA:317,24
DA:318,21
DA:324,18
DA:325,18
DA:327,3
DA:330,15
DA:331,15
DA:333,12
DA:335,12
DA:337,12
DA:339,9
DA:342,12
DA:343,12
DA:345,12
DA:347,12
DA:363,15
DA:365,9
DA:367,15
DA:376,21
DA:388,21
DA:389,21
DA:395,21
DA:396,21
DA:398,3
DA:401,18
DA:402,18
DA:404,15
DA:405,15
DA:407,15
DA:409,15
DA:414,15
DA:416,3
DA:422,15
DA:424,9
DA:426,3
DA:430,6
DA:434,15
DA:437,12
DA:438,12
DA:440,15
DA:443,12
DA:444,12
DA:447,15
DA:448,15
DA:450,15
DA:453,15
DA:459,18
DA:464,18
DA:466,3
DA:469,18
DA:478,15
DA:484,15
DA:485,12
DA:491,9
DA:492,9
DA:494,3
DA:497,6
DA:499,6
DA:508,12
DA:518,12
DA:524,9
DA:525,9
DA:527,3
DA:530,6
DA:532,6
DA:533,6
DA:535,3
DA:536,3
DA:537,3
DA:539,3
DA:540,3
DA:541,3
DA:542,3
DA:544,3
DA:547,6
LF:137
LH:137
end_of_record
TN:
SF:/home/cfs/opensource_cFS/cFS/osal/src/os/shared/src/osapi-timebase.c
FN:156,207,OS_TimeBaseSet
FN:215,241,OS_TimeBaseDelete
FN:249,271,OS_TimeBaseGetIdByName
FN:279,320,OS_TimeBaseGetInfo
FN:328,346,OS_TimeBaseGetFreeRun
FN:365,510,OS_TimeBase_CallbackThread
FN:519,538,OS_Milli2Ticks
FN:81,85,OS_TimeBaseAPI_Init
FN:93,148,OS_TimeBaseCreate
FNDA:18,OS_TimeBaseSet
FNDA:9,OS_TimeBaseDelete
FNDA:18,OS_TimeBaseGetIdByName
FNDA:12,OS_TimeBaseGetInfo
FNDA:9,OS_TimeBaseGetFreeRun
FNDA:12,OS_TimeBase_CallbackThread
FNDA:12,OS_Milli2Ticks
FNDA:3,OS_TimeBaseAPI_Init
FNDA:21,OS_TimeBaseCreate
FNF:9
FNH:9
BRDA:108,0,0,3
BRDA:108,0,1,18
BRDA:109,0,0,3
BRDA:109,0,1,15
BRDA:109,0,2,3
BRDA:109,0,3,12
BRDA:116,0,0,3
BRDA:116,0,1,9
BRDA:123,0,0,6
BRDA:123,0,1,3
BRDA:131,0,0,3
BRDA:131,0,1,3
BRDA:171,0,0,3
BRDA:171,0,1,15
BRDA:172,0,0,3
BRDA:172,0,1,12
BRDA:179,0,0,3
BRDA:179,0,1,9
BRDA:185,0,0,6
BRDA:185,0,1,3
BRDA:194,0,0,3
BRDA:194,0,1,3
BRDA:226,0,0,3
BRDA:226,0,1,6
BRDA:232,0,0,3
BRDA:232,0,1,3
BRDA:255,0,0,3
BRDA:255,0,1,15
BRDA:256,0,0,3
BRDA:256,0,1,12
BRDA:256,0,2,3
BRDA:256,0,3,9
BRDA:263,0,0,3
BRDA:263,0,1,6
BRDA:288,0,0,3
BRDA:288,0,1,9
BRDA:295,0,0,3
BRDA:295,0,1,6
BRDA:303,0,0,3
BRDA:303,0,1,3
BRDA:335,0,0,3
BRDA:335,0,1,6
BRDA:338,0,0,3
BRDA:338,0,1,3
BRDA:386,0,0,3
BRDA:386,0,1,9
BRDA:421,0,0,66
BRDA:421,0,1,33
BRDA:426,0,0,12
BRDA:426,0,1,21
BRDA:441,0,0,3
BRDA:441,0,1,18
BRDA:454,0,0,9
BRDA:454,0,1,90
BRDA:461,0,0,87
BRDA:461,0,1,3
BRDA:468,0,0,132
BRDA:468,0,1,60
BRDA:477,0,0,75
BRDA:477,0,1,57
BRDA:489,0,0,75
BRDA:489,0,1,57
BRDA:489,0,2,3
BRDA:489,0,3,72
BRDA:497,0,0,51
BRDA:497,0,1,81
BRDA:505,0,0,108
BRDA:505,0,1,3
BRDA:505,0,2,24
BRDA:505,0,3,84
BRDA:527,0,0,6
BRDA:527,0,1,6
BRF:72
BRH:72
DA:81,3
DA:83,3
DA:84,3
DA:93,21
DA:108,21
DA:109,18
DA:115,12
DA:116,12
DA:118,3
DA:122,9
DA:123,9
DA:125,6
DA:128,6
DA:130,6
DA:131,6
DA:133,3
DA:137,3
DA:141,6
DA:144,6
DA:147,9
DA:156,18
DA:171,18
DA:172,15
DA:178,12
DA:179,12
DA:181,3
DA:184,9
DA:185,9
DA:187,6
DA:190,6
DA:192,6
DA:194,6
DA:197,3
DA:198,3
DA:201,6
DA:203,6
DA:206,9
DA:215,9
DA:225,9
DA:226,9
DA:228,3
DA:231,6
DA:232,6
DA:234,3
DA:237,3
DA:240,6
DA:249,18
DA:255,18
DA:256,15
DA:262,9
DA:263,9
DA:265,3
DA:268,6
DA:270,6
DA:279,12
DA:288,12
DA:294,9
DA:295,9
DA:297,3
DA:300,6
DA:302,6
DA:303,6
DA:305,3
DA:306,3
DA:308,3
DA:309,3
DA:310,3
DA:311,3
DA:312,3
DA:314,3
DA:316,3
DA:319,6
DA:328,9
DA:335,9
DA:337,6
DA:338,6
DA:340,3
DA:342,3
DA:345,6
DA:365,12
DA:383,12
DA:386,12
DA:389,3
DA:392,9
DA:393,9
DA:395,9
DA:396,9
DA:398,9
DA:406,99
DA:421,99
DA:424,66
DA:426,33
DA:429,12
DA:439,21
DA:441,21
DA:443,3
DA:448,99
DA:454,99
DA:456,9
DA:457,9
DA:460,90
DA:461,90
DA:465,111
DA:466,111
DA:467,111
DA:468,192
DA:470,132
DA:477,132
DA:479,75
DA:480,75
DA:489,132
DA:491,3
DA:497,132
DA:499,51
DA:503,111
DA:505,111
DA:508,90
DA:519,12
DA:522,12
DA:524,12
DA:527,12
DA:529,6
DA:533,6
DA:534,6
DA:537,12
LF:125
LH:125
end_of_record
TN:
SF:/home/cfs/opensource_cFS/cFS/osal/src/os/shared/src/osapi-version.c
FN:38,41,OS_GetVersionString
FN:49,52,OS_GetVersionCodeName
FN:60,66,OS_GetVersionNumber
FN:74,77,OS_GetBuildNumber
FNDA:3,OS_GetVersionString
FNDA:3,OS_GetVersionCodeName
FNDA:3,OS_GetVersionNumber
FNDA:3,OS_GetBuildNumber
FNF:4
FNH:4
DA:38,3
DA:40,3
DA:49,3
DA:51,3
DA:60,3
DA:62,3
DA:63,3
DA:64,3
DA:65,3
DA:66,3
DA:74,3
DA:76,3
LF:12
LH:12
end_of_record
TN:
SF:/home/cfs/opensource_cFS/cFS/osal/src/os/vxworks/src/os-impl-binsem.c
FN:115,123,OS_BinSemGive_Impl
FN:131,145,OS_BinSemFlush_Impl
FN:153,161,OS_BinSemTake_Impl
FN:169,185,OS_BinSemTimedWait_Impl
FN:193,197,OS_BinSemGetInfo_Impl
FN:56,60,OS_VxWorks_BinSemAPI_Impl_Init
FN:68,88,OS_BinSemCreate_Impl
FN:96,107,OS_BinSemDelete_Impl
FNDA:6,OS_BinSemGive_Impl
FNDA:6,OS_BinSemFlush_Impl
FNDA:3,OS_BinSemTake_Impl
FNDA:9,OS_BinSemTimedWait_Impl
FNDA:3,OS_BinSemGetInfo_Impl
FNDA:3,OS_VxWorks_BinSemAPI_Impl_Init
FNDA:6,OS_BinSemCreate_Impl
FNDA:3,OS_BinSemDelete_Impl
FNF:8
FNH:8
BRDA:80,0,0,3
BRDA:80,0,1,3
BRDA:138,0,0,3
BRDA:138,0,1,3
BRDA:179,0,0,6
BRDA:179,0,1,3
BRF:6
BRH:6
DA:56,3
DA:58,3
DA:59,3
DA:68,6
DA:73,6
DA:77,6
DA:80,6
DA:83,3
DA:86,3
DA:87,3
DA:96,3
DA:100,3
DA:105,3
DA:106,3
DA:115,6
DA:119,6
DA:122,6
DA:131,6
DA:135,6
DA:138,6
DA:141,3
DA:144,3
DA:153,3
DA:157,3
DA:160,3
DA:169,9
DA:175,9
DA:177,9
DA:179,9
DA:181,6
DA:184,9
DA:193,3
DA:196,3
LF:33
LH:33
end_of_record
TN:
SF:/home/cfs/opensource_cFS/cFS/osal/src/os/vxworks/src/os-impl-common.c
FN:112,117,OS_IdleLoop_Impl
FN:125,128,OS_ApplicationShutdown_Impl
FN:148,157,OS_VxWorks_GenericSemGive
FN:164,190,OS_VxWorks_GenericSemTake
FN:60,104,OS_API_Impl_Init
FNDA:3,OS_IdleLoop_Impl
FNDA:3,OS_ApplicationShutdown_Impl
FNDA:6,OS_VxWorks_GenericSemGive
FNDA:15,OS_VxWorks_GenericSemTake
FNDA:33,OS_API_Impl_Init
FNF:5
FNH:5
BRDA:65,0,0,3
BRDA:65,0,1,30
BRDA:70,0,0,3
BRDA:70,0,1,3
BRDA:70,0,2,3
BRDA:70,0,3,3
BRDA:70,0,4,3
BRDA:70,0,5,3
BRDA:70,0,6,3
BRDA:70,0,7,3
BRDA:70,0,8,3
BRDA:70,0,9,3
BRDA:151,0,0,3
BRDA:151,0,1,3
BRDA:170,0,0,12
BRDA:170,0,1,3
BRDA:180,0,0,9
BRDA:180,0,1,3
BRDA:180,0,2,6
BRDA:180,0,3,3
BRDA:180,0,4,3
BRDA:180,0,5,3
BRF:22
BRH:22
DA:60,33
DA:64,33
DA:65,33
DA:67,3
DA:70,30
DA:72,3
DA:73,3
DA:74,3
DA:75,3
DA:76,3
DA:77,3
DA:78,3
DA:79,3
DA:80,3
DA:81,3
DA:82,3
DA:83,3
DA:84,3
DA:85,3
DA:86,3
DA:87,3
DA:88,3
DA:89,3
DA:90,3
DA:91,3
DA:92,3
DA:93,3
DA:94,3
DA:95,3
DA:96,3
DA:97,3
DA:98,3
DA:99,3
DA:100,3
DA:103,30
DA:112,3
DA:114,3
DA:115,3
DA:116,3
DA:117,3
DA:125,3
DA:127,3
DA:128,3
DA:148,6
DA:151,6
DA:154,3
DA:156,3
DA:164,15
DA:169,15
DA:170,15
DA:180,12
DA:182,6
DA:186,6
DA:189,3
LF:54
LH:54
end_of_record
TN:
SF:/home/cfs/opensource_cFS/cFS/osal/src/os/vxworks/src/os-impl-console.c
FN:118,177,OS_ConsoleCreate_Impl
FN:67,78,OS_ConsoleWakeup_Impl
FN:85,110,OS_VxWorks_ConsoleTask_Entry
FNDA:15,OS_ConsoleCreate_Impl
FNDA:6,OS_ConsoleWakeup_Impl
FNDA:9,OS_VxWorks_ConsoleTask_Entry
FNF:3
FNH:3
BRDA:90,0,0,6
BRDA:90,0,1,3
BRDA:96,0,0,6
BRDA:96,0,1,3
BRDA:99,0,0,3
BRDA:99,0,1,3
BRDA:124,0,0,12
BRDA:124,0,1,3
BRDA:131,0,0,9
BRDA:131,0,1,3
BRDA:140,0,0,3
BRDA:140,0,1,6
BRDA:163,0,0,3
BRDA:163,0,1,3
BRF:14
BRH:14
DA:67,6
DA:71,6
DA:74,6
DA:78,6
DA:85,9
DA:90,9
DA:93,6
DA:96,9
DA:98,6
DA:99,6
DA:102,3
DA:105,6
DA:109,9
DA:118,15
DA:124,15
DA:126,12
DA:128,12
DA:129,12
DA:131,12
DA:137,9
DA:140,9
DA:143,3
DA:147,6
DA:152,6
DA:163,6
DA:166,3
DA:173,3
DA:176,12
LF:28
LH:28
end_of_record
TN:
SF:/home/cfs/opensource_cFS/cFS/osal/src/os/vxworks/src/os-impl-countsem.c
FN:114,122,OS_CountSemGive_Impl
FN:130,137,OS_CountSemTake_Impl
FN:145,161,OS_CountSemTimedWait_Impl
FN:169,173,OS_CountSemGetInfo_Impl
FN:55,59,OS_VxWorks_CountSemAPI_Impl_Init
FN:67,87,OS_CountSemCreate_Impl
FN:95,106,OS_CountSemDelete_Impl
FNDA:3,OS_CountSemGive_Impl
FNDA:3,OS_CountSemTake_Impl
FNDA:6,OS_CountSemTimedWait_Impl
FNDA:3,OS_CountSemGetInfo_Impl
FNDA:3,OS_VxWorks_CountSemAPI_Impl_Init
FNDA:6,OS_CountSemCreate_Impl
FNDA:3,OS_CountSemDelete_Impl
FNF:7
FNH:7
BRDA:79,0,0,3
BRDA:79,0,1,3
BRDA:155,0,0,3
BRDA:155,0,1,3
BRF:4
BRH:4
DA:55,3
DA:57,3
DA:58,3
DA:67,6
DA:72,6
DA:76,6
DA:79,6
DA:82,3
DA:85,3
DA:86,3
DA:95,3
DA:99,3
DA:104,3
DA:105,3
DA:114,3
DA:118,3
DA:121,3
DA:130,3
DA:134,3
DA:136,3
DA:145,6
DA:151,6
DA:153,6
DA:155,6
DA:157,3
DA:160,6
DA:169,3
DA:172,3
LF:28
LH:28
end_of_record
TN:
SF:/home/cfs/opensource_cFS/cFS/osal/src/os/vxworks/src/os-impl-dirs-globals.c
FN:44,48,OS_VxWorks_DirAPI_Impl_Init
FNDA:3,OS_VxWorks_DirAPI_Impl_Init
FNF:1
FNH:1
DA:44,3
DA:46,3
DA:47,3
LF:3
LH:3
end_of_record
TN:
SF:/home/cfs/opensource_cFS/cFS/osal/src/os/vxworks/src/os-impl-files.c
FN:46,61,OS_VxWorks_StreamAPI_Impl_Init
FNDA:3,OS_VxWorks_StreamAPI_Impl_Init
FNF:1
FNH:1
BRDA:54,0,0,150
BRDA:54,0,1,3
BRF:2
BRH:2
DA:46,3
DA:54,153
DA:56,150
DA:57,150
DA:60,3
LF:5
LH:5
end_of_record
TN:
SF:/home/cfs/opensource_cFS/cFS/osal/src/os/vxworks/src/os-impl-filesys.c
FN:198,229,OS_FileSysStopVolume_Impl
FN:237,279,OS_FileSysFormatVolume_Impl
FN:287,351,OS_FileSysMountVolume_Impl
FN:359,398,OS_FileSysUnmountVolume_Impl
FN:406,428,OS_FileSysStatVolume_Impl
FN:436,473,OS_FileSysCheckVolume_Impl
FN:76,190,OS_FileSysStartVolume_Impl
FNDA:12,OS_FileSysStopVolume_Impl
FNDA:12,OS_FileSysFormatVolume_Impl
FNDA:18,OS_FileSysMountVolume_Impl
FNDA:12,OS_FileSysUnmountVolume_Impl
FNDA:6,OS_FileSysStatVolume_Impl
FNDA:9,OS_FileSysCheckVolume_Impl
FNDA:21,OS_FileSysStartVolume_Impl
FNF:7
FNH:7
BRDA:87,0,0,3
BRDA:87,0,1,12
BRDA:87,0,2,6
BRDA:130,0,0,12
BRDA:130,0,1,9
BRDA:137,0,0,3
BRDA:137,0,1,9
BRDA:143,0,0,3
BRDA:143,0,1,6
BRDA:155,0,0,3
BRDA:155,0,1,3
BRDA:206,0,0,9
BRDA:206,0,1,3
BRDA:211,0,0,6
BRDA:211,0,1,3
BRDA:211,0,2,3
BRDA:211,0,3,3
BRDA:245,0,0,3
BRDA:245,0,1,6
BRDA:245,0,2,3
BRDA:263,0,0,3
BRDA:263,0,1,3
BRDA:303,0,0,12
BRDA:303,0,1,6
BRDA:305,0,0,6
BRDA:305,0,1,6
BRDA:307,0,0,3
BRDA:307,0,1,3
BRDA:320,0,0,3
BRDA:320,0,1,3
BRDA:339,0,0,3
BRDA:339,0,1,3
BRDA:367,0,0,3
BRDA:367,0,1,9
BRDA:378,0,0,3
BRDA:378,0,1,6
BRDA:384,0,0,3
BRDA:384,0,1,3
BRDA:414,0,0,3
BRDA:414,0,1,3
BRDA:446,0,0,3
BRDA:446,0,1,6
BRDA:452,0,0,3
BRDA:452,0,1,3
BRDA:467,0,0,3
BRDA:467,0,1,3
BRF:46
BRH:46
DA:76,21
DA:82,21
DA:83,21
DA:85,21
DA:86,21
DA:87,21
DA:89,3
DA:93,3
DA:94,3
DA:97,12
DA:106,12
DA:107,12
DA:108,12
DA:126,6
DA:127,6
DA:130,21
DA:137,12
DA:141,3
DA:143,9
DA:147,3
DA:154,6
DA:155,6
DA:157,3
DA:182,3
DA:184,3
DA:189,21
DA:198,12
DA:203,12
DA:204,12
DA:206,12
DA:208,9
DA:211,9
DA:213,3
DA:214,3
DA:215,3
DA:217,9
DA:219,3
DA:220,3
DA:228,12
DA:237,12
DA:240,12
DA:243,12
DA:245,12
DA:247,3
DA:253,3
DA:254,3
DA:256,6
DA:262,6
DA:263,6
DA:266,3
DA:270,3
DA:272,6
DA:274,3
DA:275,3
DA:278,12
DA:287,18
DA:294,18
DA:303,18
DA:305,12
DA:307,6
DA:310,3
DA:315,3
DA:320,6
DA:323,3
DA:328,3
DA:338,6
DA:339,6
DA:341,3
DA:345,3
DA:346,3
DA:350,18
DA:359,12
DA:365,12
DA:367,12
DA:370,3
DA:377,9
DA:378,9
DA:380,3
DA:384,6
DA:386,3
DA:390,3
DA:393,6
DA:397,12
DA:406,6
DA:412,6
DA:414,6
DA:416,3
DA:417,3
DA:421,3
DA:422,3
DA:423,3
DA:424,3
DA:427,6
DA:436,9
DA:443,9
DA:445,9
DA:446,9
DA:448,3
DA:452,6
DA:454,3
DA:458,3
DA:461,6
DA:463,6
DA:465,6
DA:467,6
DA:469,3
DA:472,3
LF:107
LH:107
end_of_record
TN:
SF:/home/cfs/opensource_cFS/cFS/osal/src/os/vxworks/src/os-impl-heap.c
FN:44,61,OS_HeapGetInfo_Impl
FNDA:6,OS_HeapGetInfo_Impl
FNF:1
FNH:1
BRDA:51,0,0,3
BRDA:51,0,1,3
BRF:2
BRH:2
DA:44,6
DA:49,6
DA:51,6
DA:53,3
DA:56,3
DA:57,3
DA:58,3
DA:60,3
LF:8
LH:8
end_of_record
TN:
SF:/home/cfs/opensource_cFS/cFS/osal/src/os/vxworks/src/os-impl-idmap.c
FN:120,133,OS_Unlock_Global_Impl
FN:141,157,OS_WaitForStateChange_Impl
FN:169,192,OS_VxWorks_TableMutex_Init
FN:99,112,OS_Lock_Global_Impl
FNDA:15,OS_Unlock_Global_Impl
FNDA:6,OS_WaitForStateChange_Impl
FNDA:9,OS_VxWorks_TableMutex_Init
FNDA:15,OS_Lock_Global_Impl
FNF:4
FNH:4
BRDA:105,0,0,12
BRDA:105,0,1,3
BRDA:126,0,0,12
BRDA:126,0,1,3
BRDA:145,0,0,3
BRDA:145,0,1,3
BRDA:175,0,0,3
BRDA:175,0,1,6
BRDA:183,0,0,3
BRDA:183,0,1,3
BRF:10
BRH:10
DA:99,15
DA:103,15
DA:105,15
DA:107,12
DA:112,15
DA:120,15
DA:124,15
DA:126,15
DA:128,12
DA:133,15
DA:141,6
DA:145,6
DA:147,3
DA:151,3
DA:154,6
DA:155,6
DA:156,6
DA:157,6
DA:169,9
DA:174,9
DA:175,9
DA:177,3
DA:181,6
DA:183,6
DA:186,3
DA:189,3
DA:191,3
LF:27
LH:27
end_of_record
TN:
SF:/home/cfs/opensource_cFS/cFS/osal/src/os/vxworks/src/os-impl-loader.c
FN:124,142,OS_ModuleUnload_Impl
FN:150,184,OS_ModuleGetInfo_Impl
FN:53,57,OS_VxWorks_ModuleAPI_Impl_Init
FN:69,116,OS_ModuleLoad_Impl
FNDA:6,OS_ModuleUnload_Impl
FNDA:6,OS_ModuleGetInfo_Impl
FNDA:3,OS_VxWorks_ModuleAPI_Impl_Init
FNDA:9,OS_ModuleLoad_Impl
FNF:4
FNH:4
BRDA:86,0,0,3
BRDA:86,0,1,6
BRDA:98,0,0,3
BRDA:98,0,1,3
BRDA:135,0,0,3
BRDA:135,0,1,3
BRDA:165,0,0,3
BRDA:165,0,1,3
BRF:8
BRH:8
DA:53,3
DA:55,3
DA:56,3
DA:69,9
DA:76,9
DA:85,9
DA:86,9
DA:89,3
DA:96,6
DA:98,6
DA:101,3
DA:105,3
DA:106,3
DA:112,6
DA:115,9
DA:124,6
DA:129,6
DA:134,6
DA:135,6
DA:138,3
DA:141,3
DA:150,6
DA:157,6
DA:159,6
DA:164,6
DA:165,6
DA:168,3
DA:172,3
DA:173,3
DA:174,3
DA:175,3
DA:176,3
DA:177,3
DA:178,3
DA:180,3
DA:183,6
LF:36
LH:36
end_of_record
TN:
SF:/home/cfs/opensource_cFS/cFS/osal/src/os/vxworks/src/os-impl-mutex.c
FN:111,119,OS_MutSemGive_Impl
FN:127,135,OS_MutSemTake_Impl
FN:143,147,OS_MutSemGetInfo_Impl
FN:53,57,OS_VxWorks_MutexAPI_Impl_Init
FN:65,84,OS_MutSemCreate_Impl
FN:92,103,OS_MutSemDelete_Impl
FNDA:3,OS_MutSemGive_Impl
FNDA:3,OS_MutSemTake_Impl
FNDA:3,OS_MutSemGetInfo_Impl
FNDA:3,OS_VxWorks_MutexAPI_Impl_Init
FNDA:6,OS_MutSemCreate_Impl
FNDA:3,OS_MutSemDelete_Impl
FNF:6
FNH:6
BRDA:76,0,0,3
BRDA:76,0,1,3
BRF:2
BRH:2
DA:53,3
DA:55,3
DA:56,3
DA:65,6
DA:70,6
DA:74,6
DA:76,6
DA:79,3
DA:82,3
DA:83,3
DA:92,3
DA:96,3
DA:101,3
DA:102,3
DA:111,3
DA:115,3
DA:118,3
DA:127,3
DA:131,3
DA:134,3
DA:143,3
DA:146,3
LF:22
LH:22
end_of_record
TN:
SF:/home/cfs/opensource_cFS/cFS/osal/src/os/vxworks/src/os-impl-network.c
FN:42,57,OS_NetworkGetHostName_Impl
FN:65,86,OS_NetworkGetID_Impl
FNDA:15,OS_NetworkGetHostName_Impl
FNDA:9,OS_NetworkGetID_Impl
FNF:2
FNH:2
BRDA:46,0,0,6
BRDA:46,0,1,9
BRDA:72,0,0,6
BRDA:72,0,1,3
BRDA:75,0,0,3
BRDA:75,0,1,3
BRF:6
BRH:6
DA:42,15
DA:46,15
DA:48,6
DA:52,9
DA:53,9
DA:56,15
DA:65,9
DA:71,9
DA:72,9
DA:74,6
DA:75,6
DA:77,3
DA:81,3
DA:85,9
LF:14
LH:14
end_of_record
TN:
SF:/home/cfs/opensource_cFS/cFS/osal/src/os/vxworks/src/os-impl-queues.c
FN:118,171,OS_QueueGet_Impl
FN:179,201,OS_QueuePut_Impl
FN:209,213,OS_QueueGetInfo_Impl
FN:49,53,OS_VxWorks_QueueAPI_Impl_Init
FN:61,87,OS_QueueCreate_Impl
FN:95,110,OS_QueueDelete_Impl
FNDA:21,OS_QueueGet_Impl
FNDA:9,OS_QueuePut_Impl
FNDA:3,OS_QueueGetInfo_Impl
FNDA:3,OS_VxWorks_QueueAPI_Impl_Init
FNDA:6,OS_QueueCreate_Impl
FNDA:6,OS_QueueDelete_Impl
FNF:6
FNH:6
BRDA:79,0,0,3
BRDA:79,0,1,3
BRDA:102,0,0,3
BRDA:102,0,1,3
BRDA:128,0,0,3
BRDA:128,0,1,18
BRDA:132,0,0,12
BRDA:132,0,1,6
BRDA:139,0,0,3
BRDA:139,0,1,3
BRDA:147,0,0,9
BRDA:147,0,1,9
BRDA:150,0,0,3
BRDA:150,0,1,6
BRDA:154,0,0,3
BRDA:154,0,1,3
BRDA:186,0,0,3
BRDA:186,0,1,6
BRDA:190,0,0,3
BRDA:190,0,1,3
BRF:20
BRH:20
DA:49,3
DA:51,3
DA:52,3
DA:61,6
DA:69,6
DA:70,6
DA:72,6
DA:73,6
DA:76,6
DA:79,6
DA:82,3
DA:85,3
DA:86,3
DA:95,6
DA:99,6
DA:102,6
DA:105,3
DA:108,3
DA:109,3
DA:118,21
DA:125,21
DA:128,21
DA:130,3
DA:132,18
DA:134,12
DA:139,6
DA:141,3
DA:145,18
DA:147,18
DA:149,9
DA:150,9
DA:152,3
DA:154,6
DA:156,3
DA:161,3
DA:166,9
DA:167,9
DA:170,18
DA:179,9
DA:184,9
DA:186,9
DA:188,3
DA:190,6
DA:192,3
DA:197,3
DA:200,9
DA:209,3
DA:212,3
LF:48
LH:48
end_of_record
TN:
SF:/home/cfs/opensource_cFS/cFS/osal/src/os/vxworks/src/os-impl-shell.c
FN:54,111,OS_ShellOutputToFile_Impl
FNDA:12,OS_ShellOutputToFile_Impl
FNF:1
FNH:1
BRDA:70,0,0,3
BRDA:70,0,1,9
BRDA:75,0,0,6
BRDA:75,0,1,3
BRDA:96,0,0,6
BRDA:96,0,1,3
BRDA:102,0,0,3
BRDA:102,0,1,6
BRF:8
BRH:8
DA:54,12
DA:56,12
DA:64,12
DA:68,12
DA:70,12
DA:72,3
DA:75,9
DA:77,6
DA:78,6
DA:81,6
DA:82,6
DA:85,6
DA:96,9
DA:101,9
DA:102,9
DA:104,6
DA:108,9
DA:110,9
LF:18
LH:18
end_of_record
TN:
SF:/home/cfs/opensource_cFS/cFS/osal/src/os/vxworks/src/os-impl-sockets.c
FN:44,60,OS_VxWorks_SetSocketFlags_Impl
FNDA:6,OS_VxWorks_SetSocketFlags_Impl
FNF:1
FNH:1
DA:44,6
DA:49,6
DA:52,6
DA:53,6
DA:59,6
DA:60,6
LF:6
LH:6
end_of_record
TN:
SF:/home/cfs/opensource_cFS/cFS/osal/src/os/vxworks/src/os-impl-symtab.c
FN:110,113,OS_SymbolLookup_Impl
FN:121,131,OS_ModuleSymbolLookup_Impl
FN:151,217,OS_SymTableIterator_Impl
FN:225,268,OS_SymbolTableDump_Impl
FN:69,102,OS_GenericSymbolLookup_Impl
FNDA:12,OS_SymbolLookup_Impl
FNDA:12,OS_ModuleSymbolLookup_Impl
FNDA:15,OS_SymTableIterator_Impl
FNDA:9,OS_SymbolTableDump_Impl
FNDA:24,OS_GenericSymbolLookup_Impl
FNF:5
FNH:5
BRDA:77,0,0,18
BRDA:77,0,1,6
BRDA:77,0,2,6
BRDA:77,0,3,12
BRDA:96,0,0,6
BRDA:96,0,1,6
BRDA:173,0,0,3
BRDA:173,0,1,12
BRDA:183,0,0,3
BRDA:183,0,1,12
BRDA:205,0,0,3
BRDA:205,0,1,9
BRDA:242,0,0,3
BRDA:242,0,1,6
BRDA:261,0,0,6
BRDA:261,0,1,3
BRDA:261,0,2,3
BRDA:261,0,3,3
BRF:18
BRH:18
DA:69,24
DA:77,24
DA:79,12
DA:89,12
DA:90,12
DA:91,12
DA:93,12
DA:94,12
DA:96,12
DA:98,6
DA:101,6
DA:110,12
DA:112,12
DA:121,12
DA:130,12
DA:151,15
DA:162,15
DA:167,15
DA:168,15
DA:173,15
DA:175,3
DA:182,15
DA:183,15
DA:190,3
DA:191,3
DA:197,12
DA:202,12
DA:205,12
DA:207,3
DA:208,3
DA:211,9
DA:216,9
DA:225,9
DA:233,9
DA:235,9
DA:236,9
DA:241,9
DA:242,9
DA:245,3
DA:252,6
DA:254,6
DA:261,9
DA:264,3
DA:267,9
LF:44
LH:44
end_of_record
TN:
SF:/home/cfs/opensource_cFS/cFS/osal/src/os/vxworks/src/os-impl-tasks.c
FN:111,260,OS_TaskCreate_Impl
FN:268,288,OS_TaskDelete_Impl
FN:296,300,OS_TaskDetach_Impl
FN:308,311,OS_TaskExit_Impl
FN:319,336,OS_TaskDelay_Impl
FN:344,357,OS_TaskSetPriority_Impl
FN:365,380,OS_TaskMatch_Impl
FN:388,391,OS_TaskRegister_Impl
FN:399,418,OS_TaskGetId_Impl
FN:426,429,OS_TaskGetInfo_Impl
FN:437,444,OS_TaskValidateSystemData_Impl
FN:452,460,OS_TaskIdMatchSystemData_Impl
FN:83,88,OS_VxWorks_TaskEntry
FN:99,103,OS_VxWorks_TaskAPI_Impl_Init
FNDA:18,OS_TaskCreate_Impl
FNDA:6,OS_TaskDelete_Impl
FNDA:3,OS_TaskDetach_Impl
FNDA:3,OS_TaskExit_Impl
FNDA:9,OS_TaskDelay_Impl
FNDA:6,OS_TaskSetPriority_Impl
FNDA:6,OS_TaskMatch_Impl
FNDA:3,OS_TaskRegister_Impl
FNDA:9,OS_TaskGetId_Impl
FNDA:3,OS_TaskGetInfo_Impl
FNDA:9,OS_TaskValidateSystemData_Impl
FNDA:6,OS_TaskIdMatchSystemData_Impl
FNDA:3,OS_VxWorks_TaskEntry
FNDA:3,OS_VxWorks_TaskAPI_Impl_Init
FNF:14
FNH:14
BRDA:131,0,0,12
BRDA:131,0,1,6
BRDA:171,0,0,12
BRDA:171,0,1,6
BRDA:190,0,0,9
BRDA:190,0,1,3
BRDA:192,0,0,3
BRDA:192,0,1,6
BRDA:202,0,0,6
BRDA:202,0,1,3
BRDA:211,0,0,3
BRDA:211,0,1,15
BRDA:250,0,0,3
BRDA:250,0,1,12
BRDA:280,0,0,3
BRDA:280,0,1,3
BRDA:325,0,0,3
BRDA:325,0,1,6
BRDA:331,0,0,3
BRDA:331,0,1,3
BRDA:351,0,0,3
BRDA:351,0,1,3
BRDA:374,0,0,3
BRDA:374,0,1,3
BRDA:408,0,0,6
BRDA:408,0,1,3
BRDA:411,0,0,3
BRDA:411,0,1,3
BRDA:439,0,0,6
BRDA:439,0,1,3
BRDA:439,0,2,3
BRDA:439,0,3,3
BRF:32
BRH:32
DA:83,3
DA:85,3
DA:87,3
DA:99,3
DA:101,3
DA:102,3
DA:111,18
DA:122,18
DA:123,18
DA:130,18
DA:131,18
DA:133,12
DA:140,18
DA:141,18
DA:142,18
DA:171,18
DA:176,12
DA:177,12
DA:190,12
DA:192,9
DA:195,3
DA:196,3
DA:200,9
DA:202,9
DA:204,6
DA:208,12
DA:211,18
DA:214,3
DA:217,15
DA:220,15
DA:221,15
DA:222,15
DA:229,15
DA:232,15
DA:233,15
DA:239,15
DA:250,15
DA:252,3
DA:255,12
DA:257,12
DA:259,12
DA:268,6
DA:272,6
DA:280,6
DA:283,3
DA:286,3
DA:287,3
DA:296,3
DA:299,3
DA:308,3
DA:310,3
DA:311,3
DA:319,9
DA:325,9
DA:327,3
DA:331,6
DA:333,3
DA:335,3
DA:344,6
DA:348,6
DA:351,6
DA:353,3
DA:356,3
DA:365,6
DA:369,6
DA:374,6
DA:376,3
DA:379,3
DA:388,3
DA:390,3
DA:399,9
DA:405,9
DA:406,9
DA:408,9
DA:410,6
DA:411,6
DA:413,3
DA:417,9
DA:426,3
DA:428,3
DA:437,9
DA:439,9
DA:441,6
DA:443,3
DA:452,6
DA:454,6
DA:457,6
DA:459,6
LF:88
LH:88
end_of_record
TN:
SF:/home/cfs/opensource_cFS/cFS/osal/src/os/vxworks/src/os-impl-timebase.c
FN:109,116,OS_TimeBaseUnlock_Impl
FN:123,135,OS_VxWorks_UsecToTimespec
FN:143,196,OS_VxWorks_SigWait
FN:203,257,OS_VxWorks_RegisterTimer
FN:268,277,OS_VxWorks_TimeBaseTask
FN:288,321,OS_VxWorks_TimeBaseAPI_Impl_Init
FN:333,510,OS_TimeBaseCreate_Impl
FN:518,606,OS_TimeBaseSet_Impl
FN:614,638,OS_TimeBaseDelete_Impl
FN:646,649,OS_TimeBaseGetInfo_Impl
FN:94,101,OS_TimeBaseLock_Impl
FNDA:3,OS_TimeBaseUnlock_Impl
FNDA:36,OS_VxWorks_UsecToTimespec
FNDA:18,OS_VxWorks_SigWait
FNDA:15,OS_VxWorks_RegisterTimer
FNDA:3,OS_VxWorks_TimeBaseTask
FNDA:6,OS_VxWorks_TimeBaseAPI_Impl_Init
FNDA:15,OS_TimeBaseCreate_Impl
FNDA:18,OS_TimeBaseSet_Impl
FNDA:6,OS_TimeBaseDelete_Impl
FNDA:3,OS_TimeBaseGetInfo_Impl
FNDA:3,OS_TimeBaseLock_Impl
FNF:11
FNH:11
BRDA:125,0,0,21
BRDA:125,0,1,15
BRDA:153,0,0,15
BRDA:153,0,1,3
BRDA:180,0,0,12
BRDA:180,0,1,3
BRDA:180,0,2,9
BRDA:180,0,3,3
BRDA:182,0,0,3
BRDA:182,0,1,6
BRDA:212,0,0,12
BRDA:212,0,1,3
BRDA:216,0,0,6
BRDA:216,0,1,6
BRDA:241,0,0,3
BRDA:241,0,1,9
BRDA:297,0,0,3
BRDA:297,0,1,3
BRDA:369,0,0,6
BRDA:369,0,1,9
BRDA:378,0,0,30
BRDA:378,0,1,6
BRDA:380,0,0,12
BRDA:380,0,1,18
BRDA:381,0,0,6
BRDA:381,0,1,6
BRDA:388,0,0,54
BRDA:388,0,1,3
BRDA:390,0,0,3
BRDA:390,0,1,51
BRDA:398,0,0,3
BRDA:398,0,1,3
BRDA:425,0,0,12
BRDA:425,0,1,3
BRDA:435,0,0,3
BRDA:435,0,1,9
BRDA:452,0,0,9
BRDA:452,0,1,6
BRDA:471,0,0,3
BRDA:471,0,1,6
BRDA:490,0,0,303
BRDA:490,0,1,3
BRDA:490,0,2,300
BRDA:490,0,3,3
BRDA:500,0,0,3
BRDA:500,0,1,3
BRDA:528,0,0,3
BRDA:528,0,1,15
BRDA:546,0,0,9
BRDA:546,0,1,6
BRDA:563,0,0,6
BRDA:563,0,1,3
BRDA:600,0,0,9
BRDA:600,0,1,9
BRDA:600,0,2,6
BRDA:600,0,3,3
BRDA:623,0,0,3
BRDA:623,0,1,3
BRF:58
BRH:58
DA:94,3
DA:98,3
DA:100,3
DA:101,3
DA:109,3
DA:113,3
DA:115,3
DA:116,3
DA:123,36
DA:125,36
DA:127,21
DA:128,21
DA:132,15
DA:133,15
DA:135,36
DA:143,18
DA:151,18
DA:153,18
DA:155,15
DA:160,15
DA:180,15
DA:182,9
DA:185,3
DA:186,3
DA:190,6
DA:195,18
DA:203,15
DA:211,15
DA:212,15
DA:214,12
DA:216,12
DA:219,6
DA:223,6
DA:224,6
DA:225,6
DA:238,6
DA:241,12
DA:244,3
DA:248,9
DA:251,12
DA:257,15
DA:268,3
DA:272,3
DA:273,3
DA:274,3
DA:276,3
DA:288,6
DA:295,6
DA:297,6
DA:299,3
DA:302,3
DA:311,3
DA:318,3
DA:320,3
DA:333,15
DA:347,15
DA:349,15
DA:350,15
DA:352,15
DA:353,15
DA:354,15
DA:355,15
DA:356,15
DA:357,15
DA:358,15
DA:369,15
DA:376,6
DA:378,36
DA:380,30
DA:381,12
DA:384,6
DA:388,57
DA:390,54
DA:393,3
DA:394,3
DA:398,6
DA:402,3
DA:416,3
DA:421,3
DA:425,15
DA:434,12
DA:435,12
DA:438,3
DA:452,15
DA:454,9
DA:459,9
DA:471,9
DA:474,3
DA:489,6
DA:490,306
DA:492,300
DA:493,300
DA:500,6
DA:503,3
DA:504,3
DA:509,15
DA:518,18
DA:525,18
DA:528,18
DA:531,3
DA:535,15
DA:536,15
DA:541,15
DA:546,15
DA:562,9
DA:563,9
DA:565,6
DA:567,6
DA:568,6
DA:569,6
DA:571,6
DA:578,6
DA:588,3
DA:596,6
DA:600,18
DA:602,6
DA:605,18
DA:614,6
DA:619,6
DA:620,6
DA:623,6
DA:626,3
DA:627,3
DA:628,3
DA:634,6
DA:635,6
DA:637,6
DA:646,3
DA:648,3
LF:129
LH:129
end_of_record
